[2024-05-29T19:51:41.484+0000] {taskinstance.py:1165} INFO - Dependencies all met for <TaskInstance: 1_dag.extract_user manual__2024-05-29T19:51:28.502102+00:00 [queued]>
[2024-05-29T19:51:41.519+0000] {taskinstance.py:1165} INFO - Dependencies all met for <TaskInstance: 1_dag.extract_user manual__2024-05-29T19:51:28.502102+00:00 [queued]>
[2024-05-29T19:51:41.520+0000] {taskinstance.py:1362} INFO - 
--------------------------------------------------------------------------------
[2024-05-29T19:51:41.520+0000] {taskinstance.py:1363} INFO - Starting attempt 1 of 1
[2024-05-29T19:51:41.522+0000] {taskinstance.py:1364} INFO - 
--------------------------------------------------------------------------------
[2024-05-29T19:51:41.564+0000] {taskinstance.py:1383} INFO - Executing <Task(SimpleHttpOperator): extract_user> on 2024-05-29 19:51:28.502102+00:00
[2024-05-29T19:51:41.578+0000] {standard_task_runner.py:55} INFO - Started process 6362 to run task
[2024-05-29T19:51:41.589+0000] {standard_task_runner.py:82} INFO - Running: ['***', 'tasks', 'run', '1_dag', 'extract_user', 'manual__2024-05-29T19:51:28.502102+00:00', '--job-id', '39', '--raw', '--subdir', 'DAGS_FOLDER/1_dag.py', '--cfg-path', '/tmp/tmphdwacdsj']
[2024-05-29T19:51:41.594+0000] {standard_task_runner.py:83} INFO - Job 39: Subtask extract_user
[2024-05-29T19:51:41.767+0000] {task_command.py:376} INFO - Running <TaskInstance: 1_dag.extract_user manual__2024-05-29T19:51:28.502102+00:00 [running]> on host 4b56679d13b8
[2024-05-29T19:51:41.944+0000] {taskinstance.py:1592} INFO - Exporting the following env vars:
AIRFLOW_CTX_DAG_OWNER=***
AIRFLOW_CTX_DAG_ID=1_dag
AIRFLOW_CTX_TASK_ID=extract_user
AIRFLOW_CTX_EXECUTION_DATE=2024-05-29T19:51:28.502102+00:00
AIRFLOW_CTX_TRY_NUMBER=1
AIRFLOW_CTX_DAG_RUN_ID=manual__2024-05-29T19:51:28.502102+00:00
[2024-05-29T19:51:41.946+0000] {http.py:121} INFO - Calling HTTP method
[2024-05-29T19:51:41.961+0000] {base.py:71} INFO - Using connection ID 'user_api' for task execution.
[2024-05-29T19:51:41.964+0000] {http.py:148} INFO - Sending 'GET' to url: https://randomuser.me/api/
[2024-05-29T19:51:42.244+0000] {http.py:125} INFO - {"results":[{"gender":"male","name":{"title":"Mr","first":"Kenzo","last":"Dubois"},"location":{"street":{"number":5272,"name":"Montée du Chemin-Neuf"},"city":"Avignon","state":"Moselle","country":"France","postcode":91695,"coordinates":{"latitude":"-14.6054","longitude":"-15.5415"},"timezone":{"offset":"-8:00","description":"Pacific Time (US & Canada)"}},"email":"kenzo.dubois@example.com","login":{"uuid":"632822be-e18c-4741-b88a-41abea2384f2","username":"orangemouse362","password":"lionel","salt":"6fFXEre8","md5":"570eb8bc470f9a9f7cfdadf5506d74ac","sha1":"1185593a44eede5c7fe95d11b679145eba5e6aa1","sha256":"b815b053079a63ff601ba81bb79ad81d6dd767d1c464dc22d3e5504ee8effc1a"},"dob":{"date":"1950-04-10T15:07:29.517Z","age":74},"registered":{"date":"2015-01-19T23:44:33.626Z","age":9},"phone":"05-61-25-39-19","cell":"06-28-32-44-88","id":{"name":"INSEE","value":"1500300662922 46"},"picture":{"large":"https://randomuser.me/api/portraits/men/74.jpg","medium":"https://randomuser.me/api/portraits/med/men/74.jpg","thumbnail":"https://randomuser.me/api/portraits/thumb/men/74.jpg"},"nat":"FR"}],"info":{"seed":"508fa3e781606a97","results":1,"page":1,"version":"1.4"}}
[2024-05-29T19:51:42.294+0000] {taskinstance.py:1406} INFO - Marking task as SUCCESS. dag_id=1_dag, task_id=extract_user, execution_date=20240529T195128, start_date=20240529T195141, end_date=20240529T195142
[2024-05-29T19:51:42.342+0000] {local_task_job.py:164} INFO - Task exited with return code 0
[2024-05-29T19:51:42.429+0000] {local_task_job.py:273} INFO - 1 downstream tasks scheduled from follow-on schedule check
