[2024-05-30T06:38:59.395+0000] {taskinstance.py:1165} INFO - Dependencies all met for <TaskInstance: example_bash_operator.runme_2 scheduled__2024-05-29T00:00:00+00:00 [queued]>
[2024-05-30T06:38:59.599+0000] {taskinstance.py:1165} INFO - Dependencies all met for <TaskInstance: example_bash_operator.runme_2 scheduled__2024-05-29T00:00:00+00:00 [queued]>
[2024-05-30T06:38:59.606+0000] {taskinstance.py:1362} INFO - 
--------------------------------------------------------------------------------
[2024-05-30T06:38:59.658+0000] {taskinstance.py:1363} INFO - Starting attempt 1 of 1
[2024-05-30T06:38:59.659+0000] {taskinstance.py:1364} INFO - 
--------------------------------------------------------------------------------
[2024-05-30T06:38:59.766+0000] {taskinstance.py:1383} INFO - Executing <Task(BashOperator): runme_2> on 2024-05-29 00:00:00+00:00
[2024-05-30T06:38:59.874+0000] {standard_task_runner.py:55} INFO - Started process 7123 to run task
[2024-05-30T06:39:00.063+0000] {standard_task_runner.py:82} INFO - Running: ['***', 'tasks', 'run', 'example_bash_operator', 'runme_2', 'scheduled__2024-05-29T00:00:00+00:00', '--job-id', '63', '--raw', '--subdir', '/home/***/.local/lib/python3.7/site-packages/***/example_dags/example_bash_operator.py', '--cfg-path', '/tmp/tmpokiby04m']
[2024-05-30T06:39:00.112+0000] {standard_task_runner.py:83} INFO - Job 63: Subtask runme_2
[2024-05-30T06:39:01.834+0000] {task_command.py:376} INFO - Running <TaskInstance: example_bash_operator.runme_2 scheduled__2024-05-29T00:00:00+00:00 [running]> on host 4b56679d13b8
[2024-05-30T06:39:04.069+0000] {taskinstance.py:1592} INFO - Exporting the following env vars:
AIRFLOW_CTX_DAG_OWNER=***
AIRFLOW_CTX_DAG_ID=example_bash_operator
AIRFLOW_CTX_TASK_ID=runme_2
AIRFLOW_CTX_EXECUTION_DATE=2024-05-29T00:00:00+00:00
AIRFLOW_CTX_TRY_NUMBER=1
AIRFLOW_CTX_DAG_RUN_ID=scheduled__2024-05-29T00:00:00+00:00
[2024-05-30T06:39:04.151+0000] {subprocess.py:63} INFO - Tmp dir root location: 
 /tmp
[2024-05-30T06:39:04.164+0000] {subprocess.py:75} INFO - Running command: ['/bin/bash', '-c', 'echo "example_bash_operator__runme_2__20240529" && sleep 1']
[2024-05-30T06:39:04.318+0000] {subprocess.py:86} INFO - Output:
[2024-05-30T06:39:04.346+0000] {subprocess.py:93} INFO - example_bash_operator__runme_2__20240529
[2024-05-30T06:55:57.586+0000] {subprocess.py:97} INFO - Command exited with return code 0
[2024-05-30T06:56:00.991+0000] {taskinstance.py:1406} INFO - Marking task as SUCCESS. dag_id=example_bash_operator, task_id=runme_2, execution_date=20240529T000000, start_date=20240530T063859, end_date=20240530T065600
[2024-05-30T06:56:02.053+0000] {local_task_job.py:164} INFO - Task exited with return code 0
[2024-05-30T06:56:03.915+0000] {local_task_job.py:273} INFO - 0 downstream tasks scheduled from follow-on schedule check
