[2024-05-29T19:58:32.611+0000] {taskinstance.py:1165} INFO - Dependencies all met for <TaskInstance: 1_dag.store_user manual__2024-05-29T19:58:02.694171+00:00 [queued]>
[2024-05-29T19:58:32.673+0000] {taskinstance.py:1165} INFO - Dependencies all met for <TaskInstance: 1_dag.store_user manual__2024-05-29T19:58:02.694171+00:00 [queued]>
[2024-05-29T19:58:32.674+0000] {taskinstance.py:1362} INFO - 
--------------------------------------------------------------------------------
[2024-05-29T19:58:32.675+0000] {taskinstance.py:1363} INFO - Starting attempt 1 of 1
[2024-05-29T19:58:32.676+0000] {taskinstance.py:1364} INFO - 
--------------------------------------------------------------------------------
[2024-05-29T19:58:32.867+0000] {taskinstance.py:1383} INFO - Executing <Task(PythonOperator): store_user> on 2024-05-29 19:58:02.694171+00:00
[2024-05-29T19:58:32.908+0000] {standard_task_runner.py:55} INFO - Started process 6643 to run task
[2024-05-29T19:58:32.922+0000] {standard_task_runner.py:82} INFO - Running: ['***', 'tasks', 'run', '1_dag', 'store_user', 'manual__2024-05-29T19:58:02.694171+00:00', '--job-id', '61', '--raw', '--subdir', 'DAGS_FOLDER/1_dag.py', '--cfg-path', '/tmp/tmp8i_p96pn']
[2024-05-29T19:58:32.940+0000] {standard_task_runner.py:83} INFO - Job 61: Subtask store_user
[2024-05-29T19:58:33.179+0000] {task_command.py:376} INFO - Running <TaskInstance: 1_dag.store_user manual__2024-05-29T19:58:02.694171+00:00 [running]> on host 4b56679d13b8
[2024-05-29T19:58:33.692+0000] {taskinstance.py:1592} INFO - Exporting the following env vars:
AIRFLOW_CTX_DAG_OWNER=***
AIRFLOW_CTX_DAG_ID=1_dag
AIRFLOW_CTX_TASK_ID=store_user
AIRFLOW_CTX_EXECUTION_DATE=2024-05-29T19:58:02.694171+00:00
AIRFLOW_CTX_TRY_NUMBER=1
AIRFLOW_CTX_DAG_RUN_ID=manual__2024-05-29T19:58:02.694171+00:00
[2024-05-29T19:58:33.696+0000] {postgres.py:129} INFO - Running copy expert: COPY users FROM stdin with DELIMITER as ',' , filename: /tmp/processed_user.csv
[2024-05-29T19:58:33.726+0000] {base.py:71} INFO - Using connection ID 'postgres' for task execution.
[2024-05-29T19:58:33.745+0000] {python.py:177} INFO - Done. Returned value was: None
[2024-05-29T19:58:33.780+0000] {taskinstance.py:1406} INFO - Marking task as SUCCESS. dag_id=1_dag, task_id=store_user, execution_date=20240529T195802, start_date=20240529T195832, end_date=20240529T195833
[2024-05-29T19:58:33.849+0000] {local_task_job.py:164} INFO - Task exited with return code 0
[2024-05-29T19:58:33.904+0000] {local_task_job.py:273} INFO - 0 downstream tasks scheduled from follow-on schedule check
