[2024-05-29T19:56:53.051+0000] {taskinstance.py:1165} INFO - Dependencies all met for <TaskInstance: 1_dag.store_user manual__2024-05-29T19:56:26.238689+00:00 [queued]>
[2024-05-29T19:56:53.078+0000] {taskinstance.py:1165} INFO - Dependencies all met for <TaskInstance: 1_dag.store_user manual__2024-05-29T19:56:26.238689+00:00 [queued]>
[2024-05-29T19:56:53.094+0000] {taskinstance.py:1362} INFO - 
--------------------------------------------------------------------------------
[2024-05-29T19:56:53.095+0000] {taskinstance.py:1363} INFO - Starting attempt 1 of 1
[2024-05-29T19:56:53.096+0000] {taskinstance.py:1364} INFO - 
--------------------------------------------------------------------------------
[2024-05-29T19:56:53.136+0000] {taskinstance.py:1383} INFO - Executing <Task(PythonOperator): store_user> on 2024-05-29 19:56:26.238689+00:00
[2024-05-29T19:56:53.173+0000] {standard_task_runner.py:55} INFO - Started process 6572 to run task
[2024-05-29T19:56:53.204+0000] {standard_task_runner.py:82} INFO - Running: ['***', 'tasks', 'run', '1_dag', 'store_user', 'manual__2024-05-29T19:56:26.238689+00:00', '--job-id', '56', '--raw', '--subdir', 'DAGS_FOLDER/1_dag.py', '--cfg-path', '/tmp/tmp2jyoox5l']
[2024-05-29T19:56:53.226+0000] {standard_task_runner.py:83} INFO - Job 56: Subtask store_user
[2024-05-29T19:56:53.751+0000] {task_command.py:376} INFO - Running <TaskInstance: 1_dag.store_user manual__2024-05-29T19:56:26.238689+00:00 [running]> on host 4b56679d13b8
[2024-05-29T19:56:53.986+0000] {taskinstance.py:1592} INFO - Exporting the following env vars:
AIRFLOW_CTX_DAG_OWNER=***
AIRFLOW_CTX_DAG_ID=1_dag
AIRFLOW_CTX_TASK_ID=store_user
AIRFLOW_CTX_EXECUTION_DATE=2024-05-29T19:56:26.238689+00:00
AIRFLOW_CTX_TRY_NUMBER=1
AIRFLOW_CTX_DAG_RUN_ID=manual__2024-05-29T19:56:26.238689+00:00
[2024-05-29T19:56:53.992+0000] {postgres.py:129} INFO - Running copy expert: COPY users FROM stdin with DELIMITER as ',' , filename: /tmp/processed_user.csv
[2024-05-29T19:56:54.019+0000] {base.py:71} INFO - Using connection ID 'postgres' for task execution.
[2024-05-29T19:56:54.054+0000] {python.py:177} INFO - Done. Returned value was: None
[2024-05-29T19:56:54.114+0000] {taskinstance.py:1406} INFO - Marking task as SUCCESS. dag_id=1_dag, task_id=store_user, execution_date=20240529T195626, start_date=20240529T195653, end_date=20240529T195654
[2024-05-29T19:56:54.222+0000] {local_task_job.py:164} INFO - Task exited with return code 0
[2024-05-29T19:56:54.308+0000] {local_task_job.py:273} INFO - 0 downstream tasks scheduled from follow-on schedule check
