[2024-05-29T19:58:28.318+0000] {taskinstance.py:1165} INFO - Dependencies all met for <TaskInstance: 1_dag.process_user manual__2024-05-29T19:58:02.694171+00:00 [queued]>
[2024-05-29T19:58:28.347+0000] {taskinstance.py:1165} INFO - Dependencies all met for <TaskInstance: 1_dag.process_user manual__2024-05-29T19:58:02.694171+00:00 [queued]>
[2024-05-29T19:58:28.351+0000] {taskinstance.py:1362} INFO - 
--------------------------------------------------------------------------------
[2024-05-29T19:58:28.352+0000] {taskinstance.py:1363} INFO - Starting attempt 1 of 1
[2024-05-29T19:58:28.353+0000] {taskinstance.py:1364} INFO - 
--------------------------------------------------------------------------------
[2024-05-29T19:58:28.400+0000] {taskinstance.py:1383} INFO - Executing <Task(PythonOperator): process_user> on 2024-05-29 19:58:02.694171+00:00
[2024-05-29T19:58:28.413+0000] {standard_task_runner.py:55} INFO - Started process 6631 to run task
[2024-05-29T19:58:28.427+0000] {standard_task_runner.py:82} INFO - Running: ['***', 'tasks', 'run', '1_dag', 'process_user', 'manual__2024-05-29T19:58:02.694171+00:00', '--job-id', '60', '--raw', '--subdir', 'DAGS_FOLDER/1_dag.py', '--cfg-path', '/tmp/tmpv8_d6_fq']
[2024-05-29T19:58:28.431+0000] {standard_task_runner.py:83} INFO - Job 60: Subtask process_user
[2024-05-29T19:58:28.636+0000] {task_command.py:376} INFO - Running <TaskInstance: 1_dag.process_user manual__2024-05-29T19:58:02.694171+00:00 [running]> on host 4b56679d13b8
[2024-05-29T19:58:28.887+0000] {taskinstance.py:1592} INFO - Exporting the following env vars:
AIRFLOW_CTX_DAG_OWNER=***
AIRFLOW_CTX_DAG_ID=1_dag
AIRFLOW_CTX_TASK_ID=process_user
AIRFLOW_CTX_EXECUTION_DATE=2024-05-29T19:58:02.694171+00:00
AIRFLOW_CTX_TRY_NUMBER=1
AIRFLOW_CTX_DAG_RUN_ID=manual__2024-05-29T19:58:02.694171+00:00
[2024-05-29T19:58:28.953+0000] {python.py:177} INFO - Done. Returned value was: None
[2024-05-29T19:58:28.971+0000] {taskinstance.py:1406} INFO - Marking task as SUCCESS. dag_id=1_dag, task_id=process_user, execution_date=20240529T195802, start_date=20240529T195828, end_date=20240529T195828
[2024-05-29T19:58:29.138+0000] {local_task_job.py:164} INFO - Task exited with return code 0
[2024-05-29T19:58:29.216+0000] {local_task_job.py:273} INFO - 1 downstream tasks scheduled from follow-on schedule check
