[2024-05-29T19:53:46.760+0000] {taskinstance.py:1165} INFO - Dependencies all met for <TaskInstance: 1_dag.extract_user manual__2024-05-29T19:53:26.664891+00:00 [queued]>
[2024-05-29T19:53:46.908+0000] {taskinstance.py:1165} INFO - Dependencies all met for <TaskInstance: 1_dag.extract_user manual__2024-05-29T19:53:26.664891+00:00 [queued]>
[2024-05-29T19:53:46.914+0000] {taskinstance.py:1362} INFO - 
--------------------------------------------------------------------------------
[2024-05-29T19:53:46.940+0000] {taskinstance.py:1363} INFO - Starting attempt 1 of 1
[2024-05-29T19:53:46.941+0000] {taskinstance.py:1364} INFO - 
--------------------------------------------------------------------------------
[2024-05-29T19:53:47.016+0000] {taskinstance.py:1383} INFO - Executing <Task(SimpleHttpOperator): extract_user> on 2024-05-29 19:53:26.664891+00:00
[2024-05-29T19:53:47.043+0000] {standard_task_runner.py:55} INFO - Started process 6447 to run task
[2024-05-29T19:53:47.066+0000] {standard_task_runner.py:82} INFO - Running: ['***', 'tasks', 'run', '1_dag', 'extract_user', 'manual__2024-05-29T19:53:26.664891+00:00', '--job-id', '44', '--raw', '--subdir', 'DAGS_FOLDER/1_dag.py', '--cfg-path', '/tmp/tmp4q57plk3']
[2024-05-29T19:53:47.101+0000] {standard_task_runner.py:83} INFO - Job 44: Subtask extract_user
[2024-05-29T19:53:47.356+0000] {task_command.py:376} INFO - Running <TaskInstance: 1_dag.extract_user manual__2024-05-29T19:53:26.664891+00:00 [running]> on host 4b56679d13b8
[2024-05-29T19:53:47.825+0000] {taskinstance.py:1592} INFO - Exporting the following env vars:
AIRFLOW_CTX_DAG_OWNER=***
AIRFLOW_CTX_DAG_ID=1_dag
AIRFLOW_CTX_TASK_ID=extract_user
AIRFLOW_CTX_EXECUTION_DATE=2024-05-29T19:53:26.664891+00:00
AIRFLOW_CTX_TRY_NUMBER=1
AIRFLOW_CTX_DAG_RUN_ID=manual__2024-05-29T19:53:26.664891+00:00
[2024-05-29T19:53:47.853+0000] {http.py:121} INFO - Calling HTTP method
[2024-05-29T19:53:47.920+0000] {base.py:71} INFO - Using connection ID 'user_api' for task execution.
[2024-05-29T19:53:47.933+0000] {http.py:148} INFO - Sending 'GET' to url: https://randomuser.me/api/
[2024-05-29T19:53:48.269+0000] {http.py:125} INFO - {"results":[{"gender":"female","name":{"title":"Mrs","first":"الینا","last":"قاسمی"},"location":{"street":{"number":4153,"name":"آزادی"},"city":"اراک","state":"آذربایجان غربی","country":"Iran","postcode":73542,"coordinates":{"latitude":"20.2258","longitude":"31.5596"},"timezone":{"offset":"+11:00","description":"Magadan, Solomon Islands, New Caledonia"}},"email":"lyn.qsmy@example.com","login":{"uuid":"376f6001-bcb5-4bc6-a49b-da218b22ea5e","username":"sadsnake680","password":"maggot","salt":"XRtTYyPr","md5":"532bc921947f6b8a223dec88038142eb","sha1":"361fb448960951e1dc5f3372a68a59f1e3d505fe","sha256":"488ee5653102cba8089e542527f3d09e5d47369fc4e395a069af7955de213ddc"},"dob":{"date":"1952-11-23T09:14:59.490Z","age":71},"registered":{"date":"2004-09-01T04:20:58.460Z","age":19},"phone":"061-18638550","cell":"0984-997-6015","id":{"name":"","value":null},"picture":{"large":"https://randomuser.me/api/portraits/women/52.jpg","medium":"https://randomuser.me/api/portraits/med/women/52.jpg","thumbnail":"https://randomuser.me/api/portraits/thumb/women/52.jpg"},"nat":"IR"}],"info":{"seed":"9ab30b7640e3ac2c","results":1,"page":1,"version":"1.4"}}
[2024-05-29T19:53:48.401+0000] {taskinstance.py:1406} INFO - Marking task as SUCCESS. dag_id=1_dag, task_id=extract_user, execution_date=20240529T195326, start_date=20240529T195346, end_date=20240529T195348
[2024-05-29T19:53:48.519+0000] {local_task_job.py:164} INFO - Task exited with return code 0
[2024-05-29T19:53:49.122+0000] {local_task_job.py:273} INFO - 0 downstream tasks scheduled from follow-on schedule check
