[2024-05-27T10:27:20.139+0000] {taskinstance.py:1165} INFO - Dependencies all met for <TaskInstance: example_bash_operator.runme_0 scheduled__2024-05-26T00:00:00+00:00 [queued]>
[2024-05-27T10:27:20.929+0000] {taskinstance.py:1165} INFO - Dependencies all met for <TaskInstance: example_bash_operator.runme_0 scheduled__2024-05-26T00:00:00+00:00 [queued]>
[2024-05-27T10:27:20.947+0000] {taskinstance.py:1362} INFO - 
--------------------------------------------------------------------------------
[2024-05-27T10:27:20.949+0000] {taskinstance.py:1363} INFO - Starting attempt 1 of 1
[2024-05-27T10:27:20.952+0000] {taskinstance.py:1364} INFO - 
--------------------------------------------------------------------------------
[2024-05-27T10:27:21.266+0000] {taskinstance.py:1383} INFO - Executing <Task(BashOperator): runme_0> on 2024-05-26 00:00:00+00:00
[2024-05-27T10:27:21.278+0000] {standard_task_runner.py:55} INFO - Started process 396 to run task
[2024-05-27T10:27:21.315+0000] {standard_task_runner.py:82} INFO - Running: ['***', 'tasks', 'run', 'example_bash_operator', 'runme_0', 'scheduled__2024-05-26T00:00:00+00:00', '--job-id', '6', '--raw', '--subdir', '/home/***/.local/lib/python3.7/site-packages/***/example_dags/example_bash_operator.py', '--cfg-path', '/tmp/tmpkbgii6f8']
[2024-05-27T10:27:21.317+0000] {standard_task_runner.py:83} INFO - Job 6: Subtask runme_0
[2024-05-27T10:27:22.159+0000] {task_command.py:376} INFO - Running <TaskInstance: example_bash_operator.runme_0 scheduled__2024-05-26T00:00:00+00:00 [running]> on host a02a28a09c6d
[2024-05-27T10:27:23.153+0000] {taskinstance.py:1592} INFO - Exporting the following env vars:
AIRFLOW_CTX_DAG_OWNER=***
AIRFLOW_CTX_DAG_ID=example_bash_operator
AIRFLOW_CTX_TASK_ID=runme_0
AIRFLOW_CTX_EXECUTION_DATE=2024-05-26T00:00:00+00:00
AIRFLOW_CTX_TRY_NUMBER=1
AIRFLOW_CTX_DAG_RUN_ID=scheduled__2024-05-26T00:00:00+00:00
[2024-05-27T10:27:23.208+0000] {subprocess.py:63} INFO - Tmp dir root location: 
 /tmp
[2024-05-27T10:27:23.233+0000] {subprocess.py:75} INFO - Running command: ['/bin/bash', '-c', 'echo "example_bash_operator__runme_0__20240526" && sleep 1']
[2024-05-27T10:27:23.319+0000] {subprocess.py:86} INFO - Output:
[2024-05-27T10:27:23.330+0000] {subprocess.py:93} INFO - example_bash_operator__runme_0__20240526
[2024-05-27T10:27:24.356+0000] {subprocess.py:97} INFO - Command exited with return code 0
[2024-05-27T10:27:24.906+0000] {taskinstance.py:1406} INFO - Marking task as SUCCESS. dag_id=example_bash_operator, task_id=runme_0, execution_date=20240526T000000, start_date=20240527T102720, end_date=20240527T102724
[2024-05-27T10:27:25.188+0000] {local_task_job.py:164} INFO - Task exited with return code 0
[2024-05-27T10:27:26.314+0000] {local_task_job.py:273} INFO - 0 downstream tasks scheduled from follow-on schedule check
