[2024-05-29T19:47:39.520+0000] {taskinstance.py:1165} INFO - Dependencies all met for <TaskInstance: 1_dag.process_user manual__2024-05-29T19:47:17.334276+00:00 [queued]>
[2024-05-29T19:47:39.774+0000] {taskinstance.py:1165} INFO - Dependencies all met for <TaskInstance: 1_dag.process_user manual__2024-05-29T19:47:17.334276+00:00 [queued]>
[2024-05-29T19:47:39.780+0000] {taskinstance.py:1362} INFO - 
--------------------------------------------------------------------------------
[2024-05-29T19:47:39.786+0000] {taskinstance.py:1363} INFO - Starting attempt 1 of 1
[2024-05-29T19:47:39.789+0000] {taskinstance.py:1364} INFO - 
--------------------------------------------------------------------------------
[2024-05-29T19:47:39.911+0000] {taskinstance.py:1383} INFO - Executing <Task(PythonOperator): process_user> on 2024-05-29 19:47:17.334276+00:00
[2024-05-29T19:47:39.948+0000] {standard_task_runner.py:55} INFO - Started process 6214 to run task
[2024-05-29T19:47:39.965+0000] {standard_task_runner.py:82} INFO - Running: ['***', 'tasks', 'run', '1_dag', 'process_user', 'manual__2024-05-29T19:47:17.334276+00:00', '--job-id', '35', '--raw', '--subdir', 'DAGS_FOLDER/1_dag.py', '--cfg-path', '/tmp/tmpnrhh7dx9']
[2024-05-29T19:47:39.972+0000] {standard_task_runner.py:83} INFO - Job 35: Subtask process_user
[2024-05-29T19:47:40.305+0000] {task_command.py:376} INFO - Running <TaskInstance: 1_dag.process_user manual__2024-05-29T19:47:17.334276+00:00 [running]> on host 4b56679d13b8
[2024-05-29T19:47:40.592+0000] {taskinstance.py:1592} INFO - Exporting the following env vars:
AIRFLOW_CTX_DAG_OWNER=***
AIRFLOW_CTX_DAG_ID=1_dag
AIRFLOW_CTX_TASK_ID=process_user
AIRFLOW_CTX_EXECUTION_DATE=2024-05-29T19:47:17.334276+00:00
AIRFLOW_CTX_TRY_NUMBER=1
AIRFLOW_CTX_DAG_RUN_ID=manual__2024-05-29T19:47:17.334276+00:00
[2024-05-29T19:47:40.826+0000] {python.py:177} INFO - Done. Returned value was: None
[2024-05-29T19:47:40.918+0000] {taskinstance.py:1406} INFO - Marking task as SUCCESS. dag_id=1_dag, task_id=process_user, execution_date=20240529T194717, start_date=20240529T194739, end_date=20240529T194740
[2024-05-29T19:47:41.039+0000] {local_task_job.py:164} INFO - Task exited with return code 0
[2024-05-29T19:47:41.132+0000] {local_task_job.py:273} INFO - 1 downstream tasks scheduled from follow-on schedule check
