[2024-05-27T10:27:00.888+0000] {taskinstance.py:1165} INFO - Dependencies all met for <TaskInstance: example_bash_operator.runme_1 scheduled__2024-05-26T00:00:00+00:00 [queued]>
[2024-05-27T10:27:00.995+0000] {taskinstance.py:1165} INFO - Dependencies all met for <TaskInstance: example_bash_operator.runme_1 scheduled__2024-05-26T00:00:00+00:00 [queued]>
[2024-05-27T10:27:00.998+0000] {taskinstance.py:1362} INFO - 
--------------------------------------------------------------------------------
[2024-05-27T10:27:01.000+0000] {taskinstance.py:1363} INFO - Starting attempt 1 of 1
[2024-05-27T10:27:01.003+0000] {taskinstance.py:1364} INFO - 
--------------------------------------------------------------------------------
[2024-05-27T10:27:01.254+0000] {taskinstance.py:1383} INFO - Executing <Task(BashOperator): runme_1> on 2024-05-26 00:00:00+00:00
[2024-05-27T10:27:01.291+0000] {standard_task_runner.py:55} INFO - Started process 380 to run task
[2024-05-27T10:27:01.321+0000] {standard_task_runner.py:82} INFO - Running: ['***', 'tasks', 'run', 'example_bash_operator', 'runme_1', 'scheduled__2024-05-26T00:00:00+00:00', '--job-id', '5', '--raw', '--subdir', '/home/***/.local/lib/python3.7/site-packages/***/example_dags/example_bash_operator.py', '--cfg-path', '/tmp/tmp8nagehws']
[2024-05-27T10:27:01.324+0000] {standard_task_runner.py:83} INFO - Job 5: Subtask runme_1
[2024-05-27T10:27:02.340+0000] {task_command.py:376} INFO - Running <TaskInstance: example_bash_operator.runme_1 scheduled__2024-05-26T00:00:00+00:00 [running]> on host a02a28a09c6d
[2024-05-27T10:27:03.626+0000] {taskinstance.py:1592} INFO - Exporting the following env vars:
AIRFLOW_CTX_DAG_OWNER=***
AIRFLOW_CTX_DAG_ID=example_bash_operator
AIRFLOW_CTX_TASK_ID=runme_1
AIRFLOW_CTX_EXECUTION_DATE=2024-05-26T00:00:00+00:00
AIRFLOW_CTX_TRY_NUMBER=1
AIRFLOW_CTX_DAG_RUN_ID=scheduled__2024-05-26T00:00:00+00:00
[2024-05-27T10:27:03.688+0000] {subprocess.py:63} INFO - Tmp dir root location: 
 /tmp
[2024-05-27T10:27:03.695+0000] {subprocess.py:75} INFO - Running command: ['/bin/bash', '-c', 'echo "example_bash_operator__runme_1__20240526" && sleep 1']
[2024-05-27T10:27:03.784+0000] {subprocess.py:86} INFO - Output:
[2024-05-27T10:27:03.826+0000] {subprocess.py:93} INFO - example_bash_operator__runme_1__20240526
[2024-05-27T10:27:04.884+0000] {subprocess.py:97} INFO - Command exited with return code 0
[2024-05-27T10:27:05.040+0000] {taskinstance.py:1406} INFO - Marking task as SUCCESS. dag_id=example_bash_operator, task_id=runme_1, execution_date=20240526T000000, start_date=20240527T102700, end_date=20240527T102705
[2024-05-27T10:27:05.219+0000] {local_task_job.py:164} INFO - Task exited with return code 0
[2024-05-27T10:27:05.473+0000] {local_task_job.py:273} INFO - 0 downstream tasks scheduled from follow-on schedule check
