[2024-05-29T19:56:48.911+0000] {taskinstance.py:1165} INFO - Dependencies all met for <TaskInstance: 1_dag.process_user manual__2024-05-29T19:56:26.238689+00:00 [queued]>
[2024-05-29T19:56:48.939+0000] {taskinstance.py:1165} INFO - Dependencies all met for <TaskInstance: 1_dag.process_user manual__2024-05-29T19:56:26.238689+00:00 [queued]>
[2024-05-29T19:56:48.941+0000] {taskinstance.py:1362} INFO - 
--------------------------------------------------------------------------------
[2024-05-29T19:56:48.942+0000] {taskinstance.py:1363} INFO - Starting attempt 1 of 1
[2024-05-29T19:56:48.943+0000] {taskinstance.py:1364} INFO - 
--------------------------------------------------------------------------------
[2024-05-29T19:56:48.977+0000] {taskinstance.py:1383} INFO - Executing <Task(PythonOperator): process_user> on 2024-05-29 19:56:26.238689+00:00
[2024-05-29T19:56:48.993+0000] {standard_task_runner.py:55} INFO - Started process 6563 to run task
[2024-05-29T19:56:49.000+0000] {standard_task_runner.py:82} INFO - Running: ['***', 'tasks', 'run', '1_dag', 'process_user', 'manual__2024-05-29T19:56:26.238689+00:00', '--job-id', '55', '--raw', '--subdir', 'DAGS_FOLDER/1_dag.py', '--cfg-path', '/tmp/tmpi5akbyxt']
[2024-05-29T19:56:49.004+0000] {standard_task_runner.py:83} INFO - Job 55: Subtask process_user
[2024-05-29T19:56:49.295+0000] {task_command.py:376} INFO - Running <TaskInstance: 1_dag.process_user manual__2024-05-29T19:56:26.238689+00:00 [running]> on host 4b56679d13b8
[2024-05-29T19:56:49.559+0000] {taskinstance.py:1592} INFO - Exporting the following env vars:
AIRFLOW_CTX_DAG_OWNER=***
AIRFLOW_CTX_DAG_ID=1_dag
AIRFLOW_CTX_TASK_ID=process_user
AIRFLOW_CTX_EXECUTION_DATE=2024-05-29T19:56:26.238689+00:00
AIRFLOW_CTX_TRY_NUMBER=1
AIRFLOW_CTX_DAG_RUN_ID=manual__2024-05-29T19:56:26.238689+00:00
[2024-05-29T19:56:49.614+0000] {python.py:177} INFO - Done. Returned value was: None
[2024-05-29T19:56:49.656+0000] {taskinstance.py:1406} INFO - Marking task as SUCCESS. dag_id=1_dag, task_id=process_user, execution_date=20240529T195626, start_date=20240529T195648, end_date=20240529T195649
[2024-05-29T19:56:49.725+0000] {local_task_job.py:164} INFO - Task exited with return code 0
[2024-05-29T19:56:49.848+0000] {local_task_job.py:273} INFO - 1 downstream tasks scheduled from follow-on schedule check
