[2024-05-29T19:51:32.836+0000] {taskinstance.py:1165} INFO - Dependencies all met for <TaskInstance: 1_dag.create_table manual__2024-05-29T19:51:28.502102+00:00 [queued]>
[2024-05-29T19:51:32.854+0000] {taskinstance.py:1165} INFO - Dependencies all met for <TaskInstance: 1_dag.create_table manual__2024-05-29T19:51:28.502102+00:00 [queued]>
[2024-05-29T19:51:32.855+0000] {taskinstance.py:1362} INFO - 
--------------------------------------------------------------------------------
[2024-05-29T19:51:32.856+0000] {taskinstance.py:1363} INFO - Starting attempt 1 of 1
[2024-05-29T19:51:32.857+0000] {taskinstance.py:1364} INFO - 
--------------------------------------------------------------------------------
[2024-05-29T19:51:32.888+0000] {taskinstance.py:1383} INFO - Executing <Task(PostgresOperator): create_table> on 2024-05-29 19:51:28.502102+00:00
[2024-05-29T19:51:32.896+0000] {standard_task_runner.py:55} INFO - Started process 6347 to run task
[2024-05-29T19:51:32.902+0000] {standard_task_runner.py:82} INFO - Running: ['***', 'tasks', 'run', '1_dag', 'create_table', 'manual__2024-05-29T19:51:28.502102+00:00', '--job-id', '37', '--raw', '--subdir', 'DAGS_FOLDER/1_dag.py', '--cfg-path', '/tmp/tmpd2yqdpzw']
[2024-05-29T19:51:32.905+0000] {standard_task_runner.py:83} INFO - Job 37: Subtask create_table
[2024-05-29T19:51:33.044+0000] {task_command.py:376} INFO - Running <TaskInstance: 1_dag.create_table manual__2024-05-29T19:51:28.502102+00:00 [running]> on host 4b56679d13b8
[2024-05-29T19:51:33.171+0000] {taskinstance.py:1592} INFO - Exporting the following env vars:
AIRFLOW_CTX_DAG_OWNER=***
AIRFLOW_CTX_DAG_ID=1_dag
AIRFLOW_CTX_TASK_ID=create_table
AIRFLOW_CTX_EXECUTION_DATE=2024-05-29T19:51:28.502102+00:00
AIRFLOW_CTX_TRY_NUMBER=1
AIRFLOW_CTX_DAG_RUN_ID=manual__2024-05-29T19:51:28.502102+00:00
[2024-05-29T19:51:33.191+0000] {base.py:71} INFO - Using connection ID 'postgres' for task execution.
[2024-05-29T19:51:33.200+0000] {sql.py:315} INFO - Running statement: 
                                        CREATE TABLE IF NOT EXISTS users(
                                        firstname text not null,
                                        lastname text not null,
                                        country text not null,
                                        username text not null,
                                        password text not null,
                                        email text not null 
                                        );
                                   , parameters: None
[2024-05-29T19:51:33.203+0000] {postgres.py:96} INFO - NOTICE:  relation "users" already exists, skipping

[2024-05-29T19:51:33.233+0000] {taskinstance.py:1406} INFO - Marking task as SUCCESS. dag_id=1_dag, task_id=create_table, execution_date=20240529T195128, start_date=20240529T195132, end_date=20240529T195133
[2024-05-29T19:51:33.319+0000] {local_task_job.py:164} INFO - Task exited with return code 0
[2024-05-29T19:51:33.375+0000] {local_task_job.py:273} INFO - 1 downstream tasks scheduled from follow-on schedule check
