[2024-05-29T14:35:47.875+0000] {taskinstance.py:1165} INFO - Dependencies all met for <TaskInstance: example_bash_operator.runme_0 scheduled__2024-05-28T00:00:00+00:00 [queued]>
[2024-05-29T14:35:49.028+0000] {taskinstance.py:1165} INFO - Dependencies all met for <TaskInstance: example_bash_operator.runme_0 scheduled__2024-05-28T00:00:00+00:00 [queued]>
[2024-05-29T14:35:49.036+0000] {taskinstance.py:1362} INFO - 
--------------------------------------------------------------------------------
[2024-05-29T14:35:49.044+0000] {taskinstance.py:1363} INFO - Starting attempt 1 of 1
[2024-05-29T14:35:49.109+0000] {taskinstance.py:1364} INFO - 
--------------------------------------------------------------------------------
[2024-05-29T14:35:50.041+0000] {taskinstance.py:1383} INFO - Executing <Task(BashOperator): runme_0> on 2024-05-28 00:00:00+00:00
[2024-05-29T14:35:50.359+0000] {standard_task_runner.py:55} INFO - Started process 100 to run task
[2024-05-29T14:35:50.418+0000] {standard_task_runner.py:82} INFO - Running: ['***', 'tasks', 'run', 'example_bash_operator', 'runme_0', 'scheduled__2024-05-28T00:00:00+00:00', '--job-id', '17', '--raw', '--subdir', '/home/***/.local/lib/python3.7/site-packages/***/example_dags/example_bash_operator.py', '--cfg-path', '/tmp/tmpbuyiumzi']
[2024-05-29T14:35:50.432+0000] {standard_task_runner.py:83} INFO - Job 17: Subtask runme_0
[2024-05-29T14:35:53.353+0000] {task_command.py:376} INFO - Running <TaskInstance: example_bash_operator.runme_0 scheduled__2024-05-28T00:00:00+00:00 [running]> on host 3878f3b2e064
[2024-05-29T14:35:56.173+0000] {taskinstance.py:1592} INFO - Exporting the following env vars:
AIRFLOW_CTX_DAG_OWNER=***
AIRFLOW_CTX_DAG_ID=example_bash_operator
AIRFLOW_CTX_TASK_ID=runme_0
AIRFLOW_CTX_EXECUTION_DATE=2024-05-28T00:00:00+00:00
AIRFLOW_CTX_TRY_NUMBER=1
AIRFLOW_CTX_DAG_RUN_ID=scheduled__2024-05-28T00:00:00+00:00
[2024-05-29T14:35:56.206+0000] {subprocess.py:63} INFO - Tmp dir root location: 
 /tmp
[2024-05-29T14:35:56.208+0000] {subprocess.py:75} INFO - Running command: ['/bin/bash', '-c', 'echo "example_bash_operator__runme_0__20240528" && sleep 1']
[2024-05-29T14:35:56.459+0000] {subprocess.py:86} INFO - Output:
[2024-05-29T14:35:56.623+0000] {subprocess.py:93} INFO - example_bash_operator__runme_0__20240528
[2024-05-29T14:35:57.723+0000] {subprocess.py:97} INFO - Command exited with return code 0
[2024-05-29T14:35:58.239+0000] {taskinstance.py:1406} INFO - Marking task as SUCCESS. dag_id=example_bash_operator, task_id=runme_0, execution_date=20240528T000000, start_date=20240529T143547, end_date=20240529T143558
