[2024-05-29T19:56:45.194+0000] {taskinstance.py:1165} INFO - Dependencies all met for <TaskInstance: 1_dag.extract_user manual__2024-05-29T19:56:26.238689+00:00 [queued]>
[2024-05-29T19:56:45.227+0000] {taskinstance.py:1165} INFO - Dependencies all met for <TaskInstance: 1_dag.extract_user manual__2024-05-29T19:56:26.238689+00:00 [queued]>
[2024-05-29T19:56:45.240+0000] {taskinstance.py:1362} INFO - 
--------------------------------------------------------------------------------
[2024-05-29T19:56:45.242+0000] {taskinstance.py:1363} INFO - Starting attempt 1 of 1
[2024-05-29T19:56:45.243+0000] {taskinstance.py:1364} INFO - 
--------------------------------------------------------------------------------
[2024-05-29T19:56:45.318+0000] {taskinstance.py:1383} INFO - Executing <Task(SimpleHttpOperator): extract_user> on 2024-05-29 19:56:26.238689+00:00
[2024-05-29T19:56:45.347+0000] {standard_task_runner.py:55} INFO - Started process 6560 to run task
[2024-05-29T19:56:45.363+0000] {standard_task_runner.py:82} INFO - Running: ['***', 'tasks', 'run', '1_dag', 'extract_user', 'manual__2024-05-29T19:56:26.238689+00:00', '--job-id', '54', '--raw', '--subdir', 'DAGS_FOLDER/1_dag.py', '--cfg-path', '/tmp/tmph_a68rsz']
[2024-05-29T19:56:45.369+0000] {standard_task_runner.py:83} INFO - Job 54: Subtask extract_user
[2024-05-29T19:56:45.535+0000] {task_command.py:376} INFO - Running <TaskInstance: 1_dag.extract_user manual__2024-05-29T19:56:26.238689+00:00 [running]> on host 4b56679d13b8
[2024-05-29T19:56:45.665+0000] {taskinstance.py:1592} INFO - Exporting the following env vars:
AIRFLOW_CTX_DAG_OWNER=***
AIRFLOW_CTX_DAG_ID=1_dag
AIRFLOW_CTX_TASK_ID=extract_user
AIRFLOW_CTX_EXECUTION_DATE=2024-05-29T19:56:26.238689+00:00
AIRFLOW_CTX_TRY_NUMBER=1
AIRFLOW_CTX_DAG_RUN_ID=manual__2024-05-29T19:56:26.238689+00:00
[2024-05-29T19:56:45.666+0000] {http.py:121} INFO - Calling HTTP method
[2024-05-29T19:56:45.682+0000] {base.py:71} INFO - Using connection ID 'user_api' for task execution.
[2024-05-29T19:56:45.685+0000] {http.py:148} INFO - Sending 'GET' to url: https://randomuser.me/api/
[2024-05-29T19:56:46.326+0000] {http.py:125} INFO - {"results":[{"gender":"male","name":{"title":"Mr","first":"Omelyan","last":"Berest"},"location":{"street":{"number":496,"name":"Serpova"},"city":"Rahiv","state":"Mikolayivska","country":"Ukraine","postcode":97867,"coordinates":{"latitude":"76.0280","longitude":"-109.6038"},"timezone":{"offset":"0:00","description":"Western Europe Time, London, Lisbon, Casablanca"}},"email":"omelyan.berest@example.com","login":{"uuid":"a170cb9f-5905-4f80-adaf-5e18c5b1d807","username":"purplewolf425","password":"slim","salt":"uKaw8Hai","md5":"dd32890d9328bbf2a5483d4528b0a742","sha1":"53ff5d07b827c9ece0867eecbc1831fef2826895","sha256":"3cb10505da10aa8119fc8e6920c18ae1ae0414d49dc799a07008f5f917b74ab3"},"dob":{"date":"1995-08-26T16:19:58.927Z","age":28},"registered":{"date":"2004-06-07T17:29:08.123Z","age":19},"phone":"(098) I71-8504","cell":"(068) B56-2154","id":{"name":"","value":null},"picture":{"large":"https://randomuser.me/api/portraits/men/51.jpg","medium":"https://randomuser.me/api/portraits/med/men/51.jpg","thumbnail":"https://randomuser.me/api/portraits/thumb/men/51.jpg"},"nat":"UA"}],"info":{"seed":"6d832ff37240df5e","results":1,"page":1,"version":"1.4"}}
[2024-05-29T19:56:46.375+0000] {taskinstance.py:1406} INFO - Marking task as SUCCESS. dag_id=1_dag, task_id=extract_user, execution_date=20240529T195626, start_date=20240529T195645, end_date=20240529T195646
[2024-05-29T19:56:46.430+0000] {local_task_job.py:164} INFO - Task exited with return code 0
[2024-05-29T19:56:46.495+0000] {local_task_job.py:273} INFO - 1 downstream tasks scheduled from follow-on schedule check
