[2024-05-29T19:58:23.220+0000] {taskinstance.py:1165} INFO - Dependencies all met for <TaskInstance: 1_dag.extract_user manual__2024-05-29T19:58:02.694171+00:00 [queued]>
[2024-05-29T19:58:23.256+0000] {taskinstance.py:1165} INFO - Dependencies all met for <TaskInstance: 1_dag.extract_user manual__2024-05-29T19:58:02.694171+00:00 [queued]>
[2024-05-29T19:58:23.257+0000] {taskinstance.py:1362} INFO - 
--------------------------------------------------------------------------------
[2024-05-29T19:58:23.258+0000] {taskinstance.py:1363} INFO - Starting attempt 1 of 1
[2024-05-29T19:58:23.259+0000] {taskinstance.py:1364} INFO - 
--------------------------------------------------------------------------------
[2024-05-29T19:58:23.296+0000] {taskinstance.py:1383} INFO - Executing <Task(SimpleHttpOperator): extract_user> on 2024-05-29 19:58:02.694171+00:00
[2024-05-29T19:58:23.310+0000] {standard_task_runner.py:55} INFO - Started process 6628 to run task
[2024-05-29T19:58:23.320+0000] {standard_task_runner.py:82} INFO - Running: ['***', 'tasks', 'run', '1_dag', 'extract_user', 'manual__2024-05-29T19:58:02.694171+00:00', '--job-id', '59', '--raw', '--subdir', 'DAGS_FOLDER/1_dag.py', '--cfg-path', '/tmp/tmpjhl5rlcv']
[2024-05-29T19:58:23.329+0000] {standard_task_runner.py:83} INFO - Job 59: Subtask extract_user
[2024-05-29T19:58:23.654+0000] {task_command.py:376} INFO - Running <TaskInstance: 1_dag.extract_user manual__2024-05-29T19:58:02.694171+00:00 [running]> on host 4b56679d13b8
[2024-05-29T19:58:24.166+0000] {taskinstance.py:1592} INFO - Exporting the following env vars:
AIRFLOW_CTX_DAG_OWNER=***
AIRFLOW_CTX_DAG_ID=1_dag
AIRFLOW_CTX_TASK_ID=extract_user
AIRFLOW_CTX_EXECUTION_DATE=2024-05-29T19:58:02.694171+00:00
AIRFLOW_CTX_TRY_NUMBER=1
AIRFLOW_CTX_DAG_RUN_ID=manual__2024-05-29T19:58:02.694171+00:00
[2024-05-29T19:58:24.171+0000] {http.py:121} INFO - Calling HTTP method
[2024-05-29T19:58:24.256+0000] {base.py:71} INFO - Using connection ID 'user_api' for task execution.
[2024-05-29T19:58:24.268+0000] {http.py:148} INFO - Sending 'GET' to url: https://randomuser.me/api/
[2024-05-29T19:58:24.567+0000] {http.py:125} INFO - {"results":[{"gender":"male","name":{"title":"Mr","first":"Ross","last":"Newman"},"location":{"street":{"number":1047,"name":"Tara Street"},"city":"Maynooth","state":"Longford","country":"Ireland","postcode":81089,"coordinates":{"latitude":"-0.9873","longitude":"-146.3025"},"timezone":{"offset":"-8:00","description":"Pacific Time (US & Canada)"}},"email":"ross.newman@example.com","login":{"uuid":"da21d98c-2034-46e2-b01f-09da462b1422","username":"bigzebra148","password":"767676","salt":"jaosA3kT","md5":"e855c9cf9206b0a068c0983ed7917047","sha1":"c050332cfa2b3895f1aa7794dd2cfee226a264aa","sha256":"7e1c1598c947a09bc39191af76f479dfea70f1d928b5858747161884b2473bed"},"dob":{"date":"1978-03-17T23:44:53.671Z","age":46},"registered":{"date":"2018-12-09T13:00:41.450Z","age":5},"phone":"031-417-0311","cell":"081-204-0507","id":{"name":"PPS","value":"1199554T"},"picture":{"large":"https://randomuser.me/api/portraits/men/66.jpg","medium":"https://randomuser.me/api/portraits/med/men/66.jpg","thumbnail":"https://randomuser.me/api/portraits/thumb/men/66.jpg"},"nat":"IE"}],"info":{"seed":"4024c82eb67993d8","results":1,"page":1,"version":"1.4"}}
[2024-05-29T19:58:24.616+0000] {taskinstance.py:1406} INFO - Marking task as SUCCESS. dag_id=1_dag, task_id=extract_user, execution_date=20240529T195802, start_date=20240529T195823, end_date=20240529T195824
[2024-05-29T19:58:24.690+0000] {local_task_job.py:164} INFO - Task exited with return code 0
[2024-05-29T19:58:24.824+0000] {local_task_job.py:273} INFO - 1 downstream tasks scheduled from follow-on schedule check
