[2024-05-30T15:06:14.418+0000] {taskinstance.py:1165} INFO - Dependencies all met for <TaskInstance: parallel_dag.load_b manual__2024-05-30T15:05:54.165929+00:00 [queued]>
[2024-05-30T15:06:14.450+0000] {taskinstance.py:1165} INFO - Dependencies all met for <TaskInstance: parallel_dag.load_b manual__2024-05-30T15:05:54.165929+00:00 [queued]>
[2024-05-30T15:06:14.451+0000] {taskinstance.py:1362} INFO - 
--------------------------------------------------------------------------------
[2024-05-30T15:06:14.452+0000] {taskinstance.py:1363} INFO - Starting attempt 1 of 1
[2024-05-30T15:06:14.453+0000] {taskinstance.py:1364} INFO - 
--------------------------------------------------------------------------------
[2024-05-30T15:06:14.489+0000] {taskinstance.py:1383} INFO - Executing <Task(BashOperator): load_b> on 2024-05-30 15:05:54.165929+00:00
[2024-05-30T15:06:14.501+0000] {standard_task_runner.py:55} INFO - Started process 336 to run task
[2024-05-30T15:06:14.509+0000] {standard_task_runner.py:82} INFO - Running: ['***', 'tasks', 'run', 'parallel_dag', 'load_b', 'manual__2024-05-30T15:05:54.165929+00:00', '--job-id', '83', '--raw', '--subdir', 'DAGS_FOLDER/parallel_dag.py', '--cfg-path', '/tmp/tmpo_yom74x']
[2024-05-30T15:06:14.510+0000] {standard_task_runner.py:83} INFO - Job 83: Subtask load_b
[2024-05-30T15:06:14.828+0000] {task_command.py:376} INFO - Running <TaskInstance: parallel_dag.load_b manual__2024-05-30T15:05:54.165929+00:00 [running]> on host 38a931ce7762
[2024-05-30T15:06:15.135+0000] {taskinstance.py:1592} INFO - Exporting the following env vars:
AIRFLOW_CTX_DAG_OWNER=***
AIRFLOW_CTX_DAG_ID=parallel_dag
AIRFLOW_CTX_TASK_ID=load_b
AIRFLOW_CTX_EXECUTION_DATE=2024-05-30T15:05:54.165929+00:00
AIRFLOW_CTX_TRY_NUMBER=1
AIRFLOW_CTX_DAG_RUN_ID=manual__2024-05-30T15:05:54.165929+00:00
[2024-05-30T15:06:15.140+0000] {subprocess.py:63} INFO - Tmp dir root location: 
 /tmp
[2024-05-30T15:06:15.142+0000] {subprocess.py:75} INFO - Running command: ['/bin/bash', '-c', 'sleep 10']
[2024-05-30T15:06:15.166+0000] {subprocess.py:86} INFO - Output:
[2024-05-30T15:06:25.232+0000] {subprocess.py:97} INFO - Command exited with return code 0
[2024-05-30T15:06:25.290+0000] {taskinstance.py:1406} INFO - Marking task as SUCCESS. dag_id=parallel_dag, task_id=load_b, execution_date=20240530T150554, start_date=20240530T150614, end_date=20240530T150625
[2024-05-30T15:06:25.843+0000] {local_task_job.py:164} INFO - Task exited with return code 0
[2024-05-30T15:06:25.915+0000] {local_task_job.py:273} INFO - 0 downstream tasks scheduled from follow-on schedule check
