[2024-05-30T06:56:33.507+0000] {taskinstance.py:1165} INFO - Dependencies all met for <TaskInstance: 1_dag.create_table scheduled__2024-05-29T00:00:00+00:00 [queued]>
[2024-05-30T06:56:33.813+0000] {taskinstance.py:1165} INFO - Dependencies all met for <TaskInstance: 1_dag.create_table scheduled__2024-05-29T00:00:00+00:00 [queued]>
[2024-05-30T06:56:33.833+0000] {taskinstance.py:1362} INFO - 
--------------------------------------------------------------------------------
[2024-05-30T06:56:33.833+0000] {taskinstance.py:1363} INFO - Starting attempt 1 of 1
[2024-05-30T06:56:33.834+0000] {taskinstance.py:1364} INFO - 
--------------------------------------------------------------------------------
[2024-05-30T06:56:34.743+0000] {taskinstance.py:1383} INFO - Executing <Task(PostgresOperator): create_table> on 2024-05-29 00:00:00+00:00
[2024-05-30T06:56:34.939+0000] {standard_task_runner.py:55} INFO - Started process 7152 to run task
[2024-05-30T06:56:35.095+0000] {standard_task_runner.py:82} INFO - Running: ['***', 'tasks', 'run', '1_dag', 'create_table', 'scheduled__2024-05-29T00:00:00+00:00', '--job-id', '67', '--raw', '--subdir', 'DAGS_FOLDER/1_dag.py', '--cfg-path', '/tmp/tmpe_ocir5v']
[2024-05-30T06:56:35.170+0000] {standard_task_runner.py:83} INFO - Job 67: Subtask create_table
[2024-05-30T06:56:37.148+0000] {task_command.py:376} INFO - Running <TaskInstance: 1_dag.create_table scheduled__2024-05-29T00:00:00+00:00 [running]> on host 4b56679d13b8
[2024-05-30T06:56:40.352+0000] {taskinstance.py:1592} INFO - Exporting the following env vars:
AIRFLOW_CTX_DAG_OWNER=***
AIRFLOW_CTX_DAG_ID=1_dag
AIRFLOW_CTX_TASK_ID=create_table
AIRFLOW_CTX_EXECUTION_DATE=2024-05-29T00:00:00+00:00
AIRFLOW_CTX_TRY_NUMBER=1
AIRFLOW_CTX_DAG_RUN_ID=scheduled__2024-05-29T00:00:00+00:00
[2024-05-30T06:56:41.526+0000] {base.py:71} INFO - Using connection ID 'postgres' for task execution.
[2024-05-30T06:56:41.905+0000] {sql.py:315} INFO - Running statement: 
                                        CREATE TABLE IF NOT EXISTS users(
                                        firstname text not null,
                                        lastname text not null,
                                        country text not null,
                                        username text not null,
                                        password text not null,
                                        email text not null 
                                        );
                                   , parameters: None
[2024-05-30T06:56:41.918+0000] {postgres.py:96} INFO - NOTICE:  relation "users" already exists, skipping

[2024-05-30T06:56:42.441+0000] {taskinstance.py:1406} INFO - Marking task as SUCCESS. dag_id=1_dag, task_id=create_table, execution_date=20240529T000000, start_date=20240530T065633, end_date=20240530T065642
[2024-05-30T06:56:43.137+0000] {local_task_job.py:164} INFO - Task exited with return code 0
[2024-05-30T06:56:44.540+0000] {local_task_job.py:273} INFO - 1 downstream tasks scheduled from follow-on schedule check
