[2024-05-29T14:35:48.290+0000] {taskinstance.py:1165} INFO - Dependencies all met for <TaskInstance: example_bash_operator.this_will_skip scheduled__2024-05-28T00:00:00+00:00 [queued]>
[2024-05-29T14:35:49.227+0000] {taskinstance.py:1165} INFO - Dependencies all met for <TaskInstance: example_bash_operator.this_will_skip scheduled__2024-05-28T00:00:00+00:00 [queued]>
[2024-05-29T14:35:49.243+0000] {taskinstance.py:1362} INFO - 
--------------------------------------------------------------------------------
[2024-05-29T14:35:49.244+0000] {taskinstance.py:1363} INFO - Starting attempt 1 of 1
[2024-05-29T14:35:49.252+0000] {taskinstance.py:1364} INFO - 
--------------------------------------------------------------------------------
[2024-05-29T14:35:49.987+0000] {taskinstance.py:1383} INFO - Executing <Task(BashOperator): this_will_skip> on 2024-05-28 00:00:00+00:00
[2024-05-29T14:35:50.274+0000] {standard_task_runner.py:82} INFO - Running: ['***', 'tasks', 'run', 'example_bash_operator', 'this_will_skip', 'scheduled__2024-05-28T00:00:00+00:00', '--job-id', '16', '--raw', '--subdir', '/home/***/.local/lib/python3.7/site-packages/***/example_dags/example_bash_operator.py', '--cfg-path', '/tmp/tmplymtk3q3']
[2024-05-29T14:35:50.320+0000] {standard_task_runner.py:83} INFO - Job 16: Subtask this_will_skip
[2024-05-29T14:35:50.354+0000] {standard_task_runner.py:55} INFO - Started process 99 to run task
[2024-05-29T14:35:53.170+0000] {task_command.py:376} INFO - Running <TaskInstance: example_bash_operator.this_will_skip scheduled__2024-05-28T00:00:00+00:00 [running]> on host 3878f3b2e064
[2024-05-29T14:35:55.892+0000] {taskinstance.py:1592} INFO - Exporting the following env vars:
AIRFLOW_CTX_DAG_OWNER=***
AIRFLOW_CTX_DAG_ID=example_bash_operator
AIRFLOW_CTX_TASK_ID=this_will_skip
AIRFLOW_CTX_EXECUTION_DATE=2024-05-28T00:00:00+00:00
AIRFLOW_CTX_TRY_NUMBER=1
AIRFLOW_CTX_DAG_RUN_ID=scheduled__2024-05-28T00:00:00+00:00
[2024-05-29T14:35:56.193+0000] {subprocess.py:63} INFO - Tmp dir root location: 
 /tmp
[2024-05-29T14:35:56.195+0000] {subprocess.py:75} INFO - Running command: ['/bin/bash', '-c', 'echo "hello world"; exit 99;']
[2024-05-29T14:35:56.553+0000] {subprocess.py:86} INFO - Output:
[2024-05-29T14:35:56.634+0000] {subprocess.py:93} INFO - hello world
[2024-05-29T14:35:56.639+0000] {subprocess.py:97} INFO - Command exited with return code 99
[2024-05-29T14:35:56.641+0000] {taskinstance.py:1481} INFO - Bash command returned exit code 99. Skipping.
[2024-05-29T14:35:56.787+0000] {taskinstance.py:1406} INFO - Marking task as SKIPPED. dag_id=example_bash_operator, task_id=this_will_skip, execution_date=20240528T000000, start_date=20240529T143548, end_date=20240529T143556
[2024-05-29T14:35:57.540+0000] {local_task_job.py:164} INFO - Task exited with return code 0
[2024-05-29T14:35:57.976+0000] {local_task_job.py:273} INFO - 0 downstream tasks scheduled from follow-on schedule check
