[2024-05-30T06:56:14.089+0000] {taskinstance.py:1165} INFO - Dependencies all met for <TaskInstance: example_bash_operator.also_run_this scheduled__2024-05-29T00:00:00+00:00 [queued]>
[2024-05-30T06:56:14.838+0000] {taskinstance.py:1165} INFO - Dependencies all met for <TaskInstance: example_bash_operator.also_run_this scheduled__2024-05-29T00:00:00+00:00 [queued]>
[2024-05-30T06:56:14.868+0000] {taskinstance.py:1362} INFO - 
--------------------------------------------------------------------------------
[2024-05-30T06:56:14.869+0000] {taskinstance.py:1363} INFO - Starting attempt 1 of 1
[2024-05-30T06:56:14.870+0000] {taskinstance.py:1364} INFO - 
--------------------------------------------------------------------------------
[2024-05-30T06:56:15.578+0000] {taskinstance.py:1383} INFO - Executing <Task(BashOperator): also_run_this> on 2024-05-29 00:00:00+00:00
[2024-05-30T06:56:15.668+0000] {standard_task_runner.py:55} INFO - Started process 7137 to run task
[2024-05-30T06:56:15.708+0000] {standard_task_runner.py:82} INFO - Running: ['***', 'tasks', 'run', 'example_bash_operator', 'also_run_this', 'scheduled__2024-05-29T00:00:00+00:00', '--job-id', '64', '--raw', '--subdir', '/home/***/.local/lib/python3.7/site-packages/***/example_dags/example_bash_operator.py', '--cfg-path', '/tmp/tmpcm5cg65h']
[2024-05-30T06:56:15.720+0000] {standard_task_runner.py:83} INFO - Job 64: Subtask also_run_this
[2024-05-30T06:56:17.688+0000] {task_command.py:376} INFO - Running <TaskInstance: example_bash_operator.also_run_this scheduled__2024-05-29T00:00:00+00:00 [running]> on host 4b56679d13b8
[2024-05-30T06:56:20.589+0000] {taskinstance.py:1592} INFO - Exporting the following env vars:
AIRFLOW_CTX_DAG_OWNER=***
AIRFLOW_CTX_DAG_ID=example_bash_operator
AIRFLOW_CTX_TASK_ID=also_run_this
AIRFLOW_CTX_EXECUTION_DATE=2024-05-29T00:00:00+00:00
AIRFLOW_CTX_TRY_NUMBER=1
AIRFLOW_CTX_DAG_RUN_ID=scheduled__2024-05-29T00:00:00+00:00
[2024-05-30T06:56:20.729+0000] {subprocess.py:63} INFO - Tmp dir root location: 
 /tmp
[2024-05-30T06:56:20.750+0000] {subprocess.py:75} INFO - Running command: ['/bin/bash', '-c', 'echo "ti_key=example_bash_operator__also_run_this__20240529"']
[2024-05-30T06:56:21.273+0000] {subprocess.py:86} INFO - Output:
[2024-05-30T06:56:21.302+0000] {subprocess.py:93} INFO - ti_key=example_bash_operator__also_run_this__20240529
[2024-05-30T06:56:21.329+0000] {subprocess.py:97} INFO - Command exited with return code 0
[2024-05-30T06:56:21.748+0000] {taskinstance.py:1406} INFO - Marking task as SUCCESS. dag_id=example_bash_operator, task_id=also_run_this, execution_date=20240529T000000, start_date=20240530T065614, end_date=20240530T065621
[2024-05-30T06:56:22.497+0000] {local_task_job.py:164} INFO - Task exited with return code 0
[2024-05-30T06:56:22.980+0000] {local_task_job.py:273} INFO - 0 downstream tasks scheduled from follow-on schedule check
