[2024-05-30T15:04:56.408+0000] {taskinstance.py:1165} INFO - Dependencies all met for <TaskInstance: parallel_dag.load_b scheduled__2024-05-29T00:00:00+00:00 [queued]>
[2024-05-30T15:04:56.450+0000] {taskinstance.py:1165} INFO - Dependencies all met for <TaskInstance: parallel_dag.load_b scheduled__2024-05-29T00:00:00+00:00 [queued]>
[2024-05-30T15:04:56.451+0000] {taskinstance.py:1362} INFO - 
--------------------------------------------------------------------------------
[2024-05-30T15:04:56.452+0000] {taskinstance.py:1363} INFO - Starting attempt 1 of 1
[2024-05-30T15:04:56.454+0000] {taskinstance.py:1364} INFO - 
--------------------------------------------------------------------------------
[2024-05-30T15:04:56.523+0000] {taskinstance.py:1383} INFO - Executing <Task(BashOperator): load_b> on 2024-05-29 00:00:00+00:00
[2024-05-30T15:04:56.539+0000] {standard_task_runner.py:55} INFO - Started process 287 to run task
[2024-05-30T15:04:56.560+0000] {standard_task_runner.py:82} INFO - Running: ['***', 'tasks', 'run', 'parallel_dag', 'load_b', 'scheduled__2024-05-29T00:00:00+00:00', '--job-id', '79', '--raw', '--subdir', 'DAGS_FOLDER/parallel_dag.py', '--cfg-path', '/tmp/tmpsxeta1lj']
[2024-05-30T15:04:56.593+0000] {standard_task_runner.py:83} INFO - Job 79: Subtask load_b
[2024-05-30T15:04:56.921+0000] {task_command.py:376} INFO - Running <TaskInstance: parallel_dag.load_b scheduled__2024-05-29T00:00:00+00:00 [running]> on host 38a931ce7762
[2024-05-30T15:04:57.188+0000] {taskinstance.py:1592} INFO - Exporting the following env vars:
AIRFLOW_CTX_DAG_OWNER=***
AIRFLOW_CTX_DAG_ID=parallel_dag
AIRFLOW_CTX_TASK_ID=load_b
AIRFLOW_CTX_EXECUTION_DATE=2024-05-29T00:00:00+00:00
AIRFLOW_CTX_TRY_NUMBER=1
AIRFLOW_CTX_DAG_RUN_ID=scheduled__2024-05-29T00:00:00+00:00
[2024-05-30T15:04:57.195+0000] {subprocess.py:63} INFO - Tmp dir root location: 
 /tmp
[2024-05-30T15:04:57.197+0000] {subprocess.py:75} INFO - Running command: ['/bin/bash', '-c', 'sleep 10']
[2024-05-30T15:04:57.221+0000] {subprocess.py:86} INFO - Output:
[2024-05-30T15:05:07.250+0000] {subprocess.py:97} INFO - Command exited with return code 0
[2024-05-30T15:05:07.418+0000] {taskinstance.py:1406} INFO - Marking task as SUCCESS. dag_id=parallel_dag, task_id=load_b, execution_date=20240529T000000, start_date=20240530T150456, end_date=20240530T150507
[2024-05-30T15:05:07.566+0000] {local_task_job.py:164} INFO - Task exited with return code 0
[2024-05-30T15:05:08.011+0000] {local_task_job.py:273} INFO - 1 downstream tasks scheduled from follow-on schedule check
