[2024-05-29T19:41:43.036+0000] {taskinstance.py:1165} INFO - Dependencies all met for <TaskInstance: 1_dag.create_table manual__2024-05-29T19:41:11.590015+00:00 [queued]>
[2024-05-29T19:41:43.185+0000] {taskinstance.py:1165} INFO - Dependencies all met for <TaskInstance: 1_dag.create_table manual__2024-05-29T19:41:11.590015+00:00 [queued]>
[2024-05-29T19:41:43.196+0000] {taskinstance.py:1362} INFO - 
--------------------------------------------------------------------------------
[2024-05-29T19:41:43.197+0000] {taskinstance.py:1363} INFO - Starting attempt 1 of 1
[2024-05-29T19:41:43.198+0000] {taskinstance.py:1364} INFO - 
--------------------------------------------------------------------------------
[2024-05-29T19:41:43.293+0000] {taskinstance.py:1383} INFO - Executing <Task(PostgresOperator): create_table> on 2024-05-29 19:41:11.590015+00:00
[2024-05-29T19:41:43.332+0000] {standard_task_runner.py:55} INFO - Started process 6008 to run task
[2024-05-29T19:41:43.346+0000] {standard_task_runner.py:82} INFO - Running: ['***', 'tasks', 'run', '1_dag', 'create_table', 'manual__2024-05-29T19:41:11.590015+00:00', '--job-id', '25', '--raw', '--subdir', 'DAGS_FOLDER/1_dag.py', '--cfg-path', '/tmp/tmpfk3jhvt8']
[2024-05-29T19:41:43.358+0000] {standard_task_runner.py:83} INFO - Job 25: Subtask create_table
[2024-05-29T19:41:44.127+0000] {task_command.py:376} INFO - Running <TaskInstance: 1_dag.create_table manual__2024-05-29T19:41:11.590015+00:00 [running]> on host 4b56679d13b8
[2024-05-29T19:41:44.939+0000] {taskinstance.py:1592} INFO - Exporting the following env vars:
AIRFLOW_CTX_DAG_OWNER=***
AIRFLOW_CTX_DAG_ID=1_dag
AIRFLOW_CTX_TASK_ID=create_table
AIRFLOW_CTX_EXECUTION_DATE=2024-05-29T19:41:11.590015+00:00
AIRFLOW_CTX_TRY_NUMBER=1
AIRFLOW_CTX_DAG_RUN_ID=manual__2024-05-29T19:41:11.590015+00:00
[2024-05-29T19:41:44.985+0000] {base.py:71} INFO - Using connection ID 'postgres' for task execution.
[2024-05-29T19:41:45.007+0000] {sql.py:315} INFO - Running statement: 
                                        CREATE TABLE IF NOT EXISTS users(
                                        firstname text not null,
                                        lastname text not null,
                                        country text not null,
                                        username text not null,
                                        password text not null,
                                        email text not null 
                                        );
                                   , parameters: None
[2024-05-29T19:41:45.241+0000] {taskinstance.py:1406} INFO - Marking task as SUCCESS. dag_id=1_dag, task_id=create_table, execution_date=20240529T194111, start_date=20240529T194143, end_date=20240529T194145
[2024-05-29T19:41:46.382+0000] {local_task_job.py:164} INFO - Task exited with return code 0
[2024-05-29T19:41:47.187+0000] {local_task_job.py:273} INFO - 1 downstream tasks scheduled from follow-on schedule check
