[2024-05-30T15:06:28.018+0000] {taskinstance.py:1165} INFO - Dependencies all met for <TaskInstance: parallel_dag.transform manual__2024-05-30T15:05:54.165929+00:00 [queued]>
[2024-05-30T15:06:28.058+0000] {taskinstance.py:1165} INFO - Dependencies all met for <TaskInstance: parallel_dag.transform manual__2024-05-30T15:05:54.165929+00:00 [queued]>
[2024-05-30T15:06:28.059+0000] {taskinstance.py:1362} INFO - 
--------------------------------------------------------------------------------
[2024-05-30T15:06:28.060+0000] {taskinstance.py:1363} INFO - Starting attempt 1 of 1
[2024-05-30T15:06:28.063+0000] {taskinstance.py:1364} INFO - 
--------------------------------------------------------------------------------
[2024-05-30T15:06:28.108+0000] {taskinstance.py:1383} INFO - Executing <Task(BashOperator): transform> on 2024-05-30 15:05:54.165929+00:00
[2024-05-30T15:06:28.124+0000] {standard_task_runner.py:55} INFO - Started process 350 to run task
[2024-05-30T15:06:28.135+0000] {standard_task_runner.py:82} INFO - Running: ['***', 'tasks', 'run', 'parallel_dag', 'transform', 'manual__2024-05-30T15:05:54.165929+00:00', '--job-id', '85', '--raw', '--subdir', 'DAGS_FOLDER/parallel_dag.py', '--cfg-path', '/tmp/tmppqxfu_tz']
[2024-05-30T15:06:28.136+0000] {standard_task_runner.py:83} INFO - Job 85: Subtask transform
[2024-05-30T15:06:28.338+0000] {task_command.py:376} INFO - Running <TaskInstance: parallel_dag.transform manual__2024-05-30T15:05:54.165929+00:00 [running]> on host 38a931ce7762
[2024-05-30T15:06:28.915+0000] {taskinstance.py:1592} INFO - Exporting the following env vars:
AIRFLOW_CTX_DAG_OWNER=***
AIRFLOW_CTX_DAG_ID=parallel_dag
AIRFLOW_CTX_TASK_ID=transform
AIRFLOW_CTX_EXECUTION_DATE=2024-05-30T15:05:54.165929+00:00
AIRFLOW_CTX_TRY_NUMBER=1
AIRFLOW_CTX_DAG_RUN_ID=manual__2024-05-30T15:05:54.165929+00:00
[2024-05-30T15:06:28.918+0000] {subprocess.py:63} INFO - Tmp dir root location: 
 /tmp
[2024-05-30T15:06:28.920+0000] {subprocess.py:75} INFO - Running command: ['/bin/bash', '-c', 'sleep 10']
[2024-05-30T15:06:28.945+0000] {subprocess.py:86} INFO - Output:
[2024-05-30T15:06:38.955+0000] {subprocess.py:97} INFO - Command exited with return code 0
[2024-05-30T15:06:39.052+0000] {taskinstance.py:1406} INFO - Marking task as SUCCESS. dag_id=parallel_dag, task_id=transform, execution_date=20240530T150554, start_date=20240530T150628, end_date=20240530T150639
[2024-05-30T15:06:39.141+0000] {local_task_job.py:164} INFO - Task exited with return code 0
[2024-05-30T15:06:39.288+0000] {local_task_job.py:273} INFO - 0 downstream tasks scheduled from follow-on schedule check
