[2024-05-27T10:27:32.671+0000] {taskinstance.py:1165} INFO - Dependencies all met for <TaskInstance: example_bash_operator.run_after_loop scheduled__2024-05-26T00:00:00+00:00 [queued]>
[2024-05-27T10:27:32.732+0000] {taskinstance.py:1165} INFO - Dependencies all met for <TaskInstance: example_bash_operator.run_after_loop scheduled__2024-05-26T00:00:00+00:00 [queued]>
[2024-05-27T10:27:32.737+0000] {taskinstance.py:1362} INFO - 
--------------------------------------------------------------------------------
[2024-05-27T10:27:32.742+0000] {taskinstance.py:1363} INFO - Starting attempt 1 of 1
[2024-05-27T10:27:32.743+0000] {taskinstance.py:1364} INFO - 
--------------------------------------------------------------------------------
[2024-05-27T10:27:32.836+0000] {taskinstance.py:1383} INFO - Executing <Task(BashOperator): run_after_loop> on 2024-05-26 00:00:00+00:00
[2024-05-27T10:27:32.892+0000] {standard_task_runner.py:55} INFO - Started process 411 to run task
[2024-05-27T10:27:32.927+0000] {standard_task_runner.py:82} INFO - Running: ['***', 'tasks', 'run', 'example_bash_operator', 'run_after_loop', 'scheduled__2024-05-26T00:00:00+00:00', '--job-id', '9', '--raw', '--subdir', '/home/***/.local/lib/python3.7/site-packages/***/example_dags/example_bash_operator.py', '--cfg-path', '/tmp/tmpob4iceq5']
[2024-05-27T10:27:32.930+0000] {standard_task_runner.py:83} INFO - Job 9: Subtask run_after_loop
[2024-05-27T10:27:33.320+0000] {task_command.py:376} INFO - Running <TaskInstance: example_bash_operator.run_after_loop scheduled__2024-05-26T00:00:00+00:00 [running]> on host a02a28a09c6d
[2024-05-27T10:27:33.990+0000] {taskinstance.py:1592} INFO - Exporting the following env vars:
AIRFLOW_CTX_DAG_OWNER=***
AIRFLOW_CTX_DAG_ID=example_bash_operator
AIRFLOW_CTX_TASK_ID=run_after_loop
AIRFLOW_CTX_EXECUTION_DATE=2024-05-26T00:00:00+00:00
AIRFLOW_CTX_TRY_NUMBER=1
AIRFLOW_CTX_DAG_RUN_ID=scheduled__2024-05-26T00:00:00+00:00
[2024-05-27T10:27:33.997+0000] {subprocess.py:63} INFO - Tmp dir root location: 
 /tmp
[2024-05-27T10:27:34.009+0000] {subprocess.py:75} INFO - Running command: ['/bin/bash', '-c', 'echo 1']
[2024-05-27T10:27:34.090+0000] {subprocess.py:86} INFO - Output:
[2024-05-27T10:27:34.103+0000] {subprocess.py:93} INFO - 1
[2024-05-27T10:27:34.110+0000] {subprocess.py:97} INFO - Command exited with return code 0
[2024-05-27T10:27:34.232+0000] {taskinstance.py:1406} INFO - Marking task as SUCCESS. dag_id=example_bash_operator, task_id=run_after_loop, execution_date=20240526T000000, start_date=20240527T102732, end_date=20240527T102734
[2024-05-27T10:27:34.483+0000] {local_task_job.py:164} INFO - Task exited with return code 0
[2024-05-27T10:27:34.752+0000] {local_task_job.py:273} INFO - 0 downstream tasks scheduled from follow-on schedule check
