[2024-05-29T19:42:55.376+0000] {processor.py:154} INFO - Started process (PID=3040) to work on /opt/airflow/dags/2_dag.py
[2024-05-29T19:42:55.383+0000] {processor.py:756} INFO - Processing file /opt/airflow/dags/2_dag.py for tasks to queue
[2024-05-29T19:42:55.390+0000] {logging_mixin.py:120} INFO - [2024-05-29T19:42:55.389+0000] {dagbag.py:537} INFO - Filling up the DagBag from /opt/airflow/dags/2_dag.py
[2024-05-29T19:42:57.917+0000] {processor.py:766} INFO - DAG(s) dict_keys(['2_dag']) retrieved from /opt/airflow/dags/2_dag.py
[2024-05-29T19:43:01.405+0000] {logging_mixin.py:120} INFO - [2024-05-29T19:43:01.404+0000] {manager.py:507} INFO - Created Permission View: can read on DAG:2_dag
[2024-05-29T19:43:01.440+0000] {logging_mixin.py:120} INFO - [2024-05-29T19:43:01.439+0000] {manager.py:507} INFO - Created Permission View: can delete on DAG:2_dag
[2024-05-29T19:43:01.468+0000] {logging_mixin.py:120} INFO - [2024-05-29T19:43:01.468+0000] {manager.py:507} INFO - Created Permission View: can edit on DAG:2_dag
[2024-05-29T19:43:01.471+0000] {logging_mixin.py:120} INFO - [2024-05-29T19:43:01.469+0000] {dag.py:2585} INFO - Sync 1 DAGs
[2024-05-29T19:43:01.512+0000] {logging_mixin.py:120} INFO - [2024-05-29T19:43:01.511+0000] {dag.py:2606} INFO - Creating ORM DAG for 2_dag
[2024-05-29T19:43:01.563+0000] {logging_mixin.py:120} INFO - [2024-05-29T19:43:01.563+0000] {dag.py:3340} INFO - Setting next_dagrun for 2_dag to 2024-05-28T00:00:00+00:00, run_after=2024-05-29T00:00:00+00:00
[2024-05-29T19:43:01.681+0000] {processor.py:176} INFO - Processing /opt/airflow/dags/2_dag.py took 6.360 seconds
[2024-05-29T19:43:42.220+0000] {processor.py:154} INFO - Started process (PID=3102) to work on /opt/airflow/dags/2_dag.py
[2024-05-29T19:43:42.225+0000] {processor.py:756} INFO - Processing file /opt/airflow/dags/2_dag.py for tasks to queue
[2024-05-29T19:43:42.229+0000] {logging_mixin.py:120} INFO - [2024-05-29T19:43:42.229+0000] {dagbag.py:537} INFO - Filling up the DagBag from /opt/airflow/dags/2_dag.py
[2024-05-29T19:43:44.056+0000] {processor.py:766} INFO - DAG(s) dict_keys(['2_dag']) retrieved from /opt/airflow/dags/2_dag.py
[2024-05-29T19:43:44.699+0000] {logging_mixin.py:120} INFO - [2024-05-29T19:43:44.698+0000] {dag.py:2585} INFO - Sync 1 DAGs
[2024-05-29T19:43:44.787+0000] {logging_mixin.py:120} INFO - [2024-05-29T19:43:44.786+0000] {dag.py:3340} INFO - Setting next_dagrun for 2_dag to 2024-05-28T00:00:00+00:00, run_after=2024-05-29T00:00:00+00:00
[2024-05-29T19:43:44.896+0000] {processor.py:176} INFO - Processing /opt/airflow/dags/2_dag.py took 2.685 seconds
[2024-05-29T19:44:13.716+0000] {processor.py:154} INFO - Started process (PID=3160) to work on /opt/airflow/dags/2_dag.py
[2024-05-29T19:44:13.722+0000] {processor.py:756} INFO - Processing file /opt/airflow/dags/2_dag.py for tasks to queue
[2024-05-29T19:44:13.734+0000] {logging_mixin.py:120} INFO - [2024-05-29T19:44:13.734+0000] {dagbag.py:537} INFO - Filling up the DagBag from /opt/airflow/dags/2_dag.py
[2024-05-29T19:44:16.885+0000] {processor.py:766} INFO - DAG(s) dict_keys(['2_dag']) retrieved from /opt/airflow/dags/2_dag.py
[2024-05-29T19:44:17.876+0000] {logging_mixin.py:120} INFO - [2024-05-29T19:44:17.875+0000] {dag.py:2585} INFO - Sync 1 DAGs
[2024-05-29T19:44:17.996+0000] {logging_mixin.py:120} INFO - [2024-05-29T19:44:17.996+0000] {dag.py:3340} INFO - Setting next_dagrun for 2_dag to 2024-05-28T00:00:00+00:00, run_after=2024-05-29T00:00:00+00:00
[2024-05-29T19:44:18.071+0000] {processor.py:176} INFO - Processing /opt/airflow/dags/2_dag.py took 4.371 seconds
[2024-05-29T19:44:52.968+0000] {processor.py:154} INFO - Started process (PID=3221) to work on /opt/airflow/dags/2_dag.py
[2024-05-29T19:44:52.972+0000] {processor.py:756} INFO - Processing file /opt/airflow/dags/2_dag.py for tasks to queue
[2024-05-29T19:44:52.980+0000] {logging_mixin.py:120} INFO - [2024-05-29T19:44:52.979+0000] {dagbag.py:537} INFO - Filling up the DagBag from /opt/airflow/dags/2_dag.py
[2024-05-29T19:44:54.657+0000] {processor.py:766} INFO - DAG(s) dict_keys(['2_dag']) retrieved from /opt/airflow/dags/2_dag.py
[2024-05-29T19:44:55.439+0000] {logging_mixin.py:120} INFO - [2024-05-29T19:44:55.438+0000] {dag.py:2585} INFO - Sync 1 DAGs
[2024-05-29T19:44:55.536+0000] {logging_mixin.py:120} INFO - [2024-05-29T19:44:55.536+0000] {dag.py:3340} INFO - Setting next_dagrun for 2_dag to 2024-05-28T00:00:00+00:00, run_after=2024-05-29T00:00:00+00:00
[2024-05-29T19:44:55.644+0000] {processor.py:176} INFO - Processing /opt/airflow/dags/2_dag.py took 2.680 seconds
[2024-05-29T19:45:26.085+0000] {processor.py:154} INFO - Started process (PID=3283) to work on /opt/airflow/dags/2_dag.py
[2024-05-29T19:45:26.096+0000] {processor.py:756} INFO - Processing file /opt/airflow/dags/2_dag.py for tasks to queue
[2024-05-29T19:45:26.100+0000] {logging_mixin.py:120} INFO - [2024-05-29T19:45:26.100+0000] {dagbag.py:537} INFO - Filling up the DagBag from /opt/airflow/dags/2_dag.py
[2024-05-29T19:45:28.187+0000] {processor.py:766} INFO - DAG(s) dict_keys(['2_dag']) retrieved from /opt/airflow/dags/2_dag.py
[2024-05-29T19:45:29.958+0000] {logging_mixin.py:120} INFO - [2024-05-29T19:45:29.906+0000] {dag.py:2585} INFO - Sync 1 DAGs
[2024-05-29T19:45:30.452+0000] {logging_mixin.py:120} INFO - [2024-05-29T19:45:30.452+0000] {dag.py:3340} INFO - Setting next_dagrun for 2_dag to 2024-05-28T00:00:00+00:00, run_after=2024-05-29T00:00:00+00:00
[2024-05-29T19:45:31.022+0000] {processor.py:176} INFO - Processing /opt/airflow/dags/2_dag.py took 4.944 seconds
[2024-05-29T19:46:04.294+0000] {processor.py:154} INFO - Started process (PID=3343) to work on /opt/airflow/dags/2_dag.py
[2024-05-29T19:46:04.307+0000] {processor.py:756} INFO - Processing file /opt/airflow/dags/2_dag.py for tasks to queue
[2024-05-29T19:46:04.309+0000] {logging_mixin.py:120} INFO - [2024-05-29T19:46:04.309+0000] {dagbag.py:537} INFO - Filling up the DagBag from /opt/airflow/dags/2_dag.py
[2024-05-29T19:46:06.571+0000] {processor.py:766} INFO - DAG(s) dict_keys(['2_dag']) retrieved from /opt/airflow/dags/2_dag.py
[2024-05-29T19:46:07.274+0000] {logging_mixin.py:120} INFO - [2024-05-29T19:46:07.273+0000] {dag.py:2585} INFO - Sync 1 DAGs
[2024-05-29T19:46:07.362+0000] {logging_mixin.py:120} INFO - [2024-05-29T19:46:07.362+0000] {dag.py:3340} INFO - Setting next_dagrun for 2_dag to 2024-05-28T00:00:00+00:00, run_after=2024-05-29T00:00:00+00:00
[2024-05-29T19:46:07.415+0000] {processor.py:176} INFO - Processing /opt/airflow/dags/2_dag.py took 3.130 seconds
[2024-05-29T19:46:37.543+0000] {processor.py:154} INFO - Started process (PID=3405) to work on /opt/airflow/dags/2_dag.py
[2024-05-29T19:46:37.549+0000] {processor.py:756} INFO - Processing file /opt/airflow/dags/2_dag.py for tasks to queue
[2024-05-29T19:46:37.551+0000] {logging_mixin.py:120} INFO - [2024-05-29T19:46:37.551+0000] {dagbag.py:537} INFO - Filling up the DagBag from /opt/airflow/dags/2_dag.py
[2024-05-29T19:46:39.583+0000] {processor.py:766} INFO - DAG(s) dict_keys(['2_dag']) retrieved from /opt/airflow/dags/2_dag.py
[2024-05-29T19:46:44.383+0000] {logging_mixin.py:120} INFO - [2024-05-29T19:46:44.382+0000] {dag.py:2585} INFO - Sync 1 DAGs
[2024-05-29T19:46:44.532+0000] {logging_mixin.py:120} INFO - [2024-05-29T19:46:44.531+0000] {dag.py:3340} INFO - Setting next_dagrun for 2_dag to 2024-05-28T00:00:00+00:00, run_after=2024-05-29T00:00:00+00:00
[2024-05-29T19:46:44.970+0000] {processor.py:176} INFO - Processing /opt/airflow/dags/2_dag.py took 7.435 seconds
[2024-05-29T19:47:15.669+0000] {processor.py:154} INFO - Started process (PID=3466) to work on /opt/airflow/dags/2_dag.py
[2024-05-29T19:47:15.672+0000] {processor.py:756} INFO - Processing file /opt/airflow/dags/2_dag.py for tasks to queue
[2024-05-29T19:47:15.674+0000] {logging_mixin.py:120} INFO - [2024-05-29T19:47:15.673+0000] {dagbag.py:537} INFO - Filling up the DagBag from /opt/airflow/dags/2_dag.py
[2024-05-29T19:47:16.522+0000] {processor.py:766} INFO - DAG(s) dict_keys(['2_dag']) retrieved from /opt/airflow/dags/2_dag.py
[2024-05-29T19:47:17.466+0000] {logging_mixin.py:120} INFO - [2024-05-29T19:47:17.465+0000] {dag.py:2585} INFO - Sync 1 DAGs
[2024-05-29T19:47:17.550+0000] {logging_mixin.py:120} INFO - [2024-05-29T19:47:17.550+0000] {dag.py:3340} INFO - Setting next_dagrun for 2_dag to 2024-05-28T00:00:00+00:00, run_after=2024-05-29T00:00:00+00:00
[2024-05-29T19:47:17.595+0000] {processor.py:176} INFO - Processing /opt/airflow/dags/2_dag.py took 1.933 seconds
[2024-05-29T19:47:47.672+0000] {processor.py:154} INFO - Started process (PID=3525) to work on /opt/airflow/dags/2_dag.py
[2024-05-29T19:47:47.674+0000] {processor.py:756} INFO - Processing file /opt/airflow/dags/2_dag.py for tasks to queue
[2024-05-29T19:47:47.677+0000] {logging_mixin.py:120} INFO - [2024-05-29T19:47:47.677+0000] {dagbag.py:537} INFO - Filling up the DagBag from /opt/airflow/dags/2_dag.py
[2024-05-29T19:47:49.056+0000] {processor.py:766} INFO - DAG(s) dict_keys(['2_dag']) retrieved from /opt/airflow/dags/2_dag.py
[2024-05-29T19:47:49.734+0000] {logging_mixin.py:120} INFO - [2024-05-29T19:47:49.733+0000] {dag.py:2585} INFO - Sync 1 DAGs
[2024-05-29T19:47:49.777+0000] {logging_mixin.py:120} INFO - [2024-05-29T19:47:49.776+0000] {dag.py:3340} INFO - Setting next_dagrun for 2_dag to 2024-05-28T00:00:00+00:00, run_after=2024-05-29T00:00:00+00:00
[2024-05-29T19:47:49.817+0000] {processor.py:176} INFO - Processing /opt/airflow/dags/2_dag.py took 2.162 seconds
[2024-05-29T19:48:25.709+0000] {processor.py:154} INFO - Started process (PID=3577) to work on /opt/airflow/dags/2_dag.py
[2024-05-29T19:48:25.716+0000] {processor.py:756} INFO - Processing file /opt/airflow/dags/2_dag.py for tasks to queue
[2024-05-29T19:48:25.718+0000] {logging_mixin.py:120} INFO - [2024-05-29T19:48:25.718+0000] {dagbag.py:537} INFO - Filling up the DagBag from /opt/airflow/dags/2_dag.py
[2024-05-29T19:48:27.544+0000] {processor.py:766} INFO - DAG(s) dict_keys(['2_dag']) retrieved from /opt/airflow/dags/2_dag.py
[2024-05-29T19:48:28.438+0000] {logging_mixin.py:120} INFO - [2024-05-29T19:48:28.437+0000] {dag.py:2585} INFO - Sync 1 DAGs
[2024-05-29T19:48:28.541+0000] {logging_mixin.py:120} INFO - [2024-05-29T19:48:28.535+0000] {dag.py:3340} INFO - Setting next_dagrun for 2_dag to 2024-05-28T00:00:00+00:00, run_after=2024-05-29T00:00:00+00:00
[2024-05-29T19:48:28.601+0000] {processor.py:176} INFO - Processing /opt/airflow/dags/2_dag.py took 2.900 seconds
[2024-05-29T19:48:59.141+0000] {processor.py:154} INFO - Started process (PID=3638) to work on /opt/airflow/dags/2_dag.py
[2024-05-29T19:48:59.144+0000] {processor.py:756} INFO - Processing file /opt/airflow/dags/2_dag.py for tasks to queue
[2024-05-29T19:48:59.149+0000] {logging_mixin.py:120} INFO - [2024-05-29T19:48:59.148+0000] {dagbag.py:537} INFO - Filling up the DagBag from /opt/airflow/dags/2_dag.py
[2024-05-29T19:49:00.246+0000] {processor.py:766} INFO - DAG(s) dict_keys(['2_dag']) retrieved from /opt/airflow/dags/2_dag.py
[2024-05-29T19:49:02.024+0000] {logging_mixin.py:120} INFO - [2024-05-29T19:49:02.015+0000] {dag.py:2585} INFO - Sync 1 DAGs
[2024-05-29T19:49:02.235+0000] {logging_mixin.py:120} INFO - [2024-05-29T19:49:02.235+0000] {dag.py:3340} INFO - Setting next_dagrun for 2_dag to 2024-05-28T00:00:00+00:00, run_after=2024-05-29T00:00:00+00:00
[2024-05-29T19:49:02.557+0000] {processor.py:176} INFO - Processing /opt/airflow/dags/2_dag.py took 3.429 seconds
[2024-05-29T19:49:34.453+0000] {processor.py:154} INFO - Started process (PID=3699) to work on /opt/airflow/dags/2_dag.py
[2024-05-29T19:49:34.455+0000] {processor.py:756} INFO - Processing file /opt/airflow/dags/2_dag.py for tasks to queue
[2024-05-29T19:49:34.457+0000] {logging_mixin.py:120} INFO - [2024-05-29T19:49:34.457+0000] {dagbag.py:537} INFO - Filling up the DagBag from /opt/airflow/dags/2_dag.py
[2024-05-29T19:49:35.901+0000] {processor.py:766} INFO - DAG(s) dict_keys(['2_dag']) retrieved from /opt/airflow/dags/2_dag.py
[2024-05-29T19:49:36.701+0000] {logging_mixin.py:120} INFO - [2024-05-29T19:49:36.699+0000] {dag.py:2585} INFO - Sync 1 DAGs
[2024-05-29T19:49:36.778+0000] {logging_mixin.py:120} INFO - [2024-05-29T19:49:36.777+0000] {dag.py:3340} INFO - Setting next_dagrun for 2_dag to 2024-05-28T00:00:00+00:00, run_after=2024-05-29T00:00:00+00:00
[2024-05-29T19:49:37.066+0000] {processor.py:176} INFO - Processing /opt/airflow/dags/2_dag.py took 2.623 seconds
[2024-05-29T19:50:07.598+0000] {processor.py:154} INFO - Started process (PID=3760) to work on /opt/airflow/dags/2_dag.py
[2024-05-29T19:50:07.601+0000] {processor.py:756} INFO - Processing file /opt/airflow/dags/2_dag.py for tasks to queue
[2024-05-29T19:50:07.603+0000] {logging_mixin.py:120} INFO - [2024-05-29T19:50:07.603+0000] {dagbag.py:537} INFO - Filling up the DagBag from /opt/airflow/dags/2_dag.py
[2024-05-29T19:50:08.314+0000] {processor.py:766} INFO - DAG(s) dict_keys(['2_dag']) retrieved from /opt/airflow/dags/2_dag.py
[2024-05-29T19:50:08.792+0000] {logging_mixin.py:120} INFO - [2024-05-29T19:50:08.791+0000] {dag.py:2585} INFO - Sync 1 DAGs
[2024-05-29T19:50:08.855+0000] {logging_mixin.py:120} INFO - [2024-05-29T19:50:08.854+0000] {dag.py:3340} INFO - Setting next_dagrun for 2_dag to 2024-05-28T00:00:00+00:00, run_after=2024-05-29T00:00:00+00:00
[2024-05-29T19:50:08.907+0000] {processor.py:176} INFO - Processing /opt/airflow/dags/2_dag.py took 1.317 seconds
[2024-05-29T19:50:39.495+0000] {processor.py:154} INFO - Started process (PID=3820) to work on /opt/airflow/dags/2_dag.py
[2024-05-29T19:50:39.498+0000] {processor.py:756} INFO - Processing file /opt/airflow/dags/2_dag.py for tasks to queue
[2024-05-29T19:50:39.500+0000] {logging_mixin.py:120} INFO - [2024-05-29T19:50:39.499+0000] {dagbag.py:537} INFO - Filling up the DagBag from /opt/airflow/dags/2_dag.py
[2024-05-29T19:50:40.250+0000] {processor.py:766} INFO - DAG(s) dict_keys(['2_dag']) retrieved from /opt/airflow/dags/2_dag.py
[2024-05-29T19:50:40.855+0000] {logging_mixin.py:120} INFO - [2024-05-29T19:50:40.854+0000] {dag.py:2585} INFO - Sync 1 DAGs
[2024-05-29T19:50:40.921+0000] {logging_mixin.py:120} INFO - [2024-05-29T19:50:40.920+0000] {dag.py:3340} INFO - Setting next_dagrun for 2_dag to 2024-05-28T00:00:00+00:00, run_after=2024-05-29T00:00:00+00:00
[2024-05-29T19:50:40.980+0000] {processor.py:176} INFO - Processing /opt/airflow/dags/2_dag.py took 1.494 seconds
[2024-05-29T19:51:11.387+0000] {processor.py:154} INFO - Started process (PID=3888) to work on /opt/airflow/dags/2_dag.py
[2024-05-29T19:51:11.390+0000] {processor.py:756} INFO - Processing file /opt/airflow/dags/2_dag.py for tasks to queue
[2024-05-29T19:51:11.393+0000] {logging_mixin.py:120} INFO - [2024-05-29T19:51:11.392+0000] {dagbag.py:537} INFO - Filling up the DagBag from /opt/airflow/dags/2_dag.py
[2024-05-29T19:51:12.345+0000] {processor.py:766} INFO - DAG(s) dict_keys(['2_dag']) retrieved from /opt/airflow/dags/2_dag.py
[2024-05-29T19:51:12.864+0000] {logging_mixin.py:120} INFO - [2024-05-29T19:51:12.863+0000] {dag.py:2585} INFO - Sync 1 DAGs
[2024-05-29T19:51:12.930+0000] {logging_mixin.py:120} INFO - [2024-05-29T19:51:12.930+0000] {dag.py:3340} INFO - Setting next_dagrun for 2_dag to 2024-05-28T00:00:00+00:00, run_after=2024-05-29T00:00:00+00:00
[2024-05-29T19:51:12.983+0000] {processor.py:176} INFO - Processing /opt/airflow/dags/2_dag.py took 1.608 seconds
[2024-05-29T19:51:43.599+0000] {processor.py:154} INFO - Started process (PID=3947) to work on /opt/airflow/dags/2_dag.py
[2024-05-29T19:51:43.619+0000] {processor.py:756} INFO - Processing file /opt/airflow/dags/2_dag.py for tasks to queue
[2024-05-29T19:51:43.634+0000] {logging_mixin.py:120} INFO - [2024-05-29T19:51:43.630+0000] {dagbag.py:537} INFO - Filling up the DagBag from /opt/airflow/dags/2_dag.py
[2024-05-29T19:51:44.749+0000] {processor.py:766} INFO - DAG(s) dict_keys(['2_dag']) retrieved from /opt/airflow/dags/2_dag.py
[2024-05-29T19:51:45.828+0000] {logging_mixin.py:120} INFO - [2024-05-29T19:51:45.826+0000] {dag.py:2585} INFO - Sync 1 DAGs
[2024-05-29T19:51:45.905+0000] {logging_mixin.py:120} INFO - [2024-05-29T19:51:45.904+0000] {dag.py:3340} INFO - Setting next_dagrun for 2_dag to 2024-05-28T00:00:00+00:00, run_after=2024-05-29T00:00:00+00:00
[2024-05-29T19:51:46.115+0000] {processor.py:176} INFO - Processing /opt/airflow/dags/2_dag.py took 2.525 seconds
[2024-05-29T19:52:17.371+0000] {processor.py:154} INFO - Started process (PID=4007) to work on /opt/airflow/dags/2_dag.py
[2024-05-29T19:52:17.392+0000] {processor.py:756} INFO - Processing file /opt/airflow/dags/2_dag.py for tasks to queue
[2024-05-29T19:52:17.395+0000] {logging_mixin.py:120} INFO - [2024-05-29T19:52:17.395+0000] {dagbag.py:537} INFO - Filling up the DagBag from /opt/airflow/dags/2_dag.py
[2024-05-29T19:52:18.073+0000] {processor.py:766} INFO - DAG(s) dict_keys(['2_dag']) retrieved from /opt/airflow/dags/2_dag.py
[2024-05-29T19:52:18.435+0000] {logging_mixin.py:120} INFO - [2024-05-29T19:52:18.434+0000] {dag.py:2585} INFO - Sync 1 DAGs
[2024-05-29T19:52:18.481+0000] {logging_mixin.py:120} INFO - [2024-05-29T19:52:18.481+0000] {dag.py:3340} INFO - Setting next_dagrun for 2_dag to 2024-05-28T00:00:00+00:00, run_after=2024-05-29T00:00:00+00:00
[2024-05-29T19:52:18.530+0000] {processor.py:176} INFO - Processing /opt/airflow/dags/2_dag.py took 1.168 seconds
[2024-05-29T19:52:48.905+0000] {processor.py:154} INFO - Started process (PID=4066) to work on /opt/airflow/dags/2_dag.py
[2024-05-29T19:52:48.907+0000] {processor.py:756} INFO - Processing file /opt/airflow/dags/2_dag.py for tasks to queue
[2024-05-29T19:52:48.912+0000] {logging_mixin.py:120} INFO - [2024-05-29T19:52:48.911+0000] {dagbag.py:537} INFO - Filling up the DagBag from /opt/airflow/dags/2_dag.py
[2024-05-29T19:52:49.980+0000] {processor.py:766} INFO - DAG(s) dict_keys(['2_dag']) retrieved from /opt/airflow/dags/2_dag.py
[2024-05-29T19:52:50.667+0000] {logging_mixin.py:120} INFO - [2024-05-29T19:52:50.666+0000] {dag.py:2585} INFO - Sync 1 DAGs
[2024-05-29T19:52:50.730+0000] {logging_mixin.py:120} INFO - [2024-05-29T19:52:50.730+0000] {dag.py:3340} INFO - Setting next_dagrun for 2_dag to 2024-05-28T00:00:00+00:00, run_after=2024-05-29T00:00:00+00:00
[2024-05-29T19:52:50.776+0000] {processor.py:176} INFO - Processing /opt/airflow/dags/2_dag.py took 1.876 seconds
[2024-05-29T19:53:20.848+0000] {processor.py:154} INFO - Started process (PID=4125) to work on /opt/airflow/dags/2_dag.py
[2024-05-29T19:53:20.850+0000] {processor.py:756} INFO - Processing file /opt/airflow/dags/2_dag.py for tasks to queue
[2024-05-29T19:53:20.857+0000] {logging_mixin.py:120} INFO - [2024-05-29T19:53:20.856+0000] {dagbag.py:537} INFO - Filling up the DagBag from /opt/airflow/dags/2_dag.py
[2024-05-29T19:53:21.827+0000] {processor.py:766} INFO - DAG(s) dict_keys(['2_dag']) retrieved from /opt/airflow/dags/2_dag.py
[2024-05-29T19:53:22.532+0000] {logging_mixin.py:120} INFO - [2024-05-29T19:53:22.531+0000] {dag.py:2585} INFO - Sync 1 DAGs
[2024-05-29T19:53:22.601+0000] {logging_mixin.py:120} INFO - [2024-05-29T19:53:22.601+0000] {dag.py:3340} INFO - Setting next_dagrun for 2_dag to 2024-05-28T00:00:00+00:00, run_after=2024-05-29T00:00:00+00:00
[2024-05-29T19:53:22.689+0000] {processor.py:176} INFO - Processing /opt/airflow/dags/2_dag.py took 1.847 seconds
[2024-05-29T19:53:54.746+0000] {processor.py:154} INFO - Started process (PID=4182) to work on /opt/airflow/dags/2_dag.py
[2024-05-29T19:53:54.758+0000] {processor.py:756} INFO - Processing file /opt/airflow/dags/2_dag.py for tasks to queue
[2024-05-29T19:53:54.772+0000] {logging_mixin.py:120} INFO - [2024-05-29T19:53:54.771+0000] {dagbag.py:537} INFO - Filling up the DagBag from /opt/airflow/dags/2_dag.py
[2024-05-29T19:53:58.503+0000] {processor.py:766} INFO - DAG(s) dict_keys(['2_dag']) retrieved from /opt/airflow/dags/2_dag.py
[2024-05-29T19:53:59.253+0000] {logging_mixin.py:120} INFO - [2024-05-29T19:53:59.251+0000] {dag.py:2585} INFO - Sync 1 DAGs
[2024-05-29T19:53:59.321+0000] {logging_mixin.py:120} INFO - [2024-05-29T19:53:59.321+0000] {dag.py:3340} INFO - Setting next_dagrun for 2_dag to 2024-05-28T00:00:00+00:00, run_after=2024-05-29T00:00:00+00:00
[2024-05-29T19:53:59.372+0000] {processor.py:176} INFO - Processing /opt/airflow/dags/2_dag.py took 4.642 seconds
[2024-05-29T19:54:31.279+0000] {processor.py:154} INFO - Started process (PID=4242) to work on /opt/airflow/dags/2_dag.py
[2024-05-29T19:54:31.283+0000] {processor.py:756} INFO - Processing file /opt/airflow/dags/2_dag.py for tasks to queue
[2024-05-29T19:54:31.289+0000] {logging_mixin.py:120} INFO - [2024-05-29T19:54:31.285+0000] {dagbag.py:537} INFO - Filling up the DagBag from /opt/airflow/dags/2_dag.py
[2024-05-29T19:54:32.976+0000] {processor.py:766} INFO - DAG(s) dict_keys(['2_dag']) retrieved from /opt/airflow/dags/2_dag.py
[2024-05-29T19:54:33.953+0000] {logging_mixin.py:120} INFO - [2024-05-29T19:54:33.950+0000] {dag.py:2585} INFO - Sync 1 DAGs
[2024-05-29T19:54:34.026+0000] {logging_mixin.py:120} INFO - [2024-05-29T19:54:34.025+0000] {dag.py:3340} INFO - Setting next_dagrun for 2_dag to 2024-05-28T00:00:00+00:00, run_after=2024-05-29T00:00:00+00:00
[2024-05-29T19:54:34.082+0000] {processor.py:176} INFO - Processing /opt/airflow/dags/2_dag.py took 2.821 seconds
[2024-05-29T19:55:04.196+0000] {processor.py:154} INFO - Started process (PID=4303) to work on /opt/airflow/dags/2_dag.py
[2024-05-29T19:55:04.200+0000] {processor.py:756} INFO - Processing file /opt/airflow/dags/2_dag.py for tasks to queue
[2024-05-29T19:55:04.218+0000] {logging_mixin.py:120} INFO - [2024-05-29T19:55:04.217+0000] {dagbag.py:537} INFO - Filling up the DagBag from /opt/airflow/dags/2_dag.py
[2024-05-29T19:55:05.091+0000] {processor.py:766} INFO - DAG(s) dict_keys(['2_dag']) retrieved from /opt/airflow/dags/2_dag.py
[2024-05-29T19:55:06.451+0000] {logging_mixin.py:120} INFO - [2024-05-29T19:55:06.451+0000] {dag.py:2585} INFO - Sync 1 DAGs
[2024-05-29T19:55:06.574+0000] {logging_mixin.py:120} INFO - [2024-05-29T19:55:06.573+0000] {dag.py:3340} INFO - Setting next_dagrun for 2_dag to 2024-05-28T00:00:00+00:00, run_after=2024-05-29T00:00:00+00:00
[2024-05-29T19:55:06.774+0000] {processor.py:176} INFO - Processing /opt/airflow/dags/2_dag.py took 2.585 seconds
[2024-05-29T19:55:37.385+0000] {processor.py:154} INFO - Started process (PID=4365) to work on /opt/airflow/dags/2_dag.py
[2024-05-29T19:55:37.397+0000] {processor.py:756} INFO - Processing file /opt/airflow/dags/2_dag.py for tasks to queue
[2024-05-29T19:55:37.400+0000] {logging_mixin.py:120} INFO - [2024-05-29T19:55:37.400+0000] {dagbag.py:537} INFO - Filling up the DagBag from /opt/airflow/dags/2_dag.py
[2024-05-29T19:55:39.548+0000] {processor.py:766} INFO - DAG(s) dict_keys(['2_dag']) retrieved from /opt/airflow/dags/2_dag.py
[2024-05-29T19:55:41.099+0000] {logging_mixin.py:120} INFO - [2024-05-29T19:55:41.098+0000] {dag.py:2585} INFO - Sync 1 DAGs
[2024-05-29T19:55:41.194+0000] {logging_mixin.py:120} INFO - [2024-05-29T19:55:41.194+0000] {dag.py:3340} INFO - Setting next_dagrun for 2_dag to 2024-05-28T00:00:00+00:00, run_after=2024-05-29T00:00:00+00:00
[2024-05-29T19:55:41.396+0000] {processor.py:176} INFO - Processing /opt/airflow/dags/2_dag.py took 4.018 seconds
[2024-05-29T19:56:12.041+0000] {processor.py:154} INFO - Started process (PID=4428) to work on /opt/airflow/dags/2_dag.py
[2024-05-29T19:56:12.043+0000] {processor.py:756} INFO - Processing file /opt/airflow/dags/2_dag.py for tasks to queue
[2024-05-29T19:56:12.049+0000] {logging_mixin.py:120} INFO - [2024-05-29T19:56:12.049+0000] {dagbag.py:537} INFO - Filling up the DagBag from /opt/airflow/dags/2_dag.py
[2024-05-29T19:56:14.129+0000] {processor.py:766} INFO - DAG(s) dict_keys(['2_dag']) retrieved from /opt/airflow/dags/2_dag.py
[2024-05-29T19:56:16.455+0000] {logging_mixin.py:120} INFO - [2024-05-29T19:56:16.454+0000] {dag.py:2585} INFO - Sync 1 DAGs
[2024-05-29T19:56:16.603+0000] {logging_mixin.py:120} INFO - [2024-05-29T19:56:16.602+0000] {dag.py:3340} INFO - Setting next_dagrun for 2_dag to 2024-05-28T00:00:00+00:00, run_after=2024-05-29T00:00:00+00:00
[2024-05-29T19:56:16.742+0000] {processor.py:176} INFO - Processing /opt/airflow/dags/2_dag.py took 4.709 seconds
[2024-05-29T19:56:47.046+0000] {processor.py:154} INFO - Started process (PID=4482) to work on /opt/airflow/dags/2_dag.py
[2024-05-29T19:56:47.048+0000] {processor.py:756} INFO - Processing file /opt/airflow/dags/2_dag.py for tasks to queue
[2024-05-29T19:56:47.050+0000] {logging_mixin.py:120} INFO - [2024-05-29T19:56:47.049+0000] {dagbag.py:537} INFO - Filling up the DagBag from /opt/airflow/dags/2_dag.py
[2024-05-29T19:56:47.792+0000] {processor.py:766} INFO - DAG(s) dict_keys(['2_dag']) retrieved from /opt/airflow/dags/2_dag.py
[2024-05-29T19:56:48.854+0000] {logging_mixin.py:120} INFO - [2024-05-29T19:56:48.854+0000] {dag.py:2585} INFO - Sync 1 DAGs
[2024-05-29T19:56:48.930+0000] {logging_mixin.py:120} INFO - [2024-05-29T19:56:48.929+0000] {dag.py:3340} INFO - Setting next_dagrun for 2_dag to 2024-05-28T00:00:00+00:00, run_after=2024-05-29T00:00:00+00:00
[2024-05-29T19:56:48.983+0000] {processor.py:176} INFO - Processing /opt/airflow/dags/2_dag.py took 1.945 seconds
[2024-05-29T19:57:19.079+0000] {processor.py:154} INFO - Started process (PID=4550) to work on /opt/airflow/dags/2_dag.py
[2024-05-29T19:57:19.081+0000] {processor.py:756} INFO - Processing file /opt/airflow/dags/2_dag.py for tasks to queue
[2024-05-29T19:57:19.085+0000] {logging_mixin.py:120} INFO - [2024-05-29T19:57:19.083+0000] {dagbag.py:537} INFO - Filling up the DagBag from /opt/airflow/dags/2_dag.py
[2024-05-29T19:57:20.447+0000] {processor.py:766} INFO - DAG(s) dict_keys(['2_dag']) retrieved from /opt/airflow/dags/2_dag.py
[2024-05-29T19:57:21.423+0000] {logging_mixin.py:120} INFO - [2024-05-29T19:57:21.422+0000] {dag.py:2585} INFO - Sync 1 DAGs
[2024-05-29T19:57:21.491+0000] {logging_mixin.py:120} INFO - [2024-05-29T19:57:21.490+0000] {dag.py:3340} INFO - Setting next_dagrun for 2_dag to 2024-05-28T00:00:00+00:00, run_after=2024-05-29T00:00:00+00:00
[2024-05-29T19:57:21.536+0000] {processor.py:176} INFO - Processing /opt/airflow/dags/2_dag.py took 2.462 seconds
[2024-05-29T19:57:52.178+0000] {processor.py:154} INFO - Started process (PID=4607) to work on /opt/airflow/dags/2_dag.py
[2024-05-29T19:57:52.197+0000] {processor.py:756} INFO - Processing file /opt/airflow/dags/2_dag.py for tasks to queue
[2024-05-29T19:57:52.203+0000] {logging_mixin.py:120} INFO - [2024-05-29T19:57:52.202+0000] {dagbag.py:537} INFO - Filling up the DagBag from /opt/airflow/dags/2_dag.py
[2024-05-29T19:57:54.592+0000] {processor.py:766} INFO - DAG(s) dict_keys(['2_dag']) retrieved from /opt/airflow/dags/2_dag.py
[2024-05-29T19:57:55.262+0000] {logging_mixin.py:120} INFO - [2024-05-29T19:57:55.261+0000] {dag.py:2585} INFO - Sync 1 DAGs
[2024-05-29T19:57:55.395+0000] {logging_mixin.py:120} INFO - [2024-05-29T19:57:55.395+0000] {dag.py:3340} INFO - Setting next_dagrun for 2_dag to 2024-05-28T00:00:00+00:00, run_after=2024-05-29T00:00:00+00:00
[2024-05-29T19:57:55.449+0000] {processor.py:176} INFO - Processing /opt/airflow/dags/2_dag.py took 3.336 seconds
[2024-05-29T19:58:25.955+0000] {processor.py:154} INFO - Started process (PID=4659) to work on /opt/airflow/dags/2_dag.py
[2024-05-29T19:58:25.959+0000] {processor.py:756} INFO - Processing file /opt/airflow/dags/2_dag.py for tasks to queue
[2024-05-29T19:58:25.962+0000] {logging_mixin.py:120} INFO - [2024-05-29T19:58:25.962+0000] {dagbag.py:537} INFO - Filling up the DagBag from /opt/airflow/dags/2_dag.py
[2024-05-29T19:58:27.991+0000] {processor.py:766} INFO - DAG(s) dict_keys(['2_dag']) retrieved from /opt/airflow/dags/2_dag.py
[2024-05-29T19:58:28.997+0000] {logging_mixin.py:120} INFO - [2024-05-29T19:58:28.991+0000] {dag.py:2585} INFO - Sync 1 DAGs
[2024-05-29T19:58:29.205+0000] {logging_mixin.py:120} INFO - [2024-05-29T19:58:29.204+0000] {dag.py:3340} INFO - Setting next_dagrun for 2_dag to 2024-05-28T00:00:00+00:00, run_after=2024-05-29T00:00:00+00:00
[2024-05-29T19:58:29.278+0000] {processor.py:176} INFO - Processing /opt/airflow/dags/2_dag.py took 3.331 seconds
[2024-05-29T19:58:59.367+0000] {processor.py:154} INFO - Started process (PID=4719) to work on /opt/airflow/dags/2_dag.py
[2024-05-29T19:58:59.372+0000] {processor.py:756} INFO - Processing file /opt/airflow/dags/2_dag.py for tasks to queue
[2024-05-29T19:58:59.383+0000] {logging_mixin.py:120} INFO - [2024-05-29T19:58:59.383+0000] {dagbag.py:537} INFO - Filling up the DagBag from /opt/airflow/dags/2_dag.py
[2024-05-29T19:59:00.478+0000] {processor.py:766} INFO - DAG(s) dict_keys(['2_dag']) retrieved from /opt/airflow/dags/2_dag.py
[2024-05-29T19:59:01.137+0000] {logging_mixin.py:120} INFO - [2024-05-29T19:59:01.136+0000] {dag.py:2585} INFO - Sync 1 DAGs
[2024-05-29T19:59:01.195+0000] {logging_mixin.py:120} INFO - [2024-05-29T19:59:01.194+0000] {dag.py:3340} INFO - Setting next_dagrun for 2_dag to 2024-05-28T00:00:00+00:00, run_after=2024-05-29T00:00:00+00:00
[2024-05-29T19:59:01.277+0000] {processor.py:176} INFO - Processing /opt/airflow/dags/2_dag.py took 1.918 seconds
[2024-05-29T19:59:31.674+0000] {processor.py:154} INFO - Started process (PID=4789) to work on /opt/airflow/dags/2_dag.py
[2024-05-29T19:59:31.677+0000] {processor.py:756} INFO - Processing file /opt/airflow/dags/2_dag.py for tasks to queue
[2024-05-29T19:59:31.678+0000] {logging_mixin.py:120} INFO - [2024-05-29T19:59:31.678+0000] {dagbag.py:537} INFO - Filling up the DagBag from /opt/airflow/dags/2_dag.py
[2024-05-29T19:59:32.293+0000] {processor.py:766} INFO - DAG(s) dict_keys(['2_dag']) retrieved from /opt/airflow/dags/2_dag.py
[2024-05-29T19:59:32.908+0000] {logging_mixin.py:120} INFO - [2024-05-29T19:59:32.907+0000] {dag.py:2585} INFO - Sync 1 DAGs
[2024-05-29T19:59:32.987+0000] {logging_mixin.py:120} INFO - [2024-05-29T19:59:32.987+0000] {dag.py:3340} INFO - Setting next_dagrun for 2_dag to 2024-05-28T00:00:00+00:00, run_after=2024-05-29T00:00:00+00:00
[2024-05-29T19:59:33.037+0000] {processor.py:176} INFO - Processing /opt/airflow/dags/2_dag.py took 1.369 seconds
[2024-05-29T20:00:03.679+0000] {processor.py:154} INFO - Started process (PID=4849) to work on /opt/airflow/dags/2_dag.py
[2024-05-29T20:00:03.702+0000] {processor.py:756} INFO - Processing file /opt/airflow/dags/2_dag.py for tasks to queue
[2024-05-29T20:00:03.720+0000] {logging_mixin.py:120} INFO - [2024-05-29T20:00:03.720+0000] {dagbag.py:537} INFO - Filling up the DagBag from /opt/airflow/dags/2_dag.py
[2024-05-29T20:00:04.434+0000] {processor.py:766} INFO - DAG(s) dict_keys(['2_dag']) retrieved from /opt/airflow/dags/2_dag.py
[2024-05-29T20:00:04.845+0000] {logging_mixin.py:120} INFO - [2024-05-29T20:00:04.845+0000] {dag.py:2585} INFO - Sync 1 DAGs
[2024-05-29T20:00:04.891+0000] {logging_mixin.py:120} INFO - [2024-05-29T20:00:04.890+0000] {dag.py:3340} INFO - Setting next_dagrun for 2_dag to 2024-05-28T00:00:00+00:00, run_after=2024-05-29T00:00:00+00:00
[2024-05-29T20:00:07.752+0000] {processor.py:176} INFO - Processing /opt/airflow/dags/2_dag.py took 4.132 seconds
[2024-05-29T20:00:38.035+0000] {processor.py:154} INFO - Started process (PID=4920) to work on /opt/airflow/dags/2_dag.py
[2024-05-29T20:00:38.056+0000] {processor.py:756} INFO - Processing file /opt/airflow/dags/2_dag.py for tasks to queue
[2024-05-29T20:00:38.065+0000] {logging_mixin.py:120} INFO - [2024-05-29T20:00:38.065+0000] {dagbag.py:537} INFO - Filling up the DagBag from /opt/airflow/dags/2_dag.py
[2024-05-29T20:00:38.955+0000] {processor.py:766} INFO - DAG(s) dict_keys(['2_dag']) retrieved from /opt/airflow/dags/2_dag.py
[2024-05-29T20:00:39.612+0000] {logging_mixin.py:120} INFO - [2024-05-29T20:00:39.612+0000] {dag.py:2585} INFO - Sync 1 DAGs
[2024-05-29T20:00:39.673+0000] {logging_mixin.py:120} INFO - [2024-05-29T20:00:39.672+0000] {dag.py:3340} INFO - Setting next_dagrun for 2_dag to 2024-05-28T00:00:00+00:00, run_after=2024-05-29T00:00:00+00:00
[2024-05-29T20:00:39.714+0000] {processor.py:176} INFO - Processing /opt/airflow/dags/2_dag.py took 1.697 seconds
[2024-05-29T20:01:09.911+0000] {processor.py:154} INFO - Started process (PID=4980) to work on /opt/airflow/dags/2_dag.py
[2024-05-29T20:01:09.913+0000] {processor.py:756} INFO - Processing file /opt/airflow/dags/2_dag.py for tasks to queue
[2024-05-29T20:01:09.916+0000] {logging_mixin.py:120} INFO - [2024-05-29T20:01:09.915+0000] {dagbag.py:537} INFO - Filling up the DagBag from /opt/airflow/dags/2_dag.py
[2024-05-29T20:01:10.704+0000] {processor.py:766} INFO - DAG(s) dict_keys(['2_dag']) retrieved from /opt/airflow/dags/2_dag.py
[2024-05-29T20:01:11.129+0000] {logging_mixin.py:120} INFO - [2024-05-29T20:01:11.128+0000] {dag.py:2585} INFO - Sync 1 DAGs
[2024-05-29T20:01:11.180+0000] {logging_mixin.py:120} INFO - [2024-05-29T20:01:11.180+0000] {dag.py:3340} INFO - Setting next_dagrun for 2_dag to 2024-05-28T00:00:00+00:00, run_after=2024-05-29T00:00:00+00:00
[2024-05-29T20:01:11.224+0000] {processor.py:176} INFO - Processing /opt/airflow/dags/2_dag.py took 1.320 seconds
[2024-05-29T20:01:41.476+0000] {processor.py:154} INFO - Started process (PID=5040) to work on /opt/airflow/dags/2_dag.py
[2024-05-29T20:01:41.478+0000] {processor.py:756} INFO - Processing file /opt/airflow/dags/2_dag.py for tasks to queue
[2024-05-29T20:01:41.480+0000] {logging_mixin.py:120} INFO - [2024-05-29T20:01:41.480+0000] {dagbag.py:537} INFO - Filling up the DagBag from /opt/airflow/dags/2_dag.py
[2024-05-29T20:01:42.356+0000] {processor.py:766} INFO - DAG(s) dict_keys(['2_dag']) retrieved from /opt/airflow/dags/2_dag.py
[2024-05-29T20:01:42.827+0000] {logging_mixin.py:120} INFO - [2024-05-29T20:01:42.826+0000] {dag.py:2585} INFO - Sync 1 DAGs
[2024-05-29T20:01:42.925+0000] {logging_mixin.py:120} INFO - [2024-05-29T20:01:42.925+0000] {dag.py:3340} INFO - Setting next_dagrun for 2_dag to 2024-05-28T00:00:00+00:00, run_after=2024-05-29T00:00:00+00:00
[2024-05-29T20:01:43.009+0000] {processor.py:176} INFO - Processing /opt/airflow/dags/2_dag.py took 1.539 seconds
[2024-05-29T20:02:13.277+0000] {processor.py:154} INFO - Started process (PID=5108) to work on /opt/airflow/dags/2_dag.py
[2024-05-29T20:02:13.279+0000] {processor.py:756} INFO - Processing file /opt/airflow/dags/2_dag.py for tasks to queue
[2024-05-29T20:02:13.280+0000] {logging_mixin.py:120} INFO - [2024-05-29T20:02:13.280+0000] {dagbag.py:537} INFO - Filling up the DagBag from /opt/airflow/dags/2_dag.py
[2024-05-29T20:02:13.823+0000] {processor.py:766} INFO - DAG(s) dict_keys(['2_dag']) retrieved from /opt/airflow/dags/2_dag.py
[2024-05-29T20:02:14.125+0000] {logging_mixin.py:120} INFO - [2024-05-29T20:02:14.124+0000] {dag.py:2585} INFO - Sync 1 DAGs
[2024-05-29T20:02:14.171+0000] {logging_mixin.py:120} INFO - [2024-05-29T20:02:14.171+0000] {dag.py:3340} INFO - Setting next_dagrun for 2_dag to 2024-05-28T00:00:00+00:00, run_after=2024-05-29T00:00:00+00:00
[2024-05-29T20:02:14.414+0000] {processor.py:176} INFO - Processing /opt/airflow/dags/2_dag.py took 1.142 seconds
[2024-05-29T20:02:44.911+0000] {processor.py:154} INFO - Started process (PID=5166) to work on /opt/airflow/dags/2_dag.py
[2024-05-29T20:02:44.913+0000] {processor.py:756} INFO - Processing file /opt/airflow/dags/2_dag.py for tasks to queue
[2024-05-29T20:02:44.917+0000] {logging_mixin.py:120} INFO - [2024-05-29T20:02:44.916+0000] {dagbag.py:537} INFO - Filling up the DagBag from /opt/airflow/dags/2_dag.py
[2024-05-29T20:02:45.701+0000] {processor.py:766} INFO - DAG(s) dict_keys(['2_dag']) retrieved from /opt/airflow/dags/2_dag.py
[2024-05-29T20:02:46.014+0000] {logging_mixin.py:120} INFO - [2024-05-29T20:02:46.013+0000] {dag.py:2585} INFO - Sync 1 DAGs
[2024-05-29T20:02:46.057+0000] {logging_mixin.py:120} INFO - [2024-05-29T20:02:46.057+0000] {dag.py:3340} INFO - Setting next_dagrun for 2_dag to 2024-05-28T00:00:00+00:00, run_after=2024-05-29T00:00:00+00:00
[2024-05-29T20:02:46.111+0000] {processor.py:176} INFO - Processing /opt/airflow/dags/2_dag.py took 1.208 seconds
[2024-05-29T20:03:16.304+0000] {processor.py:154} INFO - Started process (PID=5227) to work on /opt/airflow/dags/2_dag.py
[2024-05-29T20:03:16.306+0000] {processor.py:756} INFO - Processing file /opt/airflow/dags/2_dag.py for tasks to queue
[2024-05-29T20:03:16.308+0000] {logging_mixin.py:120} INFO - [2024-05-29T20:03:16.308+0000] {dagbag.py:537} INFO - Filling up the DagBag from /opt/airflow/dags/2_dag.py
[2024-05-29T20:03:16.989+0000] {processor.py:766} INFO - DAG(s) dict_keys(['2_dag']) retrieved from /opt/airflow/dags/2_dag.py
[2024-05-29T20:03:17.341+0000] {logging_mixin.py:120} INFO - [2024-05-29T20:03:17.340+0000] {dag.py:2585} INFO - Sync 1 DAGs
[2024-05-29T20:03:17.389+0000] {logging_mixin.py:120} INFO - [2024-05-29T20:03:17.389+0000] {dag.py:3340} INFO - Setting next_dagrun for 2_dag to 2024-05-28T00:00:00+00:00, run_after=2024-05-29T00:00:00+00:00
[2024-05-29T20:03:17.426+0000] {processor.py:176} INFO - Processing /opt/airflow/dags/2_dag.py took 1.130 seconds
[2024-05-29T20:03:47.879+0000] {processor.py:154} INFO - Started process (PID=5286) to work on /opt/airflow/dags/2_dag.py
[2024-05-29T20:03:47.889+0000] {processor.py:756} INFO - Processing file /opt/airflow/dags/2_dag.py for tasks to queue
[2024-05-29T20:03:47.895+0000] {logging_mixin.py:120} INFO - [2024-05-29T20:03:47.895+0000] {dagbag.py:537} INFO - Filling up the DagBag from /opt/airflow/dags/2_dag.py
[2024-05-29T20:03:49.128+0000] {processor.py:766} INFO - DAG(s) dict_keys(['2_dag']) retrieved from /opt/airflow/dags/2_dag.py
[2024-05-29T20:03:50.242+0000] {logging_mixin.py:120} INFO - [2024-05-29T20:03:50.241+0000] {dag.py:2585} INFO - Sync 1 DAGs
[2024-05-29T20:03:50.320+0000] {logging_mixin.py:120} INFO - [2024-05-29T20:03:50.319+0000] {dag.py:3340} INFO - Setting next_dagrun for 2_dag to 2024-05-28T00:00:00+00:00, run_after=2024-05-29T00:00:00+00:00
[2024-05-29T20:03:50.380+0000] {processor.py:176} INFO - Processing /opt/airflow/dags/2_dag.py took 2.509 seconds
[2024-05-29T20:04:20.886+0000] {processor.py:154} INFO - Started process (PID=5356) to work on /opt/airflow/dags/2_dag.py
[2024-05-29T20:04:20.949+0000] {processor.py:756} INFO - Processing file /opt/airflow/dags/2_dag.py for tasks to queue
[2024-05-29T20:04:20.951+0000] {logging_mixin.py:120} INFO - [2024-05-29T20:04:20.951+0000] {dagbag.py:537} INFO - Filling up the DagBag from /opt/airflow/dags/2_dag.py
[2024-05-29T20:04:22.074+0000] {processor.py:766} INFO - DAG(s) dict_keys(['2_dag']) retrieved from /opt/airflow/dags/2_dag.py
[2024-05-29T20:04:22.602+0000] {logging_mixin.py:120} INFO - [2024-05-29T20:04:22.601+0000] {dag.py:2585} INFO - Sync 1 DAGs
[2024-05-29T20:04:22.676+0000] {logging_mixin.py:120} INFO - [2024-05-29T20:04:22.676+0000] {dag.py:3340} INFO - Setting next_dagrun for 2_dag to 2024-05-28T00:00:00+00:00, run_after=2024-05-29T00:00:00+00:00
[2024-05-29T20:04:22.731+0000] {processor.py:176} INFO - Processing /opt/airflow/dags/2_dag.py took 1.854 seconds
[2024-05-29T20:04:53.087+0000] {processor.py:154} INFO - Started process (PID=5417) to work on /opt/airflow/dags/2_dag.py
[2024-05-29T20:04:53.089+0000] {processor.py:756} INFO - Processing file /opt/airflow/dags/2_dag.py for tasks to queue
[2024-05-29T20:04:53.091+0000] {logging_mixin.py:120} INFO - [2024-05-29T20:04:53.090+0000] {dagbag.py:537} INFO - Filling up the DagBag from /opt/airflow/dags/2_dag.py
[2024-05-29T20:04:54.138+0000] {processor.py:766} INFO - DAG(s) dict_keys(['2_dag']) retrieved from /opt/airflow/dags/2_dag.py
[2024-05-29T20:04:54.795+0000] {logging_mixin.py:120} INFO - [2024-05-29T20:04:54.794+0000] {dag.py:2585} INFO - Sync 1 DAGs
[2024-05-29T20:04:54.877+0000] {logging_mixin.py:120} INFO - [2024-05-29T20:04:54.877+0000] {dag.py:3340} INFO - Setting next_dagrun for 2_dag to 2024-05-28T00:00:00+00:00, run_after=2024-05-29T00:00:00+00:00
[2024-05-29T20:04:54.933+0000] {processor.py:176} INFO - Processing /opt/airflow/dags/2_dag.py took 1.849 seconds
[2024-05-29T20:05:25.728+0000] {processor.py:154} INFO - Started process (PID=5478) to work on /opt/airflow/dags/2_dag.py
[2024-05-29T20:05:25.730+0000] {processor.py:756} INFO - Processing file /opt/airflow/dags/2_dag.py for tasks to queue
[2024-05-29T20:05:25.732+0000] {logging_mixin.py:120} INFO - [2024-05-29T20:05:25.732+0000] {dagbag.py:537} INFO - Filling up the DagBag from /opt/airflow/dags/2_dag.py
[2024-05-29T20:05:26.876+0000] {processor.py:766} INFO - DAG(s) dict_keys(['2_dag']) retrieved from /opt/airflow/dags/2_dag.py
[2024-05-29T20:05:27.509+0000] {logging_mixin.py:120} INFO - [2024-05-29T20:05:27.508+0000] {dag.py:2585} INFO - Sync 1 DAGs
[2024-05-29T20:05:27.552+0000] {logging_mixin.py:120} INFO - [2024-05-29T20:05:27.552+0000] {dag.py:3340} INFO - Setting next_dagrun for 2_dag to 2024-05-28T00:00:00+00:00, run_after=2024-05-29T00:00:00+00:00
[2024-05-29T20:05:27.587+0000] {processor.py:176} INFO - Processing /opt/airflow/dags/2_dag.py took 1.867 seconds
[2024-05-29T20:05:57.936+0000] {processor.py:154} INFO - Started process (PID=5550) to work on /opt/airflow/dags/2_dag.py
[2024-05-29T20:05:57.939+0000] {processor.py:756} INFO - Processing file /opt/airflow/dags/2_dag.py for tasks to queue
[2024-05-29T20:05:57.945+0000] {logging_mixin.py:120} INFO - [2024-05-29T20:05:57.945+0000] {dagbag.py:537} INFO - Filling up the DagBag from /opt/airflow/dags/2_dag.py
[2024-05-29T20:05:58.837+0000] {processor.py:766} INFO - DAG(s) dict_keys(['2_dag']) retrieved from /opt/airflow/dags/2_dag.py
[2024-05-29T20:05:59.599+0000] {logging_mixin.py:120} INFO - [2024-05-29T20:05:59.598+0000] {dag.py:2585} INFO - Sync 1 DAGs
[2024-05-29T20:05:59.673+0000] {logging_mixin.py:120} INFO - [2024-05-29T20:05:59.673+0000] {dag.py:3340} INFO - Setting next_dagrun for 2_dag to 2024-05-28T00:00:00+00:00, run_after=2024-05-29T00:00:00+00:00
[2024-05-29T20:05:59.729+0000] {processor.py:176} INFO - Processing /opt/airflow/dags/2_dag.py took 1.806 seconds
[2024-05-29T20:06:29.844+0000] {processor.py:154} INFO - Started process (PID=5608) to work on /opt/airflow/dags/2_dag.py
[2024-05-29T20:06:29.846+0000] {processor.py:756} INFO - Processing file /opt/airflow/dags/2_dag.py for tasks to queue
[2024-05-29T20:06:29.849+0000] {logging_mixin.py:120} INFO - [2024-05-29T20:06:29.849+0000] {dagbag.py:537} INFO - Filling up the DagBag from /opt/airflow/dags/2_dag.py
[2024-05-29T20:06:31.206+0000] {processor.py:766} INFO - DAG(s) dict_keys(['2_dag']) retrieved from /opt/airflow/dags/2_dag.py
[2024-05-29T20:06:31.796+0000] {logging_mixin.py:120} INFO - [2024-05-29T20:06:31.794+0000] {dag.py:2585} INFO - Sync 1 DAGs
[2024-05-29T20:06:31.884+0000] {logging_mixin.py:120} INFO - [2024-05-29T20:06:31.884+0000] {dag.py:3340} INFO - Setting next_dagrun for 2_dag to 2024-05-28T00:00:00+00:00, run_after=2024-05-29T00:00:00+00:00
[2024-05-29T20:06:31.936+0000] {processor.py:176} INFO - Processing /opt/airflow/dags/2_dag.py took 2.099 seconds
[2024-05-29T20:07:02.379+0000] {processor.py:154} INFO - Started process (PID=5677) to work on /opt/airflow/dags/2_dag.py
[2024-05-29T20:07:02.382+0000] {processor.py:756} INFO - Processing file /opt/airflow/dags/2_dag.py for tasks to queue
[2024-05-29T20:07:02.384+0000] {logging_mixin.py:120} INFO - [2024-05-29T20:07:02.384+0000] {dagbag.py:537} INFO - Filling up the DagBag from /opt/airflow/dags/2_dag.py
[2024-05-29T20:07:03.414+0000] {processor.py:766} INFO - DAG(s) dict_keys(['2_dag']) retrieved from /opt/airflow/dags/2_dag.py
[2024-05-29T20:07:04.027+0000] {logging_mixin.py:120} INFO - [2024-05-29T20:07:04.026+0000] {dag.py:2585} INFO - Sync 1 DAGs
[2024-05-29T20:07:04.487+0000] {logging_mixin.py:120} INFO - [2024-05-29T20:07:04.487+0000] {dag.py:3340} INFO - Setting next_dagrun for 2_dag to 2024-05-28T00:00:00+00:00, run_after=2024-05-29T00:00:00+00:00
[2024-05-29T20:07:04.534+0000] {processor.py:176} INFO - Processing /opt/airflow/dags/2_dag.py took 2.163 seconds
[2024-05-29T20:07:34.940+0000] {processor.py:154} INFO - Started process (PID=5739) to work on /opt/airflow/dags/2_dag.py
[2024-05-29T20:07:34.942+0000] {processor.py:756} INFO - Processing file /opt/airflow/dags/2_dag.py for tasks to queue
[2024-05-29T20:07:34.943+0000] {logging_mixin.py:120} INFO - [2024-05-29T20:07:34.943+0000] {dagbag.py:537} INFO - Filling up the DagBag from /opt/airflow/dags/2_dag.py
[2024-05-29T20:07:35.495+0000] {processor.py:766} INFO - DAG(s) dict_keys(['2_dag']) retrieved from /opt/airflow/dags/2_dag.py
[2024-05-29T20:07:36.446+0000] {logging_mixin.py:120} INFO - [2024-05-29T20:07:36.445+0000] {dag.py:2585} INFO - Sync 1 DAGs
[2024-05-29T20:07:36.533+0000] {logging_mixin.py:120} INFO - [2024-05-29T20:07:36.532+0000] {dag.py:3340} INFO - Setting next_dagrun for 2_dag to 2024-05-28T00:00:00+00:00, run_after=2024-05-29T00:00:00+00:00
[2024-05-29T20:07:36.613+0000] {processor.py:176} INFO - Processing /opt/airflow/dags/2_dag.py took 1.678 seconds
[2024-05-29T20:08:06.916+0000] {processor.py:154} INFO - Started process (PID=5797) to work on /opt/airflow/dags/2_dag.py
[2024-05-29T20:08:06.918+0000] {processor.py:756} INFO - Processing file /opt/airflow/dags/2_dag.py for tasks to queue
[2024-05-29T20:08:06.920+0000] {logging_mixin.py:120} INFO - [2024-05-29T20:08:06.920+0000] {dagbag.py:537} INFO - Filling up the DagBag from /opt/airflow/dags/2_dag.py
[2024-05-29T20:08:08.204+0000] {processor.py:766} INFO - DAG(s) dict_keys(['2_dag']) retrieved from /opt/airflow/dags/2_dag.py
[2024-05-29T20:08:08.924+0000] {logging_mixin.py:120} INFO - [2024-05-29T20:08:08.922+0000] {dag.py:2585} INFO - Sync 1 DAGs
[2024-05-29T20:08:09.061+0000] {logging_mixin.py:120} INFO - [2024-05-29T20:08:09.060+0000] {dag.py:3340} INFO - Setting next_dagrun for 2_dag to 2024-05-28T00:00:00+00:00, run_after=2024-05-29T00:00:00+00:00
[2024-05-29T20:08:09.140+0000] {processor.py:176} INFO - Processing /opt/airflow/dags/2_dag.py took 2.244 seconds
[2024-05-29T20:08:39.611+0000] {processor.py:154} INFO - Started process (PID=5864) to work on /opt/airflow/dags/2_dag.py
[2024-05-29T20:08:39.615+0000] {processor.py:756} INFO - Processing file /opt/airflow/dags/2_dag.py for tasks to queue
[2024-05-29T20:08:39.620+0000] {logging_mixin.py:120} INFO - [2024-05-29T20:08:39.619+0000] {dagbag.py:537} INFO - Filling up the DagBag from /opt/airflow/dags/2_dag.py
[2024-05-29T20:08:40.569+0000] {processor.py:766} INFO - DAG(s) dict_keys(['2_dag']) retrieved from /opt/airflow/dags/2_dag.py
[2024-05-29T20:08:41.335+0000] {logging_mixin.py:120} INFO - [2024-05-29T20:08:41.334+0000] {dag.py:2585} INFO - Sync 1 DAGs
[2024-05-29T20:08:41.391+0000] {logging_mixin.py:120} INFO - [2024-05-29T20:08:41.391+0000] {dag.py:3340} INFO - Setting next_dagrun for 2_dag to 2024-05-28T00:00:00+00:00, run_after=2024-05-29T00:00:00+00:00
[2024-05-29T20:08:41.436+0000] {processor.py:176} INFO - Processing /opt/airflow/dags/2_dag.py took 1.853 seconds
[2024-05-29T20:09:12.012+0000] {processor.py:154} INFO - Started process (PID=5925) to work on /opt/airflow/dags/2_dag.py
[2024-05-29T20:09:12.026+0000] {processor.py:756} INFO - Processing file /opt/airflow/dags/2_dag.py for tasks to queue
[2024-05-29T20:09:12.037+0000] {logging_mixin.py:120} INFO - [2024-05-29T20:09:12.037+0000] {dagbag.py:537} INFO - Filling up the DagBag from /opt/airflow/dags/2_dag.py
[2024-05-29T20:09:12.819+0000] {processor.py:766} INFO - DAG(s) dict_keys(['2_dag']) retrieved from /opt/airflow/dags/2_dag.py
[2024-05-29T20:09:13.198+0000] {logging_mixin.py:120} INFO - [2024-05-29T20:09:13.197+0000] {dag.py:2585} INFO - Sync 1 DAGs
[2024-05-29T20:09:13.473+0000] {logging_mixin.py:120} INFO - [2024-05-29T20:09:13.473+0000] {dag.py:3340} INFO - Setting next_dagrun for 2_dag to 2024-05-28T00:00:00+00:00, run_after=2024-05-29T00:00:00+00:00
[2024-05-29T20:09:13.510+0000] {processor.py:176} INFO - Processing /opt/airflow/dags/2_dag.py took 1.535 seconds
[2024-05-29T20:09:55.371+0000] {processor.py:154} INFO - Started process (PID=5970) to work on /opt/airflow/dags/2_dag.py
[2024-05-29T20:09:55.453+0000] {processor.py:756} INFO - Processing file /opt/airflow/dags/2_dag.py for tasks to queue
[2024-05-29T20:09:55.456+0000] {logging_mixin.py:120} INFO - [2024-05-29T20:09:55.456+0000] {dagbag.py:537} INFO - Filling up the DagBag from /opt/airflow/dags/2_dag.py
[2024-05-29T20:10:00.180+0000] {processor.py:766} INFO - DAG(s) dict_keys(['2_dag']) retrieved from /opt/airflow/dags/2_dag.py
[2024-05-29T20:10:01.019+0000] {logging_mixin.py:120} INFO - [2024-05-29T20:10:01.017+0000] {dag.py:2585} INFO - Sync 1 DAGs
[2024-05-29T20:10:01.097+0000] {logging_mixin.py:120} INFO - [2024-05-29T20:10:01.096+0000] {dag.py:3340} INFO - Setting next_dagrun for 2_dag to 2024-05-28T00:00:00+00:00, run_after=2024-05-29T00:00:00+00:00
[2024-05-29T20:10:01.140+0000] {processor.py:176} INFO - Processing /opt/airflow/dags/2_dag.py took 5.874 seconds
[2024-05-29T20:10:31.235+0000] {processor.py:154} INFO - Started process (PID=6029) to work on /opt/airflow/dags/2_dag.py
[2024-05-29T20:10:31.249+0000] {processor.py:756} INFO - Processing file /opt/airflow/dags/2_dag.py for tasks to queue
[2024-05-29T20:10:31.254+0000] {logging_mixin.py:120} INFO - [2024-05-29T20:10:31.253+0000] {dagbag.py:537} INFO - Filling up the DagBag from /opt/airflow/dags/2_dag.py
[2024-05-29T20:10:32.236+0000] {processor.py:766} INFO - DAG(s) dict_keys(['2_dag']) retrieved from /opt/airflow/dags/2_dag.py
[2024-05-29T20:10:32.785+0000] {logging_mixin.py:120} INFO - [2024-05-29T20:10:32.784+0000] {dag.py:2585} INFO - Sync 1 DAGs
[2024-05-29T20:10:32.887+0000] {logging_mixin.py:120} INFO - [2024-05-29T20:10:32.886+0000] {dag.py:3340} INFO - Setting next_dagrun for 2_dag to 2024-05-28T00:00:00+00:00, run_after=2024-05-29T00:00:00+00:00
[2024-05-29T20:10:32.939+0000] {processor.py:176} INFO - Processing /opt/airflow/dags/2_dag.py took 1.713 seconds
[2024-05-29T20:24:02.206+0000] {processor.py:154} INFO - Started process (PID=6067) to work on /opt/airflow/dags/2_dag.py
[2024-05-29T20:24:02.215+0000] {processor.py:756} INFO - Processing file /opt/airflow/dags/2_dag.py for tasks to queue
[2024-05-29T20:24:02.217+0000] {logging_mixin.py:120} INFO - [2024-05-29T20:24:02.217+0000] {dagbag.py:537} INFO - Filling up the DagBag from /opt/airflow/dags/2_dag.py
[2024-05-29T20:24:05.609+0000] {processor.py:766} INFO - DAG(s) dict_keys(['2_dag']) retrieved from /opt/airflow/dags/2_dag.py
[2024-05-29T20:24:06.960+0000] {logging_mixin.py:120} INFO - [2024-05-29T20:24:06.953+0000] {dag.py:2585} INFO - Sync 1 DAGs
[2024-05-29T20:24:07.091+0000] {logging_mixin.py:120} INFO - [2024-05-29T20:24:07.091+0000] {dag.py:3340} INFO - Setting next_dagrun for 2_dag to 2024-05-28T00:00:00+00:00, run_after=2024-05-29T00:00:00+00:00
[2024-05-29T20:24:07.528+0000] {processor.py:176} INFO - Processing /opt/airflow/dags/2_dag.py took 5.335 seconds
[2024-05-29T22:10:01.191+0000] {processor.py:154} INFO - Started process (PID=6114) to work on /opt/airflow/dags/2_dag.py
[2024-05-29T22:10:01.209+0000] {processor.py:756} INFO - Processing file /opt/airflow/dags/2_dag.py for tasks to queue
[2024-05-29T22:10:01.212+0000] {logging_mixin.py:120} INFO - [2024-05-29T22:10:01.212+0000] {dagbag.py:537} INFO - Filling up the DagBag from /opt/airflow/dags/2_dag.py
[2024-05-29T22:10:03.087+0000] {processor.py:766} INFO - DAG(s) dict_keys(['2_dag']) retrieved from /opt/airflow/dags/2_dag.py
[2024-05-29T22:10:03.298+0000] {logging_mixin.py:120} INFO - [2024-05-29T22:10:03.298+0000] {dag.py:2585} INFO - Sync 1 DAGs
[2024-05-29T22:10:03.696+0000] {logging_mixin.py:120} INFO - [2024-05-29T22:10:03.693+0000] {dag.py:3340} INFO - Setting next_dagrun for 2_dag to 2024-05-28T00:00:00+00:00, run_after=2024-05-29T00:00:00+00:00
[2024-05-29T22:10:03.817+0000] {processor.py:176} INFO - Processing /opt/airflow/dags/2_dag.py took 2.677 seconds
