[2024-05-30T06:57:11.331+0000] {taskinstance.py:1165} INFO - Dependencies all met for <TaskInstance: 1_dag.is_api_available scheduled__2024-05-29T00:00:00+00:00 [queued]>
[2024-05-30T06:57:12.377+0000] {taskinstance.py:1165} INFO - Dependencies all met for <TaskInstance: 1_dag.is_api_available scheduled__2024-05-29T00:00:00+00:00 [queued]>
[2024-05-30T06:57:12.393+0000] {taskinstance.py:1362} INFO - 
--------------------------------------------------------------------------------
[2024-05-30T06:57:12.568+0000] {taskinstance.py:1363} INFO - Starting attempt 1 of 1
[2024-05-30T06:57:12.581+0000] {taskinstance.py:1364} INFO - 
--------------------------------------------------------------------------------
[2024-05-30T06:57:13.377+0000] {taskinstance.py:1383} INFO - Executing <Task(HttpSensor): is_api_available> on 2024-05-29 00:00:00+00:00
[2024-05-30T06:57:13.437+0000] {standard_task_runner.py:55} INFO - Started process 7171 to run task
[2024-05-30T06:57:13.556+0000] {standard_task_runner.py:82} INFO - Running: ['***', 'tasks', 'run', '1_dag', 'is_api_available', 'scheduled__2024-05-29T00:00:00+00:00', '--job-id', '68', '--raw', '--subdir', 'DAGS_FOLDER/1_dag.py', '--cfg-path', '/tmp/tmphvefmndp']
[2024-05-30T06:57:13.675+0000] {standard_task_runner.py:83} INFO - Job 68: Subtask is_api_available
[2024-05-30T06:57:15.084+0000] {task_command.py:376} INFO - Running <TaskInstance: 1_dag.is_api_available scheduled__2024-05-29T00:00:00+00:00 [running]> on host 4b56679d13b8
[2024-05-30T06:57:16.798+0000] {taskinstance.py:1592} INFO - Exporting the following env vars:
AIRFLOW_CTX_DAG_OWNER=***
AIRFLOW_CTX_DAG_ID=1_dag
AIRFLOW_CTX_TASK_ID=is_api_available
AIRFLOW_CTX_EXECUTION_DATE=2024-05-29T00:00:00+00:00
AIRFLOW_CTX_TRY_NUMBER=1
AIRFLOW_CTX_DAG_RUN_ID=scheduled__2024-05-29T00:00:00+00:00
[2024-05-30T06:57:16.881+0000] {http.py:120} INFO - Poking: api/
[2024-05-30T06:57:17.216+0000] {base.py:71} INFO - Using connection ID 'user_api' for task execution.
[2024-05-30T06:57:17.273+0000] {http.py:148} INFO - Sending 'GET' to url: https://randomuser.me/api/
[2024-05-30T06:57:17.910+0000] {base.py:213} INFO - Success criteria met. Exiting.
[2024-05-30T06:57:18.001+0000] {taskinstance.py:1406} INFO - Marking task as SUCCESS. dag_id=1_dag, task_id=is_api_available, execution_date=20240529T000000, start_date=20240530T065711, end_date=20240530T065718
[2024-05-30T06:57:18.542+0000] {local_task_job.py:164} INFO - Task exited with return code 0
[2024-05-30T06:57:19.427+0000] {local_task_job.py:273} INFO - 1 downstream tasks scheduled from follow-on schedule check
