[2024-05-30T15:04:56.411+0000] {taskinstance.py:1165} INFO - Dependencies all met for <TaskInstance: parallel_dag.load_a scheduled__2024-05-29T00:00:00+00:00 [queued]>
[2024-05-30T15:04:56.447+0000] {taskinstance.py:1165} INFO - Dependencies all met for <TaskInstance: parallel_dag.load_a scheduled__2024-05-29T00:00:00+00:00 [queued]>
[2024-05-30T15:04:56.448+0000] {taskinstance.py:1362} INFO - 
--------------------------------------------------------------------------------
[2024-05-30T15:04:56.449+0000] {taskinstance.py:1363} INFO - Starting attempt 1 of 1
[2024-05-30T15:04:56.450+0000] {taskinstance.py:1364} INFO - 
--------------------------------------------------------------------------------
[2024-05-30T15:04:56.500+0000] {taskinstance.py:1383} INFO - Executing <Task(BashOperator): load_a> on 2024-05-29 00:00:00+00:00
[2024-05-30T15:04:56.517+0000] {standard_task_runner.py:55} INFO - Started process 286 to run task
[2024-05-30T15:04:56.535+0000] {standard_task_runner.py:82} INFO - Running: ['***', 'tasks', 'run', 'parallel_dag', 'load_a', 'scheduled__2024-05-29T00:00:00+00:00', '--job-id', '78', '--raw', '--subdir', 'DAGS_FOLDER/parallel_dag.py', '--cfg-path', '/tmp/tmpsgjvain4']
[2024-05-30T15:04:56.537+0000] {standard_task_runner.py:83} INFO - Job 78: Subtask load_a
[2024-05-30T15:04:56.891+0000] {task_command.py:376} INFO - Running <TaskInstance: parallel_dag.load_a scheduled__2024-05-29T00:00:00+00:00 [running]> on host 38a931ce7762
[2024-05-30T15:04:57.181+0000] {taskinstance.py:1592} INFO - Exporting the following env vars:
AIRFLOW_CTX_DAG_OWNER=***
AIRFLOW_CTX_DAG_ID=parallel_dag
AIRFLOW_CTX_TASK_ID=load_a
AIRFLOW_CTX_EXECUTION_DATE=2024-05-29T00:00:00+00:00
AIRFLOW_CTX_TRY_NUMBER=1
AIRFLOW_CTX_DAG_RUN_ID=scheduled__2024-05-29T00:00:00+00:00
[2024-05-30T15:04:57.195+0000] {subprocess.py:63} INFO - Tmp dir root location: 
 /tmp
[2024-05-30T15:04:57.196+0000] {subprocess.py:75} INFO - Running command: ['/bin/bash', '-c', 'sleep 10']
[2024-05-30T15:04:57.221+0000] {subprocess.py:86} INFO - Output:
[2024-05-30T15:05:07.253+0000] {subprocess.py:97} INFO - Command exited with return code 0
[2024-05-30T15:05:07.424+0000] {taskinstance.py:1406} INFO - Marking task as SUCCESS. dag_id=parallel_dag, task_id=load_a, execution_date=20240529T000000, start_date=20240530T150456, end_date=20240530T150507
[2024-05-30T15:05:07.567+0000] {local_task_job.py:164} INFO - Task exited with return code 0
[2024-05-30T15:05:08.136+0000] {local_task_job.py:273} INFO - 0 downstream tasks scheduled from follow-on schedule check
