[2024-05-30T06:58:22.145+0000] {taskinstance.py:1165} INFO - Dependencies all met for <TaskInstance: 1_dag.store_user scheduled__2024-05-29T00:00:00+00:00 [queued]>
[2024-05-30T06:58:22.312+0000] {taskinstance.py:1165} INFO - Dependencies all met for <TaskInstance: 1_dag.store_user scheduled__2024-05-29T00:00:00+00:00 [queued]>
[2024-05-30T06:58:22.317+0000] {taskinstance.py:1362} INFO - 
--------------------------------------------------------------------------------
[2024-05-30T06:58:22.351+0000] {taskinstance.py:1363} INFO - Starting attempt 1 of 1
[2024-05-30T06:58:22.352+0000] {taskinstance.py:1364} INFO - 
--------------------------------------------------------------------------------
[2024-05-30T06:58:22.612+0000] {taskinstance.py:1383} INFO - Executing <Task(PythonOperator): store_user> on 2024-05-29 00:00:00+00:00
[2024-05-30T06:58:22.653+0000] {standard_task_runner.py:55} INFO - Started process 7210 to run task
[2024-05-30T06:58:22.735+0000] {standard_task_runner.py:82} INFO - Running: ['***', 'tasks', 'run', '1_dag', 'store_user', 'scheduled__2024-05-29T00:00:00+00:00', '--job-id', '71', '--raw', '--subdir', 'DAGS_FOLDER/1_dag.py', '--cfg-path', '/tmp/tmpghrli2_w']
[2024-05-30T06:58:22.746+0000] {standard_task_runner.py:83} INFO - Job 71: Subtask store_user
[2024-05-30T06:58:24.146+0000] {task_command.py:376} INFO - Running <TaskInstance: 1_dag.store_user scheduled__2024-05-29T00:00:00+00:00 [running]> on host 4b56679d13b8
[2024-05-30T06:58:26.440+0000] {taskinstance.py:1592} INFO - Exporting the following env vars:
AIRFLOW_CTX_DAG_OWNER=***
AIRFLOW_CTX_DAG_ID=1_dag
AIRFLOW_CTX_TASK_ID=store_user
AIRFLOW_CTX_EXECUTION_DATE=2024-05-29T00:00:00+00:00
AIRFLOW_CTX_TRY_NUMBER=1
AIRFLOW_CTX_DAG_RUN_ID=scheduled__2024-05-29T00:00:00+00:00
[2024-05-30T06:58:26.451+0000] {postgres.py:129} INFO - Running copy expert: COPY users FROM stdin with DELIMITER as ',' , filename: /tmp/processed_user.csv
[2024-05-30T06:58:26.569+0000] {base.py:71} INFO - Using connection ID 'postgres' for task execution.
[2024-05-30T06:58:26.649+0000] {python.py:177} INFO - Done. Returned value was: None
[2024-05-30T06:58:26.869+0000] {taskinstance.py:1406} INFO - Marking task as SUCCESS. dag_id=1_dag, task_id=store_user, execution_date=20240529T000000, start_date=20240530T065822, end_date=20240530T065826
[2024-05-30T06:58:27.483+0000] {local_task_job.py:164} INFO - Task exited with return code 0
[2024-05-30T06:58:28.552+0000] {local_task_job.py:273} INFO - 0 downstream tasks scheduled from follow-on schedule check
