[2024-05-29T19:55:30.794+0000] {taskinstance.py:1165} INFO - Dependencies all met for <TaskInstance: 1_dag.process_user manual__2024-05-29T19:55:08.791318+00:00 [queued]>
[2024-05-29T19:55:30.939+0000] {taskinstance.py:1165} INFO - Dependencies all met for <TaskInstance: 1_dag.process_user manual__2024-05-29T19:55:08.791318+00:00 [queued]>
[2024-05-29T19:55:30.957+0000] {taskinstance.py:1362} INFO - 
--------------------------------------------------------------------------------
[2024-05-29T19:55:30.969+0000] {taskinstance.py:1363} INFO - Starting attempt 1 of 1
[2024-05-29T19:55:30.970+0000] {taskinstance.py:1364} INFO - 
--------------------------------------------------------------------------------
[2024-05-29T19:55:31.070+0000] {taskinstance.py:1383} INFO - Executing <Task(PythonOperator): process_user> on 2024-05-29 19:55:08.791318+00:00
[2024-05-29T19:55:31.108+0000] {standard_task_runner.py:55} INFO - Started process 6512 to run task
[2024-05-29T19:55:31.113+0000] {standard_task_runner.py:82} INFO - Running: ['***', 'tasks', 'run', '1_dag', 'process_user', 'manual__2024-05-29T19:55:08.791318+00:00', '--job-id', '50', '--raw', '--subdir', 'DAGS_FOLDER/1_dag.py', '--cfg-path', '/tmp/tmp17qym72t']
[2024-05-29T19:55:31.117+0000] {standard_task_runner.py:83} INFO - Job 50: Subtask process_user
[2024-05-29T19:55:31.246+0000] {task_command.py:376} INFO - Running <TaskInstance: 1_dag.process_user manual__2024-05-29T19:55:08.791318+00:00 [running]> on host 4b56679d13b8
[2024-05-29T19:55:31.375+0000] {taskinstance.py:1592} INFO - Exporting the following env vars:
AIRFLOW_CTX_DAG_OWNER=***
AIRFLOW_CTX_DAG_ID=1_dag
AIRFLOW_CTX_TASK_ID=process_user
AIRFLOW_CTX_EXECUTION_DATE=2024-05-29T19:55:08.791318+00:00
AIRFLOW_CTX_TRY_NUMBER=1
AIRFLOW_CTX_DAG_RUN_ID=manual__2024-05-29T19:55:08.791318+00:00
[2024-05-29T19:55:31.403+0000] {python.py:177} INFO - Done. Returned value was: None
[2024-05-29T19:55:31.424+0000] {taskinstance.py:1406} INFO - Marking task as SUCCESS. dag_id=1_dag, task_id=process_user, execution_date=20240529T195508, start_date=20240529T195530, end_date=20240529T195531
[2024-05-29T19:55:31.488+0000] {local_task_job.py:164} INFO - Task exited with return code 0
[2024-05-29T19:55:31.529+0000] {local_task_job.py:273} INFO - 1 downstream tasks scheduled from follow-on schedule check
