[2024-05-29T19:55:27.486+0000] {taskinstance.py:1165} INFO - Dependencies all met for <TaskInstance: 1_dag.extract_user manual__2024-05-29T19:55:08.791318+00:00 [queued]>
[2024-05-29T19:55:27.516+0000] {taskinstance.py:1165} INFO - Dependencies all met for <TaskInstance: 1_dag.extract_user manual__2024-05-29T19:55:08.791318+00:00 [queued]>
[2024-05-29T19:55:27.517+0000] {taskinstance.py:1362} INFO - 
--------------------------------------------------------------------------------
[2024-05-29T19:55:27.517+0000] {taskinstance.py:1363} INFO - Starting attempt 1 of 1
[2024-05-29T19:55:27.518+0000] {taskinstance.py:1364} INFO - 
--------------------------------------------------------------------------------
[2024-05-29T19:55:27.550+0000] {taskinstance.py:1383} INFO - Executing <Task(SimpleHttpOperator): extract_user> on 2024-05-29 19:55:08.791318+00:00
[2024-05-29T19:55:27.560+0000] {standard_task_runner.py:55} INFO - Started process 6509 to run task
[2024-05-29T19:55:27.568+0000] {standard_task_runner.py:82} INFO - Running: ['***', 'tasks', 'run', '1_dag', 'extract_user', 'manual__2024-05-29T19:55:08.791318+00:00', '--job-id', '49', '--raw', '--subdir', 'DAGS_FOLDER/1_dag.py', '--cfg-path', '/tmp/tmp1bjuxvuy']
[2024-05-29T19:55:27.572+0000] {standard_task_runner.py:83} INFO - Job 49: Subtask extract_user
[2024-05-29T19:55:27.719+0000] {task_command.py:376} INFO - Running <TaskInstance: 1_dag.extract_user manual__2024-05-29T19:55:08.791318+00:00 [running]> on host 4b56679d13b8
[2024-05-29T19:55:27.913+0000] {taskinstance.py:1592} INFO - Exporting the following env vars:
AIRFLOW_CTX_DAG_OWNER=***
AIRFLOW_CTX_DAG_ID=1_dag
AIRFLOW_CTX_TASK_ID=extract_user
AIRFLOW_CTX_EXECUTION_DATE=2024-05-29T19:55:08.791318+00:00
AIRFLOW_CTX_TRY_NUMBER=1
AIRFLOW_CTX_DAG_RUN_ID=manual__2024-05-29T19:55:08.791318+00:00
[2024-05-29T19:55:27.915+0000] {http.py:121} INFO - Calling HTTP method
[2024-05-29T19:55:27.945+0000] {base.py:71} INFO - Using connection ID 'user_api' for task execution.
[2024-05-29T19:55:27.949+0000] {http.py:148} INFO - Sending 'GET' to url: https://randomuser.me/api/
[2024-05-29T19:55:28.229+0000] {http.py:125} INFO - {"results":[{"gender":"male","name":{"title":"Mr","first":"Gerard","last":"Baumbach"},"location":{"street":{"number":3779,"name":"Lindenstraße"},"city":"Arendsee (Altmark)","state":"Nordrhein-Westfalen","country":"Germany","postcode":64387,"coordinates":{"latitude":"-51.1775","longitude":"-103.1392"},"timezone":{"offset":"-3:30","description":"Newfoundland"}},"email":"gerard.baumbach@example.com","login":{"uuid":"40569099-e7be-4323-b664-3d009e51d94e","username":"happyfish308","password":"hawk","salt":"5DR3olpE","md5":"f96fefca975061457e14f9d47b8ce1a7","sha1":"533ed1fa3362a7f567bf4c9fb689c55dbfa9ec67","sha256":"db8cc65799504fd5e56850bb489356c65d4f5fd4690c677a10196c82af08bab0"},"dob":{"date":"1992-03-05T22:54:59.592Z","age":32},"registered":{"date":"2003-03-31T15:02:50.533Z","age":21},"phone":"0693-0862945","cell":"0172-3213245","id":{"name":"SVNR","value":"40 050392 B 496"},"picture":{"large":"https://randomuser.me/api/portraits/men/5.jpg","medium":"https://randomuser.me/api/portraits/med/men/5.jpg","thumbnail":"https://randomuser.me/api/portraits/thumb/men/5.jpg"},"nat":"DE"}],"info":{"seed":"1bf0df0d6edc99d2","results":1,"page":1,"version":"1.4"}}
[2024-05-29T19:55:28.289+0000] {taskinstance.py:1406} INFO - Marking task as SUCCESS. dag_id=1_dag, task_id=extract_user, execution_date=20240529T195508, start_date=20240529T195527, end_date=20240529T195528
[2024-05-29T19:55:28.605+0000] {local_task_job.py:164} INFO - Task exited with return code 0
[2024-05-29T19:55:28.837+0000] {local_task_job.py:273} INFO - 1 downstream tasks scheduled from follow-on schedule check
