[2024-05-30T14:37:22.737+0000] {processor.py:154} INFO - Started process (PID=59) to work on /opt/airflow/dags/parallel_dag.py
[2024-05-30T14:37:22.764+0000] {processor.py:756} INFO - Processing file /opt/airflow/dags/parallel_dag.py for tasks to queue
[2024-05-30T14:37:22.778+0000] {logging_mixin.py:120} INFO - [2024-05-30T14:37:22.777+0000] {dagbag.py:537} INFO - Filling up the DagBag from /opt/airflow/dags/parallel_dag.py
[2024-05-30T14:37:23.449+0000] {processor.py:766} INFO - DAG(s) dict_keys(['parallel_dag']) retrieved from /opt/airflow/dags/parallel_dag.py
[2024-05-30T14:37:25.076+0000] {logging_mixin.py:120} INFO - [2024-05-30T14:37:25.075+0000] {manager.py:507} INFO - Created Permission View: can edit on DAG:parallel_dag
[2024-05-30T14:37:25.142+0000] {logging_mixin.py:120} INFO - [2024-05-30T14:37:25.141+0000] {manager.py:507} INFO - Created Permission View: can read on DAG:parallel_dag
[2024-05-30T14:37:25.180+0000] {logging_mixin.py:120} INFO - [2024-05-30T14:37:25.180+0000] {manager.py:507} INFO - Created Permission View: can delete on DAG:parallel_dag
[2024-05-30T14:37:25.182+0000] {logging_mixin.py:120} INFO - [2024-05-30T14:37:25.182+0000] {dag.py:2585} INFO - Sync 1 DAGs
[2024-05-30T14:37:25.302+0000] {logging_mixin.py:120} INFO - [2024-05-30T14:37:25.288+0000] {dag.py:2606} INFO - Creating ORM DAG for parallel_dag
[2024-05-30T14:37:25.394+0000] {logging_mixin.py:120} INFO - [2024-05-30T14:37:25.392+0000] {dag.py:3340} INFO - Setting next_dagrun for parallel_dag to 2024-05-29T00:00:00+00:00, run_after=2024-05-30T00:00:00+00:00
[2024-05-30T14:37:25.549+0000] {processor.py:176} INFO - Processing /opt/airflow/dags/parallel_dag.py took 2.856 seconds
[2024-05-30T14:38:44.162+0000] {processor.py:154} INFO - Started process (PID=137) to work on /opt/airflow/dags/parallel_dag.py
[2024-05-30T14:38:44.171+0000] {processor.py:756} INFO - Processing file /opt/airflow/dags/parallel_dag.py for tasks to queue
[2024-05-30T14:38:44.177+0000] {logging_mixin.py:120} INFO - [2024-05-30T14:38:44.176+0000] {dagbag.py:537} INFO - Filling up the DagBag from /opt/airflow/dags/parallel_dag.py
[2024-05-30T14:38:44.292+0000] {processor.py:766} INFO - DAG(s) dict_keys(['parallel_dag']) retrieved from /opt/airflow/dags/parallel_dag.py
[2024-05-30T14:38:44.448+0000] {logging_mixin.py:120} INFO - [2024-05-30T14:38:44.446+0000] {dag.py:2585} INFO - Sync 1 DAGs
[2024-05-30T14:38:44.631+0000] {logging_mixin.py:120} INFO - [2024-05-30T14:38:44.631+0000] {dag.py:3340} INFO - Setting next_dagrun for parallel_dag to 2024-05-29T00:00:00+00:00, run_after=2024-05-30T00:00:00+00:00
[2024-05-30T14:38:44.735+0000] {processor.py:176} INFO - Processing /opt/airflow/dags/parallel_dag.py took 0.715 seconds
[2024-05-30T14:39:15.271+0000] {processor.py:154} INFO - Started process (PID=197) to work on /opt/airflow/dags/parallel_dag.py
[2024-05-30T14:39:15.274+0000] {processor.py:756} INFO - Processing file /opt/airflow/dags/parallel_dag.py for tasks to queue
[2024-05-30T14:39:15.276+0000] {logging_mixin.py:120} INFO - [2024-05-30T14:39:15.276+0000] {dagbag.py:537} INFO - Filling up the DagBag from /opt/airflow/dags/parallel_dag.py
[2024-05-30T14:39:15.319+0000] {processor.py:766} INFO - DAG(s) dict_keys(['parallel_dag']) retrieved from /opt/airflow/dags/parallel_dag.py
[2024-05-30T14:39:15.392+0000] {logging_mixin.py:120} INFO - [2024-05-30T14:39:15.392+0000] {dag.py:2585} INFO - Sync 1 DAGs
[2024-05-30T14:39:15.436+0000] {logging_mixin.py:120} INFO - [2024-05-30T14:39:15.436+0000] {dag.py:3340} INFO - Setting next_dagrun for parallel_dag to 2024-05-29T00:00:00+00:00, run_after=2024-05-30T00:00:00+00:00
[2024-05-30T14:39:15.473+0000] {processor.py:176} INFO - Processing /opt/airflow/dags/parallel_dag.py took 0.208 seconds
[2024-05-30T14:39:45.736+0000] {processor.py:154} INFO - Started process (PID=257) to work on /opt/airflow/dags/parallel_dag.py
[2024-05-30T14:39:45.738+0000] {processor.py:756} INFO - Processing file /opt/airflow/dags/parallel_dag.py for tasks to queue
[2024-05-30T14:39:45.740+0000] {logging_mixin.py:120} INFO - [2024-05-30T14:39:45.740+0000] {dagbag.py:537} INFO - Filling up the DagBag from /opt/airflow/dags/parallel_dag.py
[2024-05-30T14:39:45.775+0000] {processor.py:766} INFO - DAG(s) dict_keys(['parallel_dag']) retrieved from /opt/airflow/dags/parallel_dag.py
[2024-05-30T14:39:45.861+0000] {logging_mixin.py:120} INFO - [2024-05-30T14:39:45.861+0000] {dag.py:2585} INFO - Sync 1 DAGs
[2024-05-30T14:39:45.921+0000] {logging_mixin.py:120} INFO - [2024-05-30T14:39:45.921+0000] {dag.py:3340} INFO - Setting next_dagrun for parallel_dag to 2024-05-29T00:00:00+00:00, run_after=2024-05-30T00:00:00+00:00
[2024-05-30T14:39:45.965+0000] {processor.py:176} INFO - Processing /opt/airflow/dags/parallel_dag.py took 0.234 seconds
[2024-05-30T14:40:16.939+0000] {processor.py:154} INFO - Started process (PID=315) to work on /opt/airflow/dags/parallel_dag.py
[2024-05-30T14:40:16.942+0000] {processor.py:756} INFO - Processing file /opt/airflow/dags/parallel_dag.py for tasks to queue
[2024-05-30T14:40:16.944+0000] {logging_mixin.py:120} INFO - [2024-05-30T14:40:16.944+0000] {dagbag.py:537} INFO - Filling up the DagBag from /opt/airflow/dags/parallel_dag.py
[2024-05-30T14:40:17.006+0000] {processor.py:766} INFO - DAG(s) dict_keys(['parallel_dag']) retrieved from /opt/airflow/dags/parallel_dag.py
[2024-05-30T14:40:17.226+0000] {logging_mixin.py:120} INFO - [2024-05-30T14:40:17.225+0000] {dag.py:2585} INFO - Sync 1 DAGs
[2024-05-30T14:40:17.288+0000] {logging_mixin.py:120} INFO - [2024-05-30T14:40:17.288+0000] {dag.py:3340} INFO - Setting next_dagrun for parallel_dag to 2024-05-29T00:00:00+00:00, run_after=2024-05-30T00:00:00+00:00
[2024-05-30T14:40:17.331+0000] {processor.py:176} INFO - Processing /opt/airflow/dags/parallel_dag.py took 0.399 seconds
[2024-05-30T14:40:48.300+0000] {processor.py:154} INFO - Started process (PID=363) to work on /opt/airflow/dags/parallel_dag.py
[2024-05-30T14:40:48.303+0000] {processor.py:756} INFO - Processing file /opt/airflow/dags/parallel_dag.py for tasks to queue
[2024-05-30T14:40:48.310+0000] {logging_mixin.py:120} INFO - [2024-05-30T14:40:48.305+0000] {dagbag.py:537} INFO - Filling up the DagBag from /opt/airflow/dags/parallel_dag.py
[2024-05-30T14:40:48.387+0000] {processor.py:766} INFO - DAG(s) dict_keys(['parallel_dag']) retrieved from /opt/airflow/dags/parallel_dag.py
[2024-05-30T14:40:48.557+0000] {logging_mixin.py:120} INFO - [2024-05-30T14:40:48.557+0000] {dag.py:2585} INFO - Sync 1 DAGs
[2024-05-30T14:40:48.643+0000] {logging_mixin.py:120} INFO - [2024-05-30T14:40:48.643+0000] {dag.py:3340} INFO - Setting next_dagrun for parallel_dag to 2024-05-29T00:00:00+00:00, run_after=2024-05-30T00:00:00+00:00
[2024-05-30T14:40:48.853+0000] {processor.py:176} INFO - Processing /opt/airflow/dags/parallel_dag.py took 0.561 seconds
[2024-05-30T14:41:19.201+0000] {processor.py:154} INFO - Started process (PID=429) to work on /opt/airflow/dags/parallel_dag.py
[2024-05-30T14:41:19.204+0000] {processor.py:756} INFO - Processing file /opt/airflow/dags/parallel_dag.py for tasks to queue
[2024-05-30T14:41:19.208+0000] {logging_mixin.py:120} INFO - [2024-05-30T14:41:19.207+0000] {dagbag.py:537} INFO - Filling up the DagBag from /opt/airflow/dags/parallel_dag.py
[2024-05-30T14:41:19.256+0000] {processor.py:766} INFO - DAG(s) dict_keys(['parallel_dag']) retrieved from /opt/airflow/dags/parallel_dag.py
[2024-05-30T14:41:19.350+0000] {logging_mixin.py:120} INFO - [2024-05-30T14:41:19.350+0000] {dag.py:2585} INFO - Sync 1 DAGs
[2024-05-30T14:41:19.440+0000] {logging_mixin.py:120} INFO - [2024-05-30T14:41:19.439+0000] {dag.py:3340} INFO - Setting next_dagrun for parallel_dag to 2024-05-29T00:00:00+00:00, run_after=2024-05-30T00:00:00+00:00
[2024-05-30T14:41:19.487+0000] {processor.py:176} INFO - Processing /opt/airflow/dags/parallel_dag.py took 0.293 seconds
[2024-05-30T14:41:51.021+0000] {processor.py:154} INFO - Started process (PID=483) to work on /opt/airflow/dags/parallel_dag.py
[2024-05-30T14:41:51.023+0000] {processor.py:756} INFO - Processing file /opt/airflow/dags/parallel_dag.py for tasks to queue
[2024-05-30T14:41:51.026+0000] {logging_mixin.py:120} INFO - [2024-05-30T14:41:51.026+0000] {dagbag.py:537} INFO - Filling up the DagBag from /opt/airflow/dags/parallel_dag.py
[2024-05-30T14:41:51.079+0000] {processor.py:766} INFO - DAG(s) dict_keys(['parallel_dag']) retrieved from /opt/airflow/dags/parallel_dag.py
[2024-05-30T14:41:51.184+0000] {logging_mixin.py:120} INFO - [2024-05-30T14:41:51.184+0000] {dag.py:2585} INFO - Sync 1 DAGs
[2024-05-30T14:41:51.335+0000] {logging_mixin.py:120} INFO - [2024-05-30T14:41:51.335+0000] {dag.py:3340} INFO - Setting next_dagrun for parallel_dag to 2024-05-29T00:00:00+00:00, run_after=2024-05-30T00:00:00+00:00
[2024-05-30T14:41:51.448+0000] {processor.py:176} INFO - Processing /opt/airflow/dags/parallel_dag.py took 0.433 seconds
[2024-05-30T14:42:24.335+0000] {processor.py:154} INFO - Started process (PID=552) to work on /opt/airflow/dags/parallel_dag.py
[2024-05-30T14:42:24.337+0000] {processor.py:756} INFO - Processing file /opt/airflow/dags/parallel_dag.py for tasks to queue
[2024-05-30T14:42:24.339+0000] {logging_mixin.py:120} INFO - [2024-05-30T14:42:24.338+0000] {dagbag.py:537} INFO - Filling up the DagBag from /opt/airflow/dags/parallel_dag.py
[2024-05-30T14:42:24.385+0000] {processor.py:766} INFO - DAG(s) dict_keys(['parallel_dag']) retrieved from /opt/airflow/dags/parallel_dag.py
[2024-05-30T14:42:24.622+0000] {logging_mixin.py:120} INFO - [2024-05-30T14:42:24.622+0000] {dag.py:2585} INFO - Sync 1 DAGs
[2024-05-30T14:42:24.692+0000] {logging_mixin.py:120} INFO - [2024-05-30T14:42:24.691+0000] {dag.py:3340} INFO - Setting next_dagrun for parallel_dag to 2024-05-29T00:00:00+00:00, run_after=2024-05-30T00:00:00+00:00
[2024-05-30T14:42:24.743+0000] {processor.py:176} INFO - Processing /opt/airflow/dags/parallel_dag.py took 0.414 seconds
[2024-05-30T14:42:56.836+0000] {processor.py:154} INFO - Started process (PID=612) to work on /opt/airflow/dags/parallel_dag.py
[2024-05-30T14:42:56.838+0000] {processor.py:756} INFO - Processing file /opt/airflow/dags/parallel_dag.py for tasks to queue
[2024-05-30T14:42:56.841+0000] {logging_mixin.py:120} INFO - [2024-05-30T14:42:56.840+0000] {dagbag.py:537} INFO - Filling up the DagBag from /opt/airflow/dags/parallel_dag.py
[2024-05-30T14:42:56.892+0000] {processor.py:766} INFO - DAG(s) dict_keys(['parallel_dag']) retrieved from /opt/airflow/dags/parallel_dag.py
[2024-05-30T14:42:56.998+0000] {logging_mixin.py:120} INFO - [2024-05-30T14:42:56.998+0000] {dag.py:2585} INFO - Sync 1 DAGs
[2024-05-30T14:42:57.087+0000] {logging_mixin.py:120} INFO - [2024-05-30T14:42:57.087+0000] {dag.py:3340} INFO - Setting next_dagrun for parallel_dag to 2024-05-29T00:00:00+00:00, run_after=2024-05-30T00:00:00+00:00
[2024-05-30T14:42:57.149+0000] {processor.py:176} INFO - Processing /opt/airflow/dags/parallel_dag.py took 0.319 seconds
[2024-05-30T14:43:29.176+0000] {processor.py:154} INFO - Started process (PID=668) to work on /opt/airflow/dags/parallel_dag.py
[2024-05-30T14:43:29.178+0000] {processor.py:756} INFO - Processing file /opt/airflow/dags/parallel_dag.py for tasks to queue
[2024-05-30T14:43:29.180+0000] {logging_mixin.py:120} INFO - [2024-05-30T14:43:29.180+0000] {dagbag.py:537} INFO - Filling up the DagBag from /opt/airflow/dags/parallel_dag.py
[2024-05-30T14:43:29.233+0000] {processor.py:766} INFO - DAG(s) dict_keys(['parallel_dag']) retrieved from /opt/airflow/dags/parallel_dag.py
[2024-05-30T14:43:29.367+0000] {logging_mixin.py:120} INFO - [2024-05-30T14:43:29.367+0000] {dag.py:2585} INFO - Sync 1 DAGs
[2024-05-30T14:43:29.455+0000] {logging_mixin.py:120} INFO - [2024-05-30T14:43:29.455+0000] {dag.py:3340} INFO - Setting next_dagrun for parallel_dag to 2024-05-29T00:00:00+00:00, run_after=2024-05-30T00:00:00+00:00
[2024-05-30T14:43:29.516+0000] {processor.py:176} INFO - Processing /opt/airflow/dags/parallel_dag.py took 0.346 seconds
[2024-05-30T14:44:03.458+0000] {processor.py:154} INFO - Started process (PID=729) to work on /opt/airflow/dags/parallel_dag.py
[2024-05-30T14:44:03.461+0000] {processor.py:756} INFO - Processing file /opt/airflow/dags/parallel_dag.py for tasks to queue
[2024-05-30T14:44:03.464+0000] {logging_mixin.py:120} INFO - [2024-05-30T14:44:03.464+0000] {dagbag.py:537} INFO - Filling up the DagBag from /opt/airflow/dags/parallel_dag.py
[2024-05-30T14:44:03.528+0000] {processor.py:766} INFO - DAG(s) dict_keys(['parallel_dag']) retrieved from /opt/airflow/dags/parallel_dag.py
[2024-05-30T14:44:03.633+0000] {logging_mixin.py:120} INFO - [2024-05-30T14:44:03.633+0000] {dag.py:2585} INFO - Sync 1 DAGs
[2024-05-30T14:44:03.683+0000] {logging_mixin.py:120} INFO - [2024-05-30T14:44:03.682+0000] {dag.py:3340} INFO - Setting next_dagrun for parallel_dag to 2024-05-29T00:00:00+00:00, run_after=2024-05-30T00:00:00+00:00
[2024-05-30T14:44:03.718+0000] {processor.py:176} INFO - Processing /opt/airflow/dags/parallel_dag.py took 0.270 seconds
[2024-05-30T14:44:35.520+0000] {processor.py:154} INFO - Started process (PID=789) to work on /opt/airflow/dags/parallel_dag.py
[2024-05-30T14:44:35.523+0000] {processor.py:756} INFO - Processing file /opt/airflow/dags/parallel_dag.py for tasks to queue
[2024-05-30T14:44:35.526+0000] {logging_mixin.py:120} INFO - [2024-05-30T14:44:35.526+0000] {dagbag.py:537} INFO - Filling up the DagBag from /opt/airflow/dags/parallel_dag.py
[2024-05-30T14:44:35.575+0000] {processor.py:766} INFO - DAG(s) dict_keys(['parallel_dag']) retrieved from /opt/airflow/dags/parallel_dag.py
[2024-05-30T14:44:35.667+0000] {logging_mixin.py:120} INFO - [2024-05-30T14:44:35.667+0000] {dag.py:2585} INFO - Sync 1 DAGs
[2024-05-30T14:44:35.739+0000] {logging_mixin.py:120} INFO - [2024-05-30T14:44:35.739+0000] {dag.py:3340} INFO - Setting next_dagrun for parallel_dag to 2024-05-29T00:00:00+00:00, run_after=2024-05-30T00:00:00+00:00
[2024-05-30T14:44:35.803+0000] {processor.py:176} INFO - Processing /opt/airflow/dags/parallel_dag.py took 0.292 seconds
[2024-05-30T14:45:08.748+0000] {processor.py:154} INFO - Started process (PID=851) to work on /opt/airflow/dags/parallel_dag.py
[2024-05-30T14:45:08.753+0000] {processor.py:756} INFO - Processing file /opt/airflow/dags/parallel_dag.py for tasks to queue
[2024-05-30T14:45:08.756+0000] {logging_mixin.py:120} INFO - [2024-05-30T14:45:08.755+0000] {dagbag.py:537} INFO - Filling up the DagBag from /opt/airflow/dags/parallel_dag.py
[2024-05-30T14:45:08.804+0000] {processor.py:766} INFO - DAG(s) dict_keys(['parallel_dag']) retrieved from /opt/airflow/dags/parallel_dag.py
[2024-05-30T14:45:08.897+0000] {logging_mixin.py:120} INFO - [2024-05-30T14:45:08.897+0000] {dag.py:2585} INFO - Sync 1 DAGs
[2024-05-30T14:45:08.952+0000] {logging_mixin.py:120} INFO - [2024-05-30T14:45:08.952+0000] {dag.py:3340} INFO - Setting next_dagrun for parallel_dag to 2024-05-29T00:00:00+00:00, run_after=2024-05-30T00:00:00+00:00
[2024-05-30T14:45:08.987+0000] {processor.py:176} INFO - Processing /opt/airflow/dags/parallel_dag.py took 0.247 seconds
[2024-05-30T14:45:42.017+0000] {processor.py:154} INFO - Started process (PID=911) to work on /opt/airflow/dags/parallel_dag.py
[2024-05-30T14:45:42.028+0000] {processor.py:756} INFO - Processing file /opt/airflow/dags/parallel_dag.py for tasks to queue
[2024-05-30T14:45:42.032+0000] {logging_mixin.py:120} INFO - [2024-05-30T14:45:42.031+0000] {dagbag.py:537} INFO - Filling up the DagBag from /opt/airflow/dags/parallel_dag.py
[2024-05-30T14:45:42.104+0000] {processor.py:766} INFO - DAG(s) dict_keys(['parallel_dag']) retrieved from /opt/airflow/dags/parallel_dag.py
[2024-05-30T14:45:42.206+0000] {logging_mixin.py:120} INFO - [2024-05-30T14:45:42.206+0000] {dag.py:2585} INFO - Sync 1 DAGs
[2024-05-30T14:45:42.256+0000] {logging_mixin.py:120} INFO - [2024-05-30T14:45:42.256+0000] {dag.py:3340} INFO - Setting next_dagrun for parallel_dag to 2024-05-29T00:00:00+00:00, run_after=2024-05-30T00:00:00+00:00
[2024-05-30T14:45:42.293+0000] {processor.py:176} INFO - Processing /opt/airflow/dags/parallel_dag.py took 0.286 seconds
[2024-05-30T14:51:00.360+0000] {processor.py:154} INFO - Started process (PID=974) to work on /opt/airflow/dags/parallel_dag.py
[2024-05-30T14:51:00.688+0000] {processor.py:756} INFO - Processing file /opt/airflow/dags/parallel_dag.py for tasks to queue
[2024-05-30T14:51:01.088+0000] {logging_mixin.py:120} INFO - [2024-05-30T14:51:01.088+0000] {dagbag.py:537} INFO - Filling up the DagBag from /opt/airflow/dags/parallel_dag.py
[2024-05-30T14:51:01.592+0000] {processor.py:766} INFO - DAG(s) dict_keys(['parallel_dag']) retrieved from /opt/airflow/dags/parallel_dag.py
[2024-05-30T14:51:02.751+0000] {logging_mixin.py:120} INFO - [2024-05-30T14:51:02.750+0000] {dag.py:2585} INFO - Sync 1 DAGs
[2024-05-30T14:51:03.691+0000] {logging_mixin.py:120} INFO - [2024-05-30T14:51:03.690+0000] {dag.py:3340} INFO - Setting next_dagrun for parallel_dag to 2024-05-29T00:00:00+00:00, run_after=2024-05-30T00:00:00+00:00
[2024-05-30T14:51:04.167+0000] {processor.py:176} INFO - Processing /opt/airflow/dags/parallel_dag.py took 3.997 seconds
[2024-05-30T14:51:39.104+0000] {processor.py:154} INFO - Started process (PID=1026) to work on /opt/airflow/dags/parallel_dag.py
[2024-05-30T14:51:39.110+0000] {processor.py:756} INFO - Processing file /opt/airflow/dags/parallel_dag.py for tasks to queue
[2024-05-30T14:51:39.124+0000] {logging_mixin.py:120} INFO - [2024-05-30T14:51:39.123+0000] {dagbag.py:537} INFO - Filling up the DagBag from /opt/airflow/dags/parallel_dag.py
[2024-05-30T14:51:39.198+0000] {processor.py:766} INFO - DAG(s) dict_keys(['parallel_dag']) retrieved from /opt/airflow/dags/parallel_dag.py
[2024-05-30T14:51:39.303+0000] {logging_mixin.py:120} INFO - [2024-05-30T14:51:39.303+0000] {dag.py:2585} INFO - Sync 1 DAGs
[2024-05-30T14:51:39.505+0000] {logging_mixin.py:120} INFO - [2024-05-30T14:51:39.505+0000] {dag.py:3340} INFO - Setting next_dagrun for parallel_dag to 2024-05-29T00:00:00+00:00, run_after=2024-05-30T00:00:00+00:00
[2024-05-30T14:51:39.645+0000] {processor.py:176} INFO - Processing /opt/airflow/dags/parallel_dag.py took 0.557 seconds
[2024-05-30T14:52:09.979+0000] {processor.py:154} INFO - Started process (PID=1084) to work on /opt/airflow/dags/parallel_dag.py
[2024-05-30T14:52:09.981+0000] {processor.py:756} INFO - Processing file /opt/airflow/dags/parallel_dag.py for tasks to queue
[2024-05-30T14:52:10.015+0000] {logging_mixin.py:120} INFO - [2024-05-30T14:52:10.014+0000] {dagbag.py:537} INFO - Filling up the DagBag from /opt/airflow/dags/parallel_dag.py
[2024-05-30T14:52:10.055+0000] {processor.py:766} INFO - DAG(s) dict_keys(['parallel_dag']) retrieved from /opt/airflow/dags/parallel_dag.py
[2024-05-30T14:52:10.114+0000] {logging_mixin.py:120} INFO - [2024-05-30T14:52:10.114+0000] {dag.py:2585} INFO - Sync 1 DAGs
[2024-05-30T14:52:10.157+0000] {logging_mixin.py:120} INFO - [2024-05-30T14:52:10.157+0000] {dag.py:3340} INFO - Setting next_dagrun for parallel_dag to 2024-05-29T00:00:00+00:00, run_after=2024-05-30T00:00:00+00:00
[2024-05-30T14:52:10.196+0000] {processor.py:176} INFO - Processing /opt/airflow/dags/parallel_dag.py took 0.225 seconds
[2024-05-30T14:52:46.776+0000] {processor.py:154} INFO - Started process (PID=1147) to work on /opt/airflow/dags/parallel_dag.py
[2024-05-30T14:52:46.791+0000] {processor.py:756} INFO - Processing file /opt/airflow/dags/parallel_dag.py for tasks to queue
[2024-05-30T14:52:46.879+0000] {logging_mixin.py:120} INFO - [2024-05-30T14:52:46.879+0000] {dagbag.py:537} INFO - Filling up the DagBag from /opt/airflow/dags/parallel_dag.py
[2024-05-30T14:52:47.008+0000] {processor.py:766} INFO - DAG(s) dict_keys(['parallel_dag']) retrieved from /opt/airflow/dags/parallel_dag.py
[2024-05-30T14:52:47.116+0000] {logging_mixin.py:120} INFO - [2024-05-30T14:52:47.115+0000] {dag.py:2585} INFO - Sync 1 DAGs
[2024-05-30T14:52:47.401+0000] {logging_mixin.py:120} INFO - [2024-05-30T14:52:47.401+0000] {dag.py:3340} INFO - Setting next_dagrun for parallel_dag to 2024-05-29T00:00:00+00:00, run_after=2024-05-30T00:00:00+00:00
[2024-05-30T14:52:47.642+0000] {processor.py:176} INFO - Processing /opt/airflow/dags/parallel_dag.py took 0.891 seconds
[2024-05-30T14:53:18.602+0000] {processor.py:154} INFO - Started process (PID=1199) to work on /opt/airflow/dags/parallel_dag.py
[2024-05-30T14:53:18.604+0000] {processor.py:756} INFO - Processing file /opt/airflow/dags/parallel_dag.py for tasks to queue
[2024-05-30T14:53:18.609+0000] {logging_mixin.py:120} INFO - [2024-05-30T14:53:18.609+0000] {dagbag.py:537} INFO - Filling up the DagBag from /opt/airflow/dags/parallel_dag.py
[2024-05-30T14:53:18.640+0000] {processor.py:766} INFO - DAG(s) dict_keys(['parallel_dag']) retrieved from /opt/airflow/dags/parallel_dag.py
[2024-05-30T14:53:18.699+0000] {logging_mixin.py:120} INFO - [2024-05-30T14:53:18.699+0000] {dag.py:2585} INFO - Sync 1 DAGs
[2024-05-30T14:53:18.790+0000] {logging_mixin.py:120} INFO - [2024-05-30T14:53:18.789+0000] {dag.py:3340} INFO - Setting next_dagrun for parallel_dag to 2024-05-29T00:00:00+00:00, run_after=2024-05-30T00:00:00+00:00
[2024-05-30T14:53:19.073+0000] {processor.py:176} INFO - Processing /opt/airflow/dags/parallel_dag.py took 0.477 seconds
[2024-05-30T14:53:49.775+0000] {processor.py:154} INFO - Started process (PID=1259) to work on /opt/airflow/dags/parallel_dag.py
[2024-05-30T14:53:49.779+0000] {processor.py:756} INFO - Processing file /opt/airflow/dags/parallel_dag.py for tasks to queue
[2024-05-30T14:53:49.784+0000] {logging_mixin.py:120} INFO - [2024-05-30T14:53:49.784+0000] {dagbag.py:537} INFO - Filling up the DagBag from /opt/airflow/dags/parallel_dag.py
[2024-05-30T14:53:49.827+0000] {processor.py:766} INFO - DAG(s) dict_keys(['parallel_dag']) retrieved from /opt/airflow/dags/parallel_dag.py
[2024-05-30T14:53:49.892+0000] {logging_mixin.py:120} INFO - [2024-05-30T14:53:49.891+0000] {dag.py:2585} INFO - Sync 1 DAGs
[2024-05-30T14:53:49.975+0000] {logging_mixin.py:120} INFO - [2024-05-30T14:53:49.974+0000] {dag.py:3340} INFO - Setting next_dagrun for parallel_dag to 2024-05-29T00:00:00+00:00, run_after=2024-05-30T00:00:00+00:00
[2024-05-30T14:53:50.044+0000] {processor.py:176} INFO - Processing /opt/airflow/dags/parallel_dag.py took 0.277 seconds
[2024-05-30T14:54:20.176+0000] {processor.py:154} INFO - Started process (PID=1318) to work on /opt/airflow/dags/parallel_dag.py
[2024-05-30T14:54:20.178+0000] {processor.py:756} INFO - Processing file /opt/airflow/dags/parallel_dag.py for tasks to queue
[2024-05-30T14:54:20.184+0000] {logging_mixin.py:120} INFO - [2024-05-30T14:54:20.184+0000] {dagbag.py:537} INFO - Filling up the DagBag from /opt/airflow/dags/parallel_dag.py
[2024-05-30T14:54:20.212+0000] {processor.py:766} INFO - DAG(s) dict_keys(['parallel_dag']) retrieved from /opt/airflow/dags/parallel_dag.py
[2024-05-30T14:54:20.275+0000] {logging_mixin.py:120} INFO - [2024-05-30T14:54:20.275+0000] {dag.py:2585} INFO - Sync 1 DAGs
[2024-05-30T14:54:20.381+0000] {logging_mixin.py:120} INFO - [2024-05-30T14:54:20.381+0000] {dag.py:3340} INFO - Setting next_dagrun for parallel_dag to 2024-05-29T00:00:00+00:00, run_after=2024-05-30T00:00:00+00:00
[2024-05-30T14:54:20.437+0000] {processor.py:176} INFO - Processing /opt/airflow/dags/parallel_dag.py took 0.284 seconds
[2024-05-30T14:54:50.562+0000] {processor.py:154} INFO - Started process (PID=1375) to work on /opt/airflow/dags/parallel_dag.py
[2024-05-30T14:54:50.565+0000] {processor.py:756} INFO - Processing file /opt/airflow/dags/parallel_dag.py for tasks to queue
[2024-05-30T14:54:50.572+0000] {logging_mixin.py:120} INFO - [2024-05-30T14:54:50.572+0000] {dagbag.py:537} INFO - Filling up the DagBag from /opt/airflow/dags/parallel_dag.py
[2024-05-30T14:54:50.635+0000] {processor.py:766} INFO - DAG(s) dict_keys(['parallel_dag']) retrieved from /opt/airflow/dags/parallel_dag.py
[2024-05-30T14:54:50.715+0000] {logging_mixin.py:120} INFO - [2024-05-30T14:54:50.715+0000] {dag.py:2585} INFO - Sync 1 DAGs
[2024-05-30T14:54:50.812+0000] {logging_mixin.py:120} INFO - [2024-05-30T14:54:50.811+0000] {dag.py:3340} INFO - Setting next_dagrun for parallel_dag to 2024-05-29T00:00:00+00:00, run_after=2024-05-30T00:00:00+00:00
[2024-05-30T14:54:50.992+0000] {processor.py:176} INFO - Processing /opt/airflow/dags/parallel_dag.py took 0.437 seconds
[2024-05-30T14:55:24.147+0000] {processor.py:154} INFO - Started process (PID=1434) to work on /opt/airflow/dags/parallel_dag.py
[2024-05-30T14:55:24.166+0000] {processor.py:756} INFO - Processing file /opt/airflow/dags/parallel_dag.py for tasks to queue
[2024-05-30T14:55:24.215+0000] {logging_mixin.py:120} INFO - [2024-05-30T14:55:24.214+0000] {dagbag.py:537} INFO - Filling up the DagBag from /opt/airflow/dags/parallel_dag.py
[2024-05-30T14:55:24.308+0000] {processor.py:766} INFO - DAG(s) dict_keys(['parallel_dag']) retrieved from /opt/airflow/dags/parallel_dag.py
[2024-05-30T14:55:24.382+0000] {logging_mixin.py:120} INFO - [2024-05-30T14:55:24.382+0000] {dag.py:2585} INFO - Sync 1 DAGs
[2024-05-30T14:55:24.457+0000] {logging_mixin.py:120} INFO - [2024-05-30T14:55:24.457+0000] {dag.py:3340} INFO - Setting next_dagrun for parallel_dag to 2024-05-29T00:00:00+00:00, run_after=2024-05-30T00:00:00+00:00
[2024-05-30T14:55:24.508+0000] {processor.py:176} INFO - Processing /opt/airflow/dags/parallel_dag.py took 0.384 seconds
[2024-05-30T14:59:04.667+0000] {processor.py:154} INFO - Started process (PID=69) to work on /opt/airflow/dags/parallel_dag.py
[2024-05-30T14:59:04.690+0000] {processor.py:756} INFO - Processing file /opt/airflow/dags/parallel_dag.py for tasks to queue
[2024-05-30T14:59:04.728+0000] {logging_mixin.py:120} INFO - [2024-05-30T14:59:04.728+0000] {dagbag.py:537} INFO - Filling up the DagBag from /opt/airflow/dags/parallel_dag.py
[2024-05-30T14:59:05.185+0000] {processor.py:766} INFO - DAG(s) dict_keys(['parallel_dag']) retrieved from /opt/airflow/dags/parallel_dag.py
[2024-05-30T14:59:08.450+0000] {logging_mixin.py:120} INFO - [2024-05-30T14:59:08.450+0000] {dag.py:2585} INFO - Sync 1 DAGs
[2024-05-30T14:59:11.310+0000] {logging_mixin.py:120} INFO - [2024-05-30T14:59:11.308+0000] {dag.py:3340} INFO - Setting next_dagrun for parallel_dag to 2024-05-29T00:00:00+00:00, run_after=2024-05-30T00:00:00+00:00
[2024-05-30T14:59:11.752+0000] {processor.py:176} INFO - Processing /opt/airflow/dags/parallel_dag.py took 7.225 seconds
[2024-05-30T14:59:43.799+0000] {processor.py:154} INFO - Started process (PID=84) to work on /opt/airflow/dags/parallel_dag.py
[2024-05-30T14:59:43.876+0000] {processor.py:756} INFO - Processing file /opt/airflow/dags/parallel_dag.py for tasks to queue
[2024-05-30T14:59:44.263+0000] {logging_mixin.py:120} INFO - [2024-05-30T14:59:44.262+0000] {dagbag.py:537} INFO - Filling up the DagBag from /opt/airflow/dags/parallel_dag.py
[2024-05-30T14:59:48.066+0000] {processor.py:766} INFO - DAG(s) dict_keys(['parallel_dag']) retrieved from /opt/airflow/dags/parallel_dag.py
[2024-05-30T14:59:49.714+0000] {logging_mixin.py:120} INFO - [2024-05-30T14:59:49.714+0000] {dag.py:2585} INFO - Sync 1 DAGs
[2024-05-30T14:59:50.121+0000] {logging_mixin.py:120} INFO - [2024-05-30T14:59:50.121+0000] {dag.py:3340} INFO - Setting next_dagrun for parallel_dag to 2024-05-29T00:00:00+00:00, run_after=2024-05-30T00:00:00+00:00
[2024-05-30T14:59:50.290+0000] {processor.py:176} INFO - Processing /opt/airflow/dags/parallel_dag.py took 6.914 seconds
[2024-05-30T15:00:37.528+0000] {processor.py:154} INFO - Started process (PID=117) to work on /opt/airflow/dags/parallel_dag.py
[2024-05-30T15:00:37.532+0000] {processor.py:756} INFO - Processing file /opt/airflow/dags/parallel_dag.py for tasks to queue
[2024-05-30T15:00:37.543+0000] {logging_mixin.py:120} INFO - [2024-05-30T15:00:37.543+0000] {dagbag.py:537} INFO - Filling up the DagBag from /opt/airflow/dags/parallel_dag.py
[2024-05-30T15:00:37.815+0000] {processor.py:766} INFO - DAG(s) dict_keys(['parallel_dag']) retrieved from /opt/airflow/dags/parallel_dag.py
[2024-05-30T15:00:38.249+0000] {logging_mixin.py:120} INFO - [2024-05-30T15:00:38.248+0000] {dag.py:2585} INFO - Sync 1 DAGs
[2024-05-30T15:00:38.368+0000] {logging_mixin.py:120} INFO - [2024-05-30T15:00:38.368+0000] {dag.py:3340} INFO - Setting next_dagrun for parallel_dag to 2024-05-29T00:00:00+00:00, run_after=2024-05-30T00:00:00+00:00
[2024-05-30T15:00:38.421+0000] {processor.py:176} INFO - Processing /opt/airflow/dags/parallel_dag.py took 0.905 seconds
[2024-05-30T15:01:14.060+0000] {processor.py:154} INFO - Started process (PID=140) to work on /opt/airflow/dags/parallel_dag.py
[2024-05-30T15:01:14.072+0000] {processor.py:756} INFO - Processing file /opt/airflow/dags/parallel_dag.py for tasks to queue
[2024-05-30T15:01:14.086+0000] {logging_mixin.py:120} INFO - [2024-05-30T15:01:14.085+0000] {dagbag.py:537} INFO - Filling up the DagBag from /opt/airflow/dags/parallel_dag.py
[2024-05-30T15:01:14.219+0000] {processor.py:766} INFO - DAG(s) dict_keys(['parallel_dag']) retrieved from /opt/airflow/dags/parallel_dag.py
[2024-05-30T15:01:14.478+0000] {logging_mixin.py:120} INFO - [2024-05-30T15:01:14.477+0000] {dag.py:2585} INFO - Sync 1 DAGs
[2024-05-30T15:01:14.584+0000] {logging_mixin.py:120} INFO - [2024-05-30T15:01:14.584+0000] {dag.py:3340} INFO - Setting next_dagrun for parallel_dag to 2024-05-29T00:00:00+00:00, run_after=2024-05-30T00:00:00+00:00
[2024-05-30T15:01:14.643+0000] {processor.py:176} INFO - Processing /opt/airflow/dags/parallel_dag.py took 0.592 seconds
[2024-05-30T15:01:53.332+0000] {processor.py:154} INFO - Started process (PID=172) to work on /opt/airflow/dags/parallel_dag.py
[2024-05-30T15:01:53.334+0000] {processor.py:756} INFO - Processing file /opt/airflow/dags/parallel_dag.py for tasks to queue
[2024-05-30T15:01:53.337+0000] {logging_mixin.py:120} INFO - [2024-05-30T15:01:53.337+0000] {dagbag.py:537} INFO - Filling up the DagBag from /opt/airflow/dags/parallel_dag.py
[2024-05-30T15:01:53.456+0000] {processor.py:766} INFO - DAG(s) dict_keys(['parallel_dag']) retrieved from /opt/airflow/dags/parallel_dag.py
[2024-05-30T15:01:53.673+0000] {logging_mixin.py:120} INFO - [2024-05-30T15:01:53.673+0000] {dag.py:2585} INFO - Sync 1 DAGs
[2024-05-30T15:01:53.747+0000] {logging_mixin.py:120} INFO - [2024-05-30T15:01:53.746+0000] {dag.py:3340} INFO - Setting next_dagrun for parallel_dag to 2024-05-29T00:00:00+00:00, run_after=2024-05-30T00:00:00+00:00
[2024-05-30T15:01:53.803+0000] {processor.py:176} INFO - Processing /opt/airflow/dags/parallel_dag.py took 0.481 seconds
[2024-05-30T15:02:24.124+0000] {processor.py:154} INFO - Started process (PID=192) to work on /opt/airflow/dags/parallel_dag.py
[2024-05-30T15:02:24.128+0000] {processor.py:756} INFO - Processing file /opt/airflow/dags/parallel_dag.py for tasks to queue
[2024-05-30T15:02:24.131+0000] {logging_mixin.py:120} INFO - [2024-05-30T15:02:24.130+0000] {dagbag.py:537} INFO - Filling up the DagBag from /opt/airflow/dags/parallel_dag.py
[2024-05-30T15:02:24.228+0000] {processor.py:766} INFO - DAG(s) dict_keys(['parallel_dag']) retrieved from /opt/airflow/dags/parallel_dag.py
[2024-05-30T15:02:24.888+0000] {logging_mixin.py:120} INFO - [2024-05-30T15:02:24.888+0000] {dag.py:2585} INFO - Sync 1 DAGs
[2024-05-30T15:02:25.214+0000] {logging_mixin.py:120} INFO - [2024-05-30T15:02:25.213+0000] {dag.py:3340} INFO - Setting next_dagrun for parallel_dag to 2024-05-29T00:00:00+00:00, run_after=2024-05-30T00:00:00+00:00
[2024-05-30T15:02:25.314+0000] {processor.py:176} INFO - Processing /opt/airflow/dags/parallel_dag.py took 1.221 seconds
[2024-05-30T15:02:38.787+0000] {processor.py:154} INFO - Started process (PID=198) to work on /opt/airflow/dags/parallel_dag.py
[2024-05-30T15:02:38.790+0000] {processor.py:756} INFO - Processing file /opt/airflow/dags/parallel_dag.py for tasks to queue
[2024-05-30T15:02:38.800+0000] {logging_mixin.py:120} INFO - [2024-05-30T15:02:38.800+0000] {dagbag.py:537} INFO - Filling up the DagBag from /opt/airflow/dags/parallel_dag.py
[2024-05-30T15:02:38.950+0000] {processor.py:766} INFO - DAG(s) dict_keys(['parallel_dag']) retrieved from /opt/airflow/dags/parallel_dag.py
[2024-05-30T15:02:39.286+0000] {logging_mixin.py:120} INFO - [2024-05-30T15:02:39.286+0000] {dag.py:2585} INFO - Sync 1 DAGs
[2024-05-30T15:02:39.458+0000] {logging_mixin.py:120} INFO - [2024-05-30T15:02:39.457+0000] {dag.py:3340} INFO - Setting next_dagrun for parallel_dag to 2024-05-29T00:00:00+00:00, run_after=2024-05-30T00:00:00+00:00
[2024-05-30T15:02:39.594+0000] {processor.py:176} INFO - Processing /opt/airflow/dags/parallel_dag.py took 0.866 seconds
[2024-05-30T15:02:43.438+0000] {processor.py:154} INFO - Started process (PID=209) to work on /opt/airflow/dags/parallel_dag.py
[2024-05-30T15:02:43.444+0000] {processor.py:756} INFO - Processing file /opt/airflow/dags/parallel_dag.py for tasks to queue
[2024-05-30T15:02:43.452+0000] {logging_mixin.py:120} INFO - [2024-05-30T15:02:43.451+0000] {dagbag.py:537} INFO - Filling up the DagBag from /opt/airflow/dags/parallel_dag.py
[2024-05-30T15:02:43.812+0000] {processor.py:766} INFO - DAG(s) dict_keys(['parallel_dag']) retrieved from /opt/airflow/dags/parallel_dag.py
[2024-05-30T15:02:44.052+0000] {logging_mixin.py:120} INFO - [2024-05-30T15:02:44.041+0000] {dag.py:2585} INFO - Sync 1 DAGs
[2024-05-30T15:02:44.592+0000] {logging_mixin.py:120} INFO - [2024-05-30T15:02:44.591+0000] {dag.py:3340} INFO - Setting next_dagrun for parallel_dag to 2024-05-29T00:00:00+00:00, run_after=2024-05-30T00:00:00+00:00
[2024-05-30T15:02:44.969+0000] {processor.py:176} INFO - Processing /opt/airflow/dags/parallel_dag.py took 1.536 seconds
[2024-05-30T15:03:15.495+0000] {processor.py:154} INFO - Started process (PID=233) to work on /opt/airflow/dags/parallel_dag.py
[2024-05-30T15:03:15.497+0000] {processor.py:756} INFO - Processing file /opt/airflow/dags/parallel_dag.py for tasks to queue
[2024-05-30T15:03:15.499+0000] {logging_mixin.py:120} INFO - [2024-05-30T15:03:15.499+0000] {dagbag.py:537} INFO - Filling up the DagBag from /opt/airflow/dags/parallel_dag.py
[2024-05-30T15:03:15.535+0000] {processor.py:766} INFO - DAG(s) dict_keys(['parallel_dag']) retrieved from /opt/airflow/dags/parallel_dag.py
[2024-05-30T15:03:15.683+0000] {logging_mixin.py:120} INFO - [2024-05-30T15:03:15.683+0000] {dag.py:2585} INFO - Sync 1 DAGs
[2024-05-30T15:03:15.731+0000] {logging_mixin.py:120} INFO - [2024-05-30T15:03:15.731+0000] {dag.py:3340} INFO - Setting next_dagrun for parallel_dag to 2024-05-29T00:00:00+00:00, run_after=2024-05-30T00:00:00+00:00
[2024-05-30T15:03:15.777+0000] {processor.py:176} INFO - Processing /opt/airflow/dags/parallel_dag.py took 0.287 seconds
[2024-05-30T15:03:46.015+0000] {processor.py:154} INFO - Started process (PID=257) to work on /opt/airflow/dags/parallel_dag.py
[2024-05-30T15:03:46.017+0000] {processor.py:756} INFO - Processing file /opt/airflow/dags/parallel_dag.py for tasks to queue
[2024-05-30T15:03:46.019+0000] {logging_mixin.py:120} INFO - [2024-05-30T15:03:46.019+0000] {dagbag.py:537} INFO - Filling up the DagBag from /opt/airflow/dags/parallel_dag.py
[2024-05-30T15:03:46.050+0000] {processor.py:766} INFO - DAG(s) dict_keys(['parallel_dag']) retrieved from /opt/airflow/dags/parallel_dag.py
[2024-05-30T15:03:46.116+0000] {logging_mixin.py:120} INFO - [2024-05-30T15:03:46.115+0000] {dag.py:2585} INFO - Sync 1 DAGs
[2024-05-30T15:03:46.169+0000] {logging_mixin.py:120} INFO - [2024-05-30T15:03:46.169+0000] {dag.py:3340} INFO - Setting next_dagrun for parallel_dag to 2024-05-29T00:00:00+00:00, run_after=2024-05-30T00:00:00+00:00
[2024-05-30T15:03:46.204+0000] {processor.py:176} INFO - Processing /opt/airflow/dags/parallel_dag.py took 0.195 seconds
[2024-05-30T15:04:16.526+0000] {processor.py:154} INFO - Started process (PID=290) to work on /opt/airflow/dags/parallel_dag.py
[2024-05-30T15:04:16.529+0000] {processor.py:756} INFO - Processing file /opt/airflow/dags/parallel_dag.py for tasks to queue
[2024-05-30T15:04:16.532+0000] {logging_mixin.py:120} INFO - [2024-05-30T15:04:16.532+0000] {dagbag.py:537} INFO - Filling up the DagBag from /opt/airflow/dags/parallel_dag.py
[2024-05-30T15:04:16.579+0000] {processor.py:766} INFO - DAG(s) dict_keys(['parallel_dag']) retrieved from /opt/airflow/dags/parallel_dag.py
[2024-05-30T15:04:16.702+0000] {logging_mixin.py:120} INFO - [2024-05-30T15:04:16.701+0000] {dag.py:2585} INFO - Sync 1 DAGs
[2024-05-30T15:04:16.806+0000] {logging_mixin.py:120} INFO - [2024-05-30T15:04:16.806+0000] {dag.py:3340} INFO - Setting next_dagrun for parallel_dag to 2024-05-29T00:00:00+00:00, run_after=2024-05-30T00:00:00+00:00
[2024-05-30T15:04:16.861+0000] {processor.py:176} INFO - Processing /opt/airflow/dags/parallel_dag.py took 0.342 seconds
[2024-05-30T15:04:51.505+0000] {processor.py:154} INFO - Started process (PID=318) to work on /opt/airflow/dags/parallel_dag.py
[2024-05-30T15:04:51.512+0000] {processor.py:756} INFO - Processing file /opt/airflow/dags/parallel_dag.py for tasks to queue
[2024-05-30T15:04:51.516+0000] {logging_mixin.py:120} INFO - [2024-05-30T15:04:51.515+0000] {dagbag.py:537} INFO - Filling up the DagBag from /opt/airflow/dags/parallel_dag.py
[2024-05-30T15:04:51.678+0000] {processor.py:766} INFO - DAG(s) dict_keys(['parallel_dag']) retrieved from /opt/airflow/dags/parallel_dag.py
[2024-05-30T15:04:51.890+0000] {logging_mixin.py:120} INFO - [2024-05-30T15:04:51.889+0000] {dag.py:2585} INFO - Sync 1 DAGs
[2024-05-30T15:04:52.123+0000] {logging_mixin.py:120} INFO - [2024-05-30T15:04:52.123+0000] {dag.py:3340} INFO - Setting next_dagrun for parallel_dag to 2024-05-30T00:00:00+00:00, run_after=2024-05-31T00:00:00+00:00
[2024-05-30T15:04:52.552+0000] {processor.py:176} INFO - Processing /opt/airflow/dags/parallel_dag.py took 1.074 seconds
[2024-05-30T15:05:23.359+0000] {processor.py:154} INFO - Started process (PID=343) to work on /opt/airflow/dags/parallel_dag.py
[2024-05-30T15:05:23.364+0000] {processor.py:756} INFO - Processing file /opt/airflow/dags/parallel_dag.py for tasks to queue
[2024-05-30T15:05:23.368+0000] {logging_mixin.py:120} INFO - [2024-05-30T15:05:23.368+0000] {dagbag.py:537} INFO - Filling up the DagBag from /opt/airflow/dags/parallel_dag.py
[2024-05-30T15:05:23.459+0000] {processor.py:766} INFO - DAG(s) dict_keys(['parallel_dag']) retrieved from /opt/airflow/dags/parallel_dag.py
[2024-05-30T15:05:23.639+0000] {logging_mixin.py:120} INFO - [2024-05-30T15:05:23.639+0000] {dag.py:2585} INFO - Sync 1 DAGs
[2024-05-30T15:05:23.771+0000] {logging_mixin.py:120} INFO - [2024-05-30T15:05:23.770+0000] {dag.py:3340} INFO - Setting next_dagrun for parallel_dag to 2024-05-30T00:00:00+00:00, run_after=2024-05-31T00:00:00+00:00
[2024-05-30T15:05:23.880+0000] {processor.py:176} INFO - Processing /opt/airflow/dags/parallel_dag.py took 0.552 seconds
[2024-05-30T15:05:54.321+0000] {processor.py:154} INFO - Started process (PID=367) to work on /opt/airflow/dags/parallel_dag.py
[2024-05-30T15:05:54.341+0000] {processor.py:756} INFO - Processing file /opt/airflow/dags/parallel_dag.py for tasks to queue
[2024-05-30T15:05:54.354+0000] {logging_mixin.py:120} INFO - [2024-05-30T15:05:54.354+0000] {dagbag.py:537} INFO - Filling up the DagBag from /opt/airflow/dags/parallel_dag.py
[2024-05-30T15:05:54.506+0000] {processor.py:766} INFO - DAG(s) dict_keys(['parallel_dag']) retrieved from /opt/airflow/dags/parallel_dag.py
[2024-05-30T15:05:54.668+0000] {logging_mixin.py:120} INFO - [2024-05-30T15:05:54.668+0000] {dag.py:2585} INFO - Sync 1 DAGs
[2024-05-30T15:05:54.840+0000] {logging_mixin.py:120} INFO - [2024-05-30T15:05:54.839+0000] {dag.py:3340} INFO - Setting next_dagrun for parallel_dag to 2024-05-30T00:00:00+00:00, run_after=2024-05-31T00:00:00+00:00
[2024-05-30T15:05:54.988+0000] {processor.py:176} INFO - Processing /opt/airflow/dags/parallel_dag.py took 0.688 seconds
[2024-05-30T15:06:25.578+0000] {processor.py:154} INFO - Started process (PID=389) to work on /opt/airflow/dags/parallel_dag.py
[2024-05-30T15:06:25.581+0000] {processor.py:756} INFO - Processing file /opt/airflow/dags/parallel_dag.py for tasks to queue
[2024-05-30T15:06:25.583+0000] {logging_mixin.py:120} INFO - [2024-05-30T15:06:25.583+0000] {dagbag.py:537} INFO - Filling up the DagBag from /opt/airflow/dags/parallel_dag.py
[2024-05-30T15:06:25.654+0000] {processor.py:766} INFO - DAG(s) dict_keys(['parallel_dag']) retrieved from /opt/airflow/dags/parallel_dag.py
[2024-05-30T15:06:25.750+0000] {logging_mixin.py:120} INFO - [2024-05-30T15:06:25.749+0000] {dag.py:2585} INFO - Sync 1 DAGs
[2024-05-30T15:06:25.854+0000] {logging_mixin.py:120} INFO - [2024-05-30T15:06:25.854+0000] {dag.py:3340} INFO - Setting next_dagrun for parallel_dag to 2024-05-30T00:00:00+00:00, run_after=2024-05-31T00:00:00+00:00
[2024-05-30T15:06:25.957+0000] {processor.py:176} INFO - Processing /opt/airflow/dags/parallel_dag.py took 0.384 seconds
[2024-05-30T15:06:56.184+0000] {processor.py:154} INFO - Started process (PID=413) to work on /opt/airflow/dags/parallel_dag.py
[2024-05-30T15:06:56.273+0000] {processor.py:756} INFO - Processing file /opt/airflow/dags/parallel_dag.py for tasks to queue
[2024-05-30T15:06:56.275+0000] {logging_mixin.py:120} INFO - [2024-05-30T15:06:56.275+0000] {dagbag.py:537} INFO - Filling up the DagBag from /opt/airflow/dags/parallel_dag.py
[2024-05-30T15:06:56.467+0000] {processor.py:766} INFO - DAG(s) dict_keys(['parallel_dag']) retrieved from /opt/airflow/dags/parallel_dag.py
[2024-05-30T15:06:57.443+0000] {logging_mixin.py:120} INFO - [2024-05-30T15:06:57.442+0000] {dag.py:2585} INFO - Sync 1 DAGs
[2024-05-30T15:06:57.640+0000] {logging_mixin.py:120} INFO - [2024-05-30T15:06:57.640+0000] {dag.py:3340} INFO - Setting next_dagrun for parallel_dag to 2024-05-30T00:00:00+00:00, run_after=2024-05-31T00:00:00+00:00
[2024-05-30T15:06:57.717+0000] {processor.py:176} INFO - Processing /opt/airflow/dags/parallel_dag.py took 1.542 seconds
[2024-05-30T15:07:28.340+0000] {processor.py:154} INFO - Started process (PID=437) to work on /opt/airflow/dags/parallel_dag.py
[2024-05-30T15:07:28.343+0000] {processor.py:756} INFO - Processing file /opt/airflow/dags/parallel_dag.py for tasks to queue
[2024-05-30T15:07:28.346+0000] {logging_mixin.py:120} INFO - [2024-05-30T15:07:28.346+0000] {dagbag.py:537} INFO - Filling up the DagBag from /opt/airflow/dags/parallel_dag.py
[2024-05-30T15:07:28.404+0000] {processor.py:766} INFO - DAG(s) dict_keys(['parallel_dag']) retrieved from /opt/airflow/dags/parallel_dag.py
[2024-05-30T15:07:28.598+0000] {logging_mixin.py:120} INFO - [2024-05-30T15:07:28.598+0000] {dag.py:2585} INFO - Sync 1 DAGs
[2024-05-30T15:07:28.690+0000] {logging_mixin.py:120} INFO - [2024-05-30T15:07:28.689+0000] {dag.py:3340} INFO - Setting next_dagrun for parallel_dag to 2024-05-30T00:00:00+00:00, run_after=2024-05-31T00:00:00+00:00
[2024-05-30T15:07:28.759+0000] {processor.py:176} INFO - Processing /opt/airflow/dags/parallel_dag.py took 0.425 seconds
[2024-05-30T15:08:00.354+0000] {processor.py:154} INFO - Started process (PID=470) to work on /opt/airflow/dags/parallel_dag.py
[2024-05-30T15:08:00.356+0000] {processor.py:756} INFO - Processing file /opt/airflow/dags/parallel_dag.py for tasks to queue
[2024-05-30T15:08:00.358+0000] {logging_mixin.py:120} INFO - [2024-05-30T15:08:00.358+0000] {dagbag.py:537} INFO - Filling up the DagBag from /opt/airflow/dags/parallel_dag.py
[2024-05-30T15:08:00.420+0000] {processor.py:766} INFO - DAG(s) dict_keys(['parallel_dag']) retrieved from /opt/airflow/dags/parallel_dag.py
[2024-05-30T15:08:00.551+0000] {logging_mixin.py:120} INFO - [2024-05-30T15:08:00.550+0000] {dag.py:2585} INFO - Sync 1 DAGs
[2024-05-30T15:08:00.656+0000] {logging_mixin.py:120} INFO - [2024-05-30T15:08:00.655+0000] {dag.py:3340} INFO - Setting next_dagrun for parallel_dag to 2024-05-30T00:00:00+00:00, run_after=2024-05-31T00:00:00+00:00
[2024-05-30T15:08:00.713+0000] {processor.py:176} INFO - Processing /opt/airflow/dags/parallel_dag.py took 0.366 seconds
[2024-05-30T15:08:33.370+0000] {processor.py:154} INFO - Started process (PID=494) to work on /opt/airflow/dags/parallel_dag.py
[2024-05-30T15:08:33.374+0000] {processor.py:756} INFO - Processing file /opt/airflow/dags/parallel_dag.py for tasks to queue
[2024-05-30T15:08:33.376+0000] {logging_mixin.py:120} INFO - [2024-05-30T15:08:33.376+0000] {dagbag.py:537} INFO - Filling up the DagBag from /opt/airflow/dags/parallel_dag.py
[2024-05-30T15:08:33.440+0000] {processor.py:766} INFO - DAG(s) dict_keys(['parallel_dag']) retrieved from /opt/airflow/dags/parallel_dag.py
[2024-05-30T15:08:33.558+0000] {logging_mixin.py:120} INFO - [2024-05-30T15:08:33.558+0000] {dag.py:2585} INFO - Sync 1 DAGs
[2024-05-30T15:08:33.605+0000] {logging_mixin.py:120} INFO - [2024-05-30T15:08:33.605+0000] {dag.py:3340} INFO - Setting next_dagrun for parallel_dag to 2024-05-30T00:00:00+00:00, run_after=2024-05-31T00:00:00+00:00
[2024-05-30T15:08:33.646+0000] {processor.py:176} INFO - Processing /opt/airflow/dags/parallel_dag.py took 0.285 seconds
[2024-05-30T15:09:03.749+0000] {processor.py:154} INFO - Started process (PID=513) to work on /opt/airflow/dags/parallel_dag.py
[2024-05-30T15:09:03.752+0000] {processor.py:756} INFO - Processing file /opt/airflow/dags/parallel_dag.py for tasks to queue
[2024-05-30T15:09:03.755+0000] {logging_mixin.py:120} INFO - [2024-05-30T15:09:03.755+0000] {dagbag.py:537} INFO - Filling up the DagBag from /opt/airflow/dags/parallel_dag.py
[2024-05-30T15:09:03.806+0000] {processor.py:766} INFO - DAG(s) dict_keys(['parallel_dag']) retrieved from /opt/airflow/dags/parallel_dag.py
[2024-05-30T15:09:03.938+0000] {logging_mixin.py:120} INFO - [2024-05-30T15:09:03.938+0000] {dag.py:2585} INFO - Sync 1 DAGs
[2024-05-30T15:09:04.023+0000] {logging_mixin.py:120} INFO - [2024-05-30T15:09:04.022+0000] {dag.py:3340} INFO - Setting next_dagrun for parallel_dag to 2024-05-30T00:00:00+00:00, run_after=2024-05-31T00:00:00+00:00
[2024-05-30T15:09:04.083+0000] {processor.py:176} INFO - Processing /opt/airflow/dags/parallel_dag.py took 0.342 seconds
[2024-05-30T15:09:34.427+0000] {processor.py:154} INFO - Started process (PID=537) to work on /opt/airflow/dags/parallel_dag.py
[2024-05-30T15:09:34.432+0000] {processor.py:756} INFO - Processing file /opt/airflow/dags/parallel_dag.py for tasks to queue
[2024-05-30T15:09:34.435+0000] {logging_mixin.py:120} INFO - [2024-05-30T15:09:34.435+0000] {dagbag.py:537} INFO - Filling up the DagBag from /opt/airflow/dags/parallel_dag.py
[2024-05-30T15:09:34.543+0000] {processor.py:766} INFO - DAG(s) dict_keys(['parallel_dag']) retrieved from /opt/airflow/dags/parallel_dag.py
[2024-05-30T15:09:34.684+0000] {logging_mixin.py:120} INFO - [2024-05-30T15:09:34.684+0000] {dag.py:2585} INFO - Sync 1 DAGs
[2024-05-30T15:09:34.753+0000] {logging_mixin.py:120} INFO - [2024-05-30T15:09:34.753+0000] {dag.py:3340} INFO - Setting next_dagrun for parallel_dag to 2024-05-30T00:00:00+00:00, run_after=2024-05-31T00:00:00+00:00
[2024-05-30T15:09:34.806+0000] {processor.py:176} INFO - Processing /opt/airflow/dags/parallel_dag.py took 0.388 seconds
[2024-05-30T15:10:05.075+0000] {processor.py:154} INFO - Started process (PID=561) to work on /opt/airflow/dags/parallel_dag.py
[2024-05-30T15:10:05.077+0000] {processor.py:756} INFO - Processing file /opt/airflow/dags/parallel_dag.py for tasks to queue
[2024-05-30T15:10:05.080+0000] {logging_mixin.py:120} INFO - [2024-05-30T15:10:05.080+0000] {dagbag.py:537} INFO - Filling up the DagBag from /opt/airflow/dags/parallel_dag.py
[2024-05-30T15:10:05.134+0000] {processor.py:766} INFO - DAG(s) dict_keys(['parallel_dag']) retrieved from /opt/airflow/dags/parallel_dag.py
[2024-05-30T15:10:05.242+0000] {logging_mixin.py:120} INFO - [2024-05-30T15:10:05.242+0000] {dag.py:2585} INFO - Sync 1 DAGs
[2024-05-30T15:10:05.378+0000] {logging_mixin.py:120} INFO - [2024-05-30T15:10:05.378+0000] {dag.py:3340} INFO - Setting next_dagrun for parallel_dag to 2024-05-30T00:00:00+00:00, run_after=2024-05-31T00:00:00+00:00
[2024-05-30T15:10:05.434+0000] {processor.py:176} INFO - Processing /opt/airflow/dags/parallel_dag.py took 0.367 seconds
[2024-05-30T15:10:36.053+0000] {processor.py:154} INFO - Started process (PID=585) to work on /opt/airflow/dags/parallel_dag.py
[2024-05-30T15:10:36.055+0000] {processor.py:756} INFO - Processing file /opt/airflow/dags/parallel_dag.py for tasks to queue
[2024-05-30T15:10:36.057+0000] {logging_mixin.py:120} INFO - [2024-05-30T15:10:36.057+0000] {dagbag.py:537} INFO - Filling up the DagBag from /opt/airflow/dags/parallel_dag.py
[2024-05-30T15:10:36.104+0000] {processor.py:766} INFO - DAG(s) dict_keys(['parallel_dag']) retrieved from /opt/airflow/dags/parallel_dag.py
[2024-05-30T15:10:36.208+0000] {logging_mixin.py:120} INFO - [2024-05-30T15:10:36.208+0000] {dag.py:2585} INFO - Sync 1 DAGs
[2024-05-30T15:10:36.275+0000] {logging_mixin.py:120} INFO - [2024-05-30T15:10:36.275+0000] {dag.py:3340} INFO - Setting next_dagrun for parallel_dag to 2024-05-30T00:00:00+00:00, run_after=2024-05-31T00:00:00+00:00
[2024-05-30T15:10:36.312+0000] {processor.py:176} INFO - Processing /opt/airflow/dags/parallel_dag.py took 0.265 seconds
[2024-05-30T15:11:07.326+0000] {processor.py:154} INFO - Started process (PID=606) to work on /opt/airflow/dags/parallel_dag.py
[2024-05-30T15:11:07.329+0000] {processor.py:756} INFO - Processing file /opt/airflow/dags/parallel_dag.py for tasks to queue
[2024-05-30T15:11:07.333+0000] {logging_mixin.py:120} INFO - [2024-05-30T15:11:07.332+0000] {dagbag.py:537} INFO - Filling up the DagBag from /opt/airflow/dags/parallel_dag.py
[2024-05-30T15:11:07.840+0000] {processor.py:766} INFO - DAG(s) dict_keys(['parallel_dag']) retrieved from /opt/airflow/dags/parallel_dag.py
[2024-05-30T15:11:09.833+0000] {logging_mixin.py:120} INFO - [2024-05-30T15:11:09.833+0000] {dag.py:2585} INFO - Sync 1 DAGs
[2024-05-30T15:11:10.610+0000] {logging_mixin.py:120} INFO - [2024-05-30T15:11:10.609+0000] {dag.py:3340} INFO - Setting next_dagrun for parallel_dag to 2024-05-30T00:00:00+00:00, run_after=2024-05-31T00:00:00+00:00
[2024-05-30T15:11:10.986+0000] {processor.py:176} INFO - Processing /opt/airflow/dags/parallel_dag.py took 3.695 seconds
[2024-05-30T15:11:41.965+0000] {processor.py:154} INFO - Started process (PID=623) to work on /opt/airflow/dags/parallel_dag.py
[2024-05-30T15:11:41.968+0000] {processor.py:756} INFO - Processing file /opt/airflow/dags/parallel_dag.py for tasks to queue
[2024-05-30T15:11:41.973+0000] {logging_mixin.py:120} INFO - [2024-05-30T15:11:41.972+0000] {dagbag.py:537} INFO - Filling up the DagBag from /opt/airflow/dags/parallel_dag.py
[2024-05-30T15:11:42.124+0000] {processor.py:766} INFO - DAG(s) dict_keys(['parallel_dag']) retrieved from /opt/airflow/dags/parallel_dag.py
[2024-05-30T15:11:42.312+0000] {logging_mixin.py:120} INFO - [2024-05-30T15:11:42.311+0000] {dag.py:2585} INFO - Sync 1 DAGs
[2024-05-30T15:11:42.408+0000] {logging_mixin.py:120} INFO - [2024-05-30T15:11:42.408+0000] {dag.py:3340} INFO - Setting next_dagrun for parallel_dag to 2024-05-30T00:00:00+00:00, run_after=2024-05-31T00:00:00+00:00
[2024-05-30T15:11:42.484+0000] {processor.py:176} INFO - Processing /opt/airflow/dags/parallel_dag.py took 0.538 seconds
[2024-05-30T15:12:13.242+0000] {processor.py:154} INFO - Started process (PID=657) to work on /opt/airflow/dags/parallel_dag.py
[2024-05-30T15:12:13.244+0000] {processor.py:756} INFO - Processing file /opt/airflow/dags/parallel_dag.py for tasks to queue
[2024-05-30T15:12:13.247+0000] {logging_mixin.py:120} INFO - [2024-05-30T15:12:13.246+0000] {dagbag.py:537} INFO - Filling up the DagBag from /opt/airflow/dags/parallel_dag.py
[2024-05-30T15:12:13.345+0000] {processor.py:766} INFO - DAG(s) dict_keys(['parallel_dag']) retrieved from /opt/airflow/dags/parallel_dag.py
[2024-05-30T15:12:13.607+0000] {logging_mixin.py:120} INFO - [2024-05-30T15:12:13.607+0000] {dag.py:2585} INFO - Sync 1 DAGs
[2024-05-30T15:12:13.705+0000] {logging_mixin.py:120} INFO - [2024-05-30T15:12:13.705+0000] {dag.py:3340} INFO - Setting next_dagrun for parallel_dag to 2024-05-30T00:00:00+00:00, run_after=2024-05-31T00:00:00+00:00
[2024-05-30T15:12:13.770+0000] {processor.py:176} INFO - Processing /opt/airflow/dags/parallel_dag.py took 0.536 seconds
[2024-05-30T15:12:44.177+0000] {processor.py:154} INFO - Started process (PID=672) to work on /opt/airflow/dags/parallel_dag.py
[2024-05-30T15:12:44.180+0000] {processor.py:756} INFO - Processing file /opt/airflow/dags/parallel_dag.py for tasks to queue
[2024-05-30T15:12:44.192+0000] {logging_mixin.py:120} INFO - [2024-05-30T15:12:44.192+0000] {dagbag.py:537} INFO - Filling up the DagBag from /opt/airflow/dags/parallel_dag.py
[2024-05-30T15:12:44.237+0000] {processor.py:766} INFO - DAG(s) dict_keys(['parallel_dag']) retrieved from /opt/airflow/dags/parallel_dag.py
[2024-05-30T15:12:44.316+0000] {logging_mixin.py:120} INFO - [2024-05-30T15:12:44.316+0000] {dag.py:2585} INFO - Sync 1 DAGs
[2024-05-30T15:12:44.372+0000] {logging_mixin.py:120} INFO - [2024-05-30T15:12:44.371+0000] {dag.py:3340} INFO - Setting next_dagrun for parallel_dag to 2024-05-30T00:00:00+00:00, run_after=2024-05-31T00:00:00+00:00
[2024-05-30T15:12:44.408+0000] {processor.py:176} INFO - Processing /opt/airflow/dags/parallel_dag.py took 0.239 seconds
[2024-05-30T15:13:14.517+0000] {processor.py:154} INFO - Started process (PID=699) to work on /opt/airflow/dags/parallel_dag.py
[2024-05-30T15:13:14.520+0000] {processor.py:756} INFO - Processing file /opt/airflow/dags/parallel_dag.py for tasks to queue
[2024-05-30T15:13:14.522+0000] {logging_mixin.py:120} INFO - [2024-05-30T15:13:14.522+0000] {dagbag.py:537} INFO - Filling up the DagBag from /opt/airflow/dags/parallel_dag.py
[2024-05-30T15:13:14.574+0000] {processor.py:766} INFO - DAG(s) dict_keys(['parallel_dag']) retrieved from /opt/airflow/dags/parallel_dag.py
[2024-05-30T15:13:14.680+0000] {logging_mixin.py:120} INFO - [2024-05-30T15:13:14.679+0000] {dag.py:2585} INFO - Sync 1 DAGs
[2024-05-30T15:13:14.766+0000] {logging_mixin.py:120} INFO - [2024-05-30T15:13:14.765+0000] {dag.py:3340} INFO - Setting next_dagrun for parallel_dag to 2024-05-30T00:00:00+00:00, run_after=2024-05-31T00:00:00+00:00
[2024-05-30T15:13:14.817+0000] {processor.py:176} INFO - Processing /opt/airflow/dags/parallel_dag.py took 0.309 seconds
[2024-05-30T15:13:44.916+0000] {processor.py:154} INFO - Started process (PID=723) to work on /opt/airflow/dags/parallel_dag.py
[2024-05-30T15:13:44.940+0000] {processor.py:756} INFO - Processing file /opt/airflow/dags/parallel_dag.py for tasks to queue
[2024-05-30T15:13:44.950+0000] {logging_mixin.py:120} INFO - [2024-05-30T15:13:44.949+0000] {dagbag.py:537} INFO - Filling up the DagBag from /opt/airflow/dags/parallel_dag.py
[2024-05-30T15:13:45.084+0000] {processor.py:766} INFO - DAG(s) dict_keys(['parallel_dag']) retrieved from /opt/airflow/dags/parallel_dag.py
[2024-05-30T15:13:45.208+0000] {logging_mixin.py:120} INFO - [2024-05-30T15:13:45.208+0000] {dag.py:2585} INFO - Sync 1 DAGs
[2024-05-30T15:13:45.309+0000] {logging_mixin.py:120} INFO - [2024-05-30T15:13:45.308+0000] {dag.py:3340} INFO - Setting next_dagrun for parallel_dag to 2024-05-30T00:00:00+00:00, run_after=2024-05-31T00:00:00+00:00
[2024-05-30T15:13:45.365+0000] {processor.py:176} INFO - Processing /opt/airflow/dags/parallel_dag.py took 0.459 seconds
[2024-05-30T15:14:15.856+0000] {processor.py:154} INFO - Started process (PID=747) to work on /opt/airflow/dags/parallel_dag.py
[2024-05-30T15:14:15.859+0000] {processor.py:756} INFO - Processing file /opt/airflow/dags/parallel_dag.py for tasks to queue
[2024-05-30T15:14:15.861+0000] {logging_mixin.py:120} INFO - [2024-05-30T15:14:15.860+0000] {dagbag.py:537} INFO - Filling up the DagBag from /opt/airflow/dags/parallel_dag.py
[2024-05-30T15:14:15.902+0000] {processor.py:766} INFO - DAG(s) dict_keys(['parallel_dag']) retrieved from /opt/airflow/dags/parallel_dag.py
[2024-05-30T15:14:15.977+0000] {logging_mixin.py:120} INFO - [2024-05-30T15:14:15.977+0000] {dag.py:2585} INFO - Sync 1 DAGs
[2024-05-30T15:14:16.033+0000] {logging_mixin.py:120} INFO - [2024-05-30T15:14:16.032+0000] {dag.py:3340} INFO - Setting next_dagrun for parallel_dag to 2024-05-30T00:00:00+00:00, run_after=2024-05-31T00:00:00+00:00
[2024-05-30T15:14:16.068+0000] {processor.py:176} INFO - Processing /opt/airflow/dags/parallel_dag.py took 0.222 seconds
[2024-05-30T15:14:46.268+0000] {processor.py:154} INFO - Started process (PID=770) to work on /opt/airflow/dags/parallel_dag.py
[2024-05-30T15:14:46.271+0000] {processor.py:756} INFO - Processing file /opt/airflow/dags/parallel_dag.py for tasks to queue
[2024-05-30T15:14:46.273+0000] {logging_mixin.py:120} INFO - [2024-05-30T15:14:46.272+0000] {dagbag.py:537} INFO - Filling up the DagBag from /opt/airflow/dags/parallel_dag.py
[2024-05-30T15:14:46.320+0000] {processor.py:766} INFO - DAG(s) dict_keys(['parallel_dag']) retrieved from /opt/airflow/dags/parallel_dag.py
[2024-05-30T15:14:46.403+0000] {logging_mixin.py:120} INFO - [2024-05-30T15:14:46.403+0000] {dag.py:2585} INFO - Sync 1 DAGs
[2024-05-30T15:14:46.450+0000] {logging_mixin.py:120} INFO - [2024-05-30T15:14:46.449+0000] {dag.py:3340} INFO - Setting next_dagrun for parallel_dag to 2024-05-30T00:00:00+00:00, run_after=2024-05-31T00:00:00+00:00
[2024-05-30T15:14:46.489+0000] {processor.py:176} INFO - Processing /opt/airflow/dags/parallel_dag.py took 0.227 seconds
[2024-05-30T15:15:17.264+0000] {processor.py:154} INFO - Started process (PID=794) to work on /opt/airflow/dags/parallel_dag.py
[2024-05-30T15:15:17.267+0000] {processor.py:756} INFO - Processing file /opt/airflow/dags/parallel_dag.py for tasks to queue
[2024-05-30T15:15:17.272+0000] {logging_mixin.py:120} INFO - [2024-05-30T15:15:17.271+0000] {dagbag.py:537} INFO - Filling up the DagBag from /opt/airflow/dags/parallel_dag.py
[2024-05-30T15:15:17.328+0000] {processor.py:766} INFO - DAG(s) dict_keys(['parallel_dag']) retrieved from /opt/airflow/dags/parallel_dag.py
[2024-05-30T15:15:17.416+0000] {logging_mixin.py:120} INFO - [2024-05-30T15:15:17.416+0000] {dag.py:2585} INFO - Sync 1 DAGs
[2024-05-30T15:15:17.461+0000] {logging_mixin.py:120} INFO - [2024-05-30T15:15:17.461+0000] {dag.py:3340} INFO - Setting next_dagrun for parallel_dag to 2024-05-30T00:00:00+00:00, run_after=2024-05-31T00:00:00+00:00
[2024-05-30T15:15:17.498+0000] {processor.py:176} INFO - Processing /opt/airflow/dags/parallel_dag.py took 0.241 seconds
[2024-05-30T15:15:48.158+0000] {processor.py:154} INFO - Started process (PID=827) to work on /opt/airflow/dags/parallel_dag.py
[2024-05-30T15:15:48.162+0000] {processor.py:756} INFO - Processing file /opt/airflow/dags/parallel_dag.py for tasks to queue
[2024-05-30T15:15:48.165+0000] {logging_mixin.py:120} INFO - [2024-05-30T15:15:48.164+0000] {dagbag.py:537} INFO - Filling up the DagBag from /opt/airflow/dags/parallel_dag.py
[2024-05-30T15:15:48.222+0000] {processor.py:766} INFO - DAG(s) dict_keys(['parallel_dag']) retrieved from /opt/airflow/dags/parallel_dag.py
[2024-05-30T15:15:48.347+0000] {logging_mixin.py:120} INFO - [2024-05-30T15:15:48.346+0000] {dag.py:2585} INFO - Sync 1 DAGs
[2024-05-30T15:15:48.448+0000] {logging_mixin.py:120} INFO - [2024-05-30T15:15:48.447+0000] {dag.py:3340} INFO - Setting next_dagrun for parallel_dag to 2024-05-30T00:00:00+00:00, run_after=2024-05-31T00:00:00+00:00
[2024-05-30T15:15:48.495+0000] {processor.py:176} INFO - Processing /opt/airflow/dags/parallel_dag.py took 0.346 seconds
[2024-05-30T15:16:19.500+0000] {processor.py:154} INFO - Started process (PID=852) to work on /opt/airflow/dags/parallel_dag.py
[2024-05-30T15:16:19.502+0000] {processor.py:756} INFO - Processing file /opt/airflow/dags/parallel_dag.py for tasks to queue
[2024-05-30T15:16:19.504+0000] {logging_mixin.py:120} INFO - [2024-05-30T15:16:19.504+0000] {dagbag.py:537} INFO - Filling up the DagBag from /opt/airflow/dags/parallel_dag.py
[2024-05-30T15:16:19.548+0000] {processor.py:766} INFO - DAG(s) dict_keys(['parallel_dag']) retrieved from /opt/airflow/dags/parallel_dag.py
[2024-05-30T15:16:19.623+0000] {logging_mixin.py:120} INFO - [2024-05-30T15:16:19.623+0000] {dag.py:2585} INFO - Sync 1 DAGs
[2024-05-30T15:16:19.669+0000] {logging_mixin.py:120} INFO - [2024-05-30T15:16:19.668+0000] {dag.py:3340} INFO - Setting next_dagrun for parallel_dag to 2024-05-30T00:00:00+00:00, run_after=2024-05-31T00:00:00+00:00
[2024-05-30T15:16:19.706+0000] {processor.py:176} INFO - Processing /opt/airflow/dags/parallel_dag.py took 0.211 seconds
[2024-05-30T15:16:50.466+0000] {processor.py:154} INFO - Started process (PID=876) to work on /opt/airflow/dags/parallel_dag.py
[2024-05-30T15:16:50.470+0000] {processor.py:756} INFO - Processing file /opt/airflow/dags/parallel_dag.py for tasks to queue
[2024-05-30T15:16:50.473+0000] {logging_mixin.py:120} INFO - [2024-05-30T15:16:50.472+0000] {dagbag.py:537} INFO - Filling up the DagBag from /opt/airflow/dags/parallel_dag.py
[2024-05-30T15:16:50.518+0000] {processor.py:766} INFO - DAG(s) dict_keys(['parallel_dag']) retrieved from /opt/airflow/dags/parallel_dag.py
[2024-05-30T15:16:50.598+0000] {logging_mixin.py:120} INFO - [2024-05-30T15:16:50.598+0000] {dag.py:2585} INFO - Sync 1 DAGs
[2024-05-30T15:16:50.650+0000] {logging_mixin.py:120} INFO - [2024-05-30T15:16:50.650+0000] {dag.py:3340} INFO - Setting next_dagrun for parallel_dag to 2024-05-30T00:00:00+00:00, run_after=2024-05-31T00:00:00+00:00
[2024-05-30T15:16:50.736+0000] {processor.py:176} INFO - Processing /opt/airflow/dags/parallel_dag.py took 0.276 seconds
[2024-05-30T15:17:21.487+0000] {processor.py:154} INFO - Started process (PID=909) to work on /opt/airflow/dags/parallel_dag.py
[2024-05-30T15:17:21.489+0000] {processor.py:756} INFO - Processing file /opt/airflow/dags/parallel_dag.py for tasks to queue
[2024-05-30T15:17:21.491+0000] {logging_mixin.py:120} INFO - [2024-05-30T15:17:21.491+0000] {dagbag.py:537} INFO - Filling up the DagBag from /opt/airflow/dags/parallel_dag.py
[2024-05-30T15:17:21.530+0000] {processor.py:766} INFO - DAG(s) dict_keys(['parallel_dag']) retrieved from /opt/airflow/dags/parallel_dag.py
[2024-05-30T15:17:21.617+0000] {logging_mixin.py:120} INFO - [2024-05-30T15:17:21.617+0000] {dag.py:2585} INFO - Sync 1 DAGs
[2024-05-30T15:17:21.666+0000] {logging_mixin.py:120} INFO - [2024-05-30T15:17:21.666+0000] {dag.py:3340} INFO - Setting next_dagrun for parallel_dag to 2024-05-30T00:00:00+00:00, run_after=2024-05-31T00:00:00+00:00
[2024-05-30T15:17:21.702+0000] {processor.py:176} INFO - Processing /opt/airflow/dags/parallel_dag.py took 0.220 seconds
[2024-05-30T15:17:52.497+0000] {processor.py:154} INFO - Started process (PID=933) to work on /opt/airflow/dags/parallel_dag.py
[2024-05-30T15:17:52.499+0000] {processor.py:756} INFO - Processing file /opt/airflow/dags/parallel_dag.py for tasks to queue
[2024-05-30T15:17:52.501+0000] {logging_mixin.py:120} INFO - [2024-05-30T15:17:52.500+0000] {dagbag.py:537} INFO - Filling up the DagBag from /opt/airflow/dags/parallel_dag.py
[2024-05-30T15:17:52.555+0000] {processor.py:766} INFO - DAG(s) dict_keys(['parallel_dag']) retrieved from /opt/airflow/dags/parallel_dag.py
[2024-05-30T15:17:52.637+0000] {logging_mixin.py:120} INFO - [2024-05-30T15:17:52.636+0000] {dag.py:2585} INFO - Sync 1 DAGs
[2024-05-30T15:17:52.681+0000] {logging_mixin.py:120} INFO - [2024-05-30T15:17:52.681+0000] {dag.py:3340} INFO - Setting next_dagrun for parallel_dag to 2024-05-30T00:00:00+00:00, run_after=2024-05-31T00:00:00+00:00
[2024-05-30T15:17:52.717+0000] {processor.py:176} INFO - Processing /opt/airflow/dags/parallel_dag.py took 0.230 seconds
[2024-05-30T15:18:23.663+0000] {processor.py:154} INFO - Started process (PID=966) to work on /opt/airflow/dags/parallel_dag.py
[2024-05-30T15:18:23.665+0000] {processor.py:756} INFO - Processing file /opt/airflow/dags/parallel_dag.py for tasks to queue
[2024-05-30T15:18:23.669+0000] {logging_mixin.py:120} INFO - [2024-05-30T15:18:23.669+0000] {dagbag.py:537} INFO - Filling up the DagBag from /opt/airflow/dags/parallel_dag.py
[2024-05-30T15:18:23.727+0000] {processor.py:766} INFO - DAG(s) dict_keys(['parallel_dag']) retrieved from /opt/airflow/dags/parallel_dag.py
[2024-05-30T15:18:23.846+0000] {logging_mixin.py:120} INFO - [2024-05-30T15:18:23.846+0000] {dag.py:2585} INFO - Sync 1 DAGs
[2024-05-30T15:18:23.919+0000] {logging_mixin.py:120} INFO - [2024-05-30T15:18:23.919+0000] {dag.py:3340} INFO - Setting next_dagrun for parallel_dag to 2024-05-30T00:00:00+00:00, run_after=2024-05-31T00:00:00+00:00
[2024-05-30T15:18:23.966+0000] {processor.py:176} INFO - Processing /opt/airflow/dags/parallel_dag.py took 0.310 seconds
[2024-05-30T15:18:54.399+0000] {processor.py:154} INFO - Started process (PID=990) to work on /opt/airflow/dags/parallel_dag.py
[2024-05-30T15:18:54.401+0000] {processor.py:756} INFO - Processing file /opt/airflow/dags/parallel_dag.py for tasks to queue
[2024-05-30T15:18:54.403+0000] {logging_mixin.py:120} INFO - [2024-05-30T15:18:54.403+0000] {dagbag.py:537} INFO - Filling up the DagBag from /opt/airflow/dags/parallel_dag.py
[2024-05-30T15:18:54.447+0000] {processor.py:766} INFO - DAG(s) dict_keys(['parallel_dag']) retrieved from /opt/airflow/dags/parallel_dag.py
[2024-05-30T15:18:54.544+0000] {logging_mixin.py:120} INFO - [2024-05-30T15:18:54.543+0000] {dag.py:2585} INFO - Sync 1 DAGs
[2024-05-30T15:18:54.600+0000] {logging_mixin.py:120} INFO - [2024-05-30T15:18:54.600+0000] {dag.py:3340} INFO - Setting next_dagrun for parallel_dag to 2024-05-30T00:00:00+00:00, run_after=2024-05-31T00:00:00+00:00
[2024-05-30T15:18:54.644+0000] {processor.py:176} INFO - Processing /opt/airflow/dags/parallel_dag.py took 0.251 seconds
[2024-05-30T15:19:27.668+0000] {processor.py:154} INFO - Started process (PID=1014) to work on /opt/airflow/dags/parallel_dag.py
[2024-05-30T15:19:27.670+0000] {processor.py:756} INFO - Processing file /opt/airflow/dags/parallel_dag.py for tasks to queue
[2024-05-30T15:19:27.673+0000] {logging_mixin.py:120} INFO - [2024-05-30T15:19:27.672+0000] {dagbag.py:537} INFO - Filling up the DagBag from /opt/airflow/dags/parallel_dag.py
[2024-05-30T15:19:27.728+0000] {processor.py:766} INFO - DAG(s) dict_keys(['parallel_dag']) retrieved from /opt/airflow/dags/parallel_dag.py
[2024-05-30T15:19:27.859+0000] {logging_mixin.py:120} INFO - [2024-05-30T15:19:27.859+0000] {dag.py:2585} INFO - Sync 1 DAGs
[2024-05-30T15:19:27.937+0000] {logging_mixin.py:120} INFO - [2024-05-30T15:19:27.937+0000] {dag.py:3340} INFO - Setting next_dagrun for parallel_dag to 2024-05-30T00:00:00+00:00, run_after=2024-05-31T00:00:00+00:00
[2024-05-30T15:19:27.999+0000] {processor.py:176} INFO - Processing /opt/airflow/dags/parallel_dag.py took 0.337 seconds
[2024-05-30T15:19:58.477+0000] {processor.py:154} INFO - Started process (PID=1034) to work on /opt/airflow/dags/parallel_dag.py
[2024-05-30T15:19:58.482+0000] {processor.py:756} INFO - Processing file /opt/airflow/dags/parallel_dag.py for tasks to queue
[2024-05-30T15:19:58.484+0000] {logging_mixin.py:120} INFO - [2024-05-30T15:19:58.484+0000] {dagbag.py:537} INFO - Filling up the DagBag from /opt/airflow/dags/parallel_dag.py
[2024-05-30T15:19:58.556+0000] {processor.py:766} INFO - DAG(s) dict_keys(['parallel_dag']) retrieved from /opt/airflow/dags/parallel_dag.py
[2024-05-30T15:19:58.679+0000] {logging_mixin.py:120} INFO - [2024-05-30T15:19:58.679+0000] {dag.py:2585} INFO - Sync 1 DAGs
[2024-05-30T15:19:58.766+0000] {logging_mixin.py:120} INFO - [2024-05-30T15:19:58.766+0000] {dag.py:3340} INFO - Setting next_dagrun for parallel_dag to 2024-05-30T00:00:00+00:00, run_after=2024-05-31T00:00:00+00:00
[2024-05-30T15:19:58.867+0000] {processor.py:176} INFO - Processing /opt/airflow/dags/parallel_dag.py took 0.401 seconds
[2024-05-30T15:20:29.343+0000] {processor.py:154} INFO - Started process (PID=1059) to work on /opt/airflow/dags/parallel_dag.py
[2024-05-30T15:20:29.347+0000] {processor.py:756} INFO - Processing file /opt/airflow/dags/parallel_dag.py for tasks to queue
[2024-05-30T15:20:29.351+0000] {logging_mixin.py:120} INFO - [2024-05-30T15:20:29.351+0000] {dagbag.py:537} INFO - Filling up the DagBag from /opt/airflow/dags/parallel_dag.py
[2024-05-30T15:20:29.426+0000] {processor.py:766} INFO - DAG(s) dict_keys(['parallel_dag']) retrieved from /opt/airflow/dags/parallel_dag.py
[2024-05-30T15:20:29.538+0000] {logging_mixin.py:120} INFO - [2024-05-30T15:20:29.538+0000] {dag.py:2585} INFO - Sync 1 DAGs
[2024-05-30T15:20:29.594+0000] {logging_mixin.py:120} INFO - [2024-05-30T15:20:29.594+0000] {dag.py:3340} INFO - Setting next_dagrun for parallel_dag to 2024-05-30T00:00:00+00:00, run_after=2024-05-31T00:00:00+00:00
[2024-05-30T15:20:29.839+0000] {processor.py:176} INFO - Processing /opt/airflow/dags/parallel_dag.py took 0.508 seconds
[2024-05-30T15:25:47.861+0000] {processor.py:154} INFO - Started process (PID=111) to work on /opt/airflow/dags/parallel_dag.py
[2024-05-30T15:25:47.940+0000] {processor.py:756} INFO - Processing file /opt/airflow/dags/parallel_dag.py for tasks to queue
[2024-05-30T15:25:47.942+0000] {logging_mixin.py:120} INFO - [2024-05-30T15:25:47.942+0000] {dagbag.py:537} INFO - Filling up the DagBag from /opt/airflow/dags/parallel_dag.py
[2024-05-30T15:25:48.553+0000] {processor.py:766} INFO - DAG(s) dict_keys(['parallel_dag']) retrieved from /opt/airflow/dags/parallel_dag.py
[2024-05-30T15:25:49.514+0000] {logging_mixin.py:120} INFO - [2024-05-30T15:25:49.514+0000] {dag.py:2585} INFO - Sync 1 DAGs
[2024-05-30T15:25:49.866+0000] {logging_mixin.py:120} INFO - [2024-05-30T15:25:49.866+0000] {dag.py:3340} INFO - Setting next_dagrun for parallel_dag to 2024-05-30T00:00:00+00:00, run_after=2024-05-31T00:00:00+00:00
[2024-05-30T15:25:50.277+0000] {processor.py:176} INFO - Processing /opt/airflow/dags/parallel_dag.py took 2.440 seconds
[2024-05-30T15:26:21.395+0000] {processor.py:154} INFO - Started process (PID=135) to work on /opt/airflow/dags/parallel_dag.py
[2024-05-30T15:26:21.413+0000] {processor.py:756} INFO - Processing file /opt/airflow/dags/parallel_dag.py for tasks to queue
[2024-05-30T15:26:21.454+0000] {logging_mixin.py:120} INFO - [2024-05-30T15:26:21.441+0000] {dagbag.py:537} INFO - Filling up the DagBag from /opt/airflow/dags/parallel_dag.py
[2024-05-30T15:26:27.626+0000] {processor.py:766} INFO - DAG(s) dict_keys(['parallel_dag']) retrieved from /opt/airflow/dags/parallel_dag.py
[2024-05-30T15:27:03.330+0000] {logging_mixin.py:120} INFO - [2024-05-30T15:27:03.330+0000] {dag.py:2585} INFO - Sync 1 DAGs
[2024-05-30T15:27:52.786+0000] {processor.py:154} INFO - Started process (PID=163) to work on /opt/airflow/dags/parallel_dag.py
[2024-05-30T15:27:52.826+0000] {processor.py:756} INFO - Processing file /opt/airflow/dags/parallel_dag.py for tasks to queue
[2024-05-30T15:27:52.831+0000] {logging_mixin.py:120} INFO - [2024-05-30T15:27:52.831+0000] {dagbag.py:537} INFO - Filling up the DagBag from /opt/airflow/dags/parallel_dag.py
[2024-05-30T15:30:07.902+0000] {processor.py:154} INFO - Started process (PID=176) to work on /opt/airflow/dags/parallel_dag.py
[2024-05-30T15:30:08.204+0000] {processor.py:756} INFO - Processing file /opt/airflow/dags/parallel_dag.py for tasks to queue
[2024-05-30T15:30:08.494+0000] {logging_mixin.py:120} INFO - [2024-05-30T15:30:08.440+0000] {dagbag.py:537} INFO - Filling up the DagBag from /opt/airflow/dags/parallel_dag.py
[2024-05-30T15:30:28.485+0000] {processor.py:766} INFO - DAG(s) dict_keys(['parallel_dag']) retrieved from /opt/airflow/dags/parallel_dag.py
[2024-05-30T15:30:33.499+0000] {logging_mixin.py:120} INFO - [2024-05-30T15:30:33.498+0000] {dag.py:2585} INFO - Sync 1 DAGs
[2024-05-30T15:30:35.075+0000] {logging_mixin.py:120} INFO - [2024-05-30T15:30:35.052+0000] {dag.py:3340} INFO - Setting next_dagrun for parallel_dag to 2024-05-30T00:00:00+00:00, run_after=2024-05-31T00:00:00+00:00
[2024-05-30T15:30:38.330+0000] {processor.py:176} INFO - Processing /opt/airflow/dags/parallel_dag.py took 33.403 seconds
[2024-05-30T15:31:11.856+0000] {processor.py:154} INFO - Started process (PID=206) to work on /opt/airflow/dags/parallel_dag.py
[2024-05-30T15:31:11.935+0000] {processor.py:756} INFO - Processing file /opt/airflow/dags/parallel_dag.py for tasks to queue
[2024-05-30T15:31:11.996+0000] {logging_mixin.py:120} INFO - [2024-05-30T15:31:11.992+0000] {dagbag.py:537} INFO - Filling up the DagBag from /opt/airflow/dags/parallel_dag.py
[2024-05-30T15:31:19.300+0000] {processor.py:766} INFO - DAG(s) dict_keys(['parallel_dag']) retrieved from /opt/airflow/dags/parallel_dag.py
[2024-05-30T15:31:24.513+0000] {logging_mixin.py:120} INFO - [2024-05-30T15:31:24.512+0000] {dag.py:2585} INFO - Sync 1 DAGs
[2024-05-30T15:31:27.128+0000] {logging_mixin.py:120} INFO - [2024-05-30T15:31:27.096+0000] {dag.py:3340} INFO - Setting next_dagrun for parallel_dag to 2024-05-30T00:00:00+00:00, run_after=2024-05-31T00:00:00+00:00
[2024-05-30T15:31:27.903+0000] {processor.py:176} INFO - Processing /opt/airflow/dags/parallel_dag.py took 16.112 seconds
[2024-05-30T15:32:15.277+0000] {processor.py:154} INFO - Started process (PID=242) to work on /opt/airflow/dags/parallel_dag.py
[2024-05-30T15:32:15.319+0000] {processor.py:756} INFO - Processing file /opt/airflow/dags/parallel_dag.py for tasks to queue
[2024-05-30T15:32:15.345+0000] {logging_mixin.py:120} INFO - [2024-05-30T15:32:15.345+0000] {dagbag.py:537} INFO - Filling up the DagBag from /opt/airflow/dags/parallel_dag.py
[2024-05-30T15:32:16.353+0000] {processor.py:766} INFO - DAG(s) dict_keys(['parallel_dag']) retrieved from /opt/airflow/dags/parallel_dag.py
[2024-05-30T15:32:16.653+0000] {logging_mixin.py:120} INFO - [2024-05-30T15:32:16.652+0000] {dag.py:2585} INFO - Sync 1 DAGs
[2024-05-30T15:32:16.947+0000] {logging_mixin.py:120} INFO - [2024-05-30T15:32:16.946+0000] {dag.py:3340} INFO - Setting next_dagrun for parallel_dag to 2024-05-30T00:00:00+00:00, run_after=2024-05-31T00:00:00+00:00
[2024-05-30T15:32:17.179+0000] {processor.py:176} INFO - Processing /opt/airflow/dags/parallel_dag.py took 2.007 seconds
[2024-05-30T15:32:48.145+0000] {processor.py:154} INFO - Started process (PID=263) to work on /opt/airflow/dags/parallel_dag.py
[2024-05-30T15:32:48.163+0000] {processor.py:756} INFO - Processing file /opt/airflow/dags/parallel_dag.py for tasks to queue
[2024-05-30T15:32:48.180+0000] {logging_mixin.py:120} INFO - [2024-05-30T15:32:48.178+0000] {dagbag.py:537} INFO - Filling up the DagBag from /opt/airflow/dags/parallel_dag.py
[2024-05-30T15:32:48.932+0000] {processor.py:766} INFO - DAG(s) dict_keys(['parallel_dag']) retrieved from /opt/airflow/dags/parallel_dag.py
[2024-05-30T15:32:50.291+0000] {logging_mixin.py:120} INFO - [2024-05-30T15:32:50.290+0000] {dag.py:2585} INFO - Sync 1 DAGs
[2024-05-30T15:32:52.869+0000] {logging_mixin.py:120} INFO - [2024-05-30T15:32:52.851+0000] {dag.py:3340} INFO - Setting next_dagrun for parallel_dag to 2024-05-30T00:00:00+00:00, run_after=2024-05-31T00:00:00+00:00
[2024-05-30T15:32:53.767+0000] {processor.py:176} INFO - Processing /opt/airflow/dags/parallel_dag.py took 5.715 seconds
[2024-05-30T15:33:55.513+0000] {processor.py:154} INFO - Started process (PID=281) to work on /opt/airflow/dags/parallel_dag.py
[2024-05-30T15:33:55.566+0000] {processor.py:756} INFO - Processing file /opt/airflow/dags/parallel_dag.py for tasks to queue
[2024-05-30T15:33:55.609+0000] {logging_mixin.py:120} INFO - [2024-05-30T15:33:55.601+0000] {dagbag.py:537} INFO - Filling up the DagBag from /opt/airflow/dags/parallel_dag.py
[2024-05-30T15:34:20.961+0000] {processor.py:766} INFO - DAG(s) dict_keys(['parallel_dag']) retrieved from /opt/airflow/dags/parallel_dag.py
[2024-05-30T15:35:23.506+0000] {processor.py:154} INFO - Started process (PID=304) to work on /opt/airflow/dags/parallel_dag.py
[2024-05-30T15:35:23.554+0000] {processor.py:756} INFO - Processing file /opt/airflow/dags/parallel_dag.py for tasks to queue
[2024-05-30T15:35:23.899+0000] {logging_mixin.py:120} INFO - [2024-05-30T15:35:23.887+0000] {dagbag.py:537} INFO - Filling up the DagBag from /opt/airflow/dags/parallel_dag.py
[2024-05-30T15:36:02.661+0000] {logging_mixin.py:120} INFO - [2024-05-30T15:36:02.234+0000] {timeout.py:68} ERROR - Process timed out, PID: 304
[2024-05-30T15:36:04.812+0000] {logging_mixin.py:120} INFO - [2024-05-30T15:36:02.751+0000] {dagbag.py:342} ERROR - Failed to import: /opt/airflow/dags/parallel_dag.py
Traceback (most recent call last):
  File "/home/airflow/.local/lib/python3.7/site-packages/airflow/models/dagbag.py", line 338, in parse
    loader.exec_module(new_module)
  File "<frozen importlib._bootstrap_external>", line 728, in exec_module
  File "<frozen importlib._bootstrap>", line 219, in _call_with_frames_removed
  File "/opt/airflow/dags/parallel_dag.py", line 7, in <module>
    schedule_interval='@daily', catchup=False) as dag:
  File "/home/airflow/.local/lib/python3.7/site-packages/airflow/models/dag.py", line 502, in __init__
    if isinstance(schedule, Collection) and not isinstance(schedule, str):
  File "/usr/local/lib/python3.7/typing.py", line 716, in __instancecheck__
    return self.__subclasscheck__(type(obj))
  File "/usr/local/lib/python3.7/typing.py", line 721, in __subclasscheck__
    return issubclass(cls, self.__origin__)
  File "/usr/local/lib/python3.7/abc.py", line 143, in __subclasscheck__
    return _abc_subclasscheck(cls, subclass)
  File "/usr/local/lib/python3.7/abc.py", line 143, in __subclasscheck__
    return _abc_subclasscheck(cls, subclass)
  File "/usr/local/lib/python3.7/abc.py", line 143, in __subclasscheck__
    return _abc_subclasscheck(cls, subclass)
  [Previous line repeated 1 more time]
  File "/home/airflow/.local/lib/python3.7/site-packages/airflow/utils/timeout.py", line 69, in handle_timeout
    raise AirflowTaskTimeout(self.error_message)
airflow.exceptions.AirflowTaskTimeout: DagBag import timeout for /opt/airflow/dags/parallel_dag.py after 30.0s.
Please take a look at these docs to improve your DAG import time:
* https://airflow.apache.org/docs/apache-airflow/2.4.2/best-practices.html#top-level-python-code
* https://airflow.apache.org/docs/apache-airflow/2.4.2/best-practices.html#reducing-dag-complexity, PID: 304
[2024-05-30T15:36:05.003+0000] {processor.py:768} WARNING - No viable dags retrieved from /opt/airflow/dags/parallel_dag.py
