[2024-05-30T06:56:22.486+0000] {taskinstance.py:1165} INFO - Dependencies all met for <TaskInstance: example_bash_operator.runme_0 scheduled__2024-05-29T00:00:00+00:00 [queued]>
[2024-05-30T06:56:22.850+0000] {taskinstance.py:1165} INFO - Dependencies all met for <TaskInstance: example_bash_operator.runme_0 scheduled__2024-05-29T00:00:00+00:00 [queued]>
[2024-05-30T06:56:22.874+0000] {taskinstance.py:1362} INFO - 
--------------------------------------------------------------------------------
[2024-05-30T06:56:22.884+0000] {taskinstance.py:1363} INFO - Starting attempt 1 of 1
[2024-05-30T06:56:22.893+0000] {taskinstance.py:1364} INFO - 
--------------------------------------------------------------------------------
[2024-05-30T06:56:24.301+0000] {taskinstance.py:1383} INFO - Executing <Task(BashOperator): runme_0> on 2024-05-29 00:00:00+00:00
[2024-05-30T06:56:24.337+0000] {standard_task_runner.py:55} INFO - Started process 7147 to run task
[2024-05-30T06:56:24.462+0000] {standard_task_runner.py:82} INFO - Running: ['***', 'tasks', 'run', 'example_bash_operator', 'runme_0', 'scheduled__2024-05-29T00:00:00+00:00', '--job-id', '66', '--raw', '--subdir', '/home/***/.local/lib/python3.7/site-packages/***/example_dags/example_bash_operator.py', '--cfg-path', '/tmp/tmp2moareo5']
[2024-05-30T06:56:24.493+0000] {standard_task_runner.py:83} INFO - Job 66: Subtask runme_0
[2024-05-30T06:56:25.804+0000] {task_command.py:376} INFO - Running <TaskInstance: example_bash_operator.runme_0 scheduled__2024-05-29T00:00:00+00:00 [running]> on host 4b56679d13b8
[2024-05-30T06:56:29.014+0000] {taskinstance.py:1592} INFO - Exporting the following env vars:
AIRFLOW_CTX_DAG_OWNER=***
AIRFLOW_CTX_DAG_ID=example_bash_operator
AIRFLOW_CTX_TASK_ID=runme_0
AIRFLOW_CTX_EXECUTION_DATE=2024-05-29T00:00:00+00:00
AIRFLOW_CTX_TRY_NUMBER=1
AIRFLOW_CTX_DAG_RUN_ID=scheduled__2024-05-29T00:00:00+00:00
[2024-05-30T06:56:29.066+0000] {subprocess.py:63} INFO - Tmp dir root location: 
 /tmp
[2024-05-30T06:56:29.100+0000] {subprocess.py:75} INFO - Running command: ['/bin/bash', '-c', 'echo "example_bash_operator__runme_0__20240529" && sleep 1']
[2024-05-30T06:56:29.247+0000] {subprocess.py:86} INFO - Output:
[2024-05-30T06:56:29.279+0000] {subprocess.py:93} INFO - example_bash_operator__runme_0__20240529
[2024-05-30T06:56:30.321+0000] {subprocess.py:97} INFO - Command exited with return code 0
[2024-05-30T06:56:30.908+0000] {taskinstance.py:1406} INFO - Marking task as SUCCESS. dag_id=example_bash_operator, task_id=runme_0, execution_date=20240529T000000, start_date=20240530T065622, end_date=20240530T065630
[2024-05-30T06:56:31.415+0000] {local_task_job.py:164} INFO - Task exited with return code 0
[2024-05-30T06:56:31.805+0000] {local_task_job.py:273} INFO - 0 downstream tasks scheduled from follow-on schedule check
